#
# There is insufficient memory for the Java Runtime Environment to continue.
# Native memory allocation (mmap) failed to map 65536 bytes for Failed to commit metaspace.
# Possible reasons:
#   The system is out of physical RAM or swap space
#   The process is running with CompressedOops enabled, and the Java Heap may be blocking the growth of the native heap
# Possible solutions:
#   Reduce memory load on the system
#   Increase physical memory or swap space
#   Check if swap backing store is full
#   Decrease Java heap size (-Xmx/-Xms)
#   Decrease number of Java threads
#   Decrease Java thread stack sizes (-Xss)
#   Set larger code cache with -XX:ReservedCodeCacheSize=
#   JVM is running with Unscaled Compressed Oops mode in which the Java heap is
#     placed in the first 4GB address space. The Java Heap base address is the
#     maximum limit for the native heap growth. Please use -XX:HeapBaseMinAddress
#     to set the Java Heap base and to place the Java Heap above 4GB virtual address.
# This output file may be truncated or incomplete.
#
#  Out of Memory Error (virtualSpaceNode.cpp:110), pid=9288, tid=9344
#
# JRE version: Java(TM) SE Runtime Environment (20.0.1+9) (build 20.0.1+9-29)
# Java VM: Java HotSpot(TM) 64-Bit Server VM (20.0.1+9-29, mixed mode, sharing, tiered, compressed oops, compressed class ptrs, g1 gc, windows-amd64)
# No core dump will be written. Minidumps are not enabled by default on client versions of Windows
#

---------------  S U M M A R Y ------------

Command Line: -ea -Didea.test.cyclic.buffer.size=1048576 -javaagent:C:\Program Files\JetBrains\IntelliJ IDEA 2023.1.1\lib\idea_rt.jar=60348:C:\Program Files\JetBrains\IntelliJ IDEA 2023.1.1\bin -Dfile.encoding=UTF-8 -Dsun.stdout.encoding=UTF-8 -Dsun.stderr.encoding=UTF-8 com.intellij.rt.junit.JUnitStarter -ideVersion5 -junit5 com.example.TDDSpringProject.OrderEntityRepoTest,testReadOrderById

Host: Intel(R) Core(TM) i5-8350U CPU @ 1.70GHz, 8 cores, 7G,  Windows 10 , 64 bit Build 19041 (10.0.19041.3031)
Time: Fri Jul  7 16:37:23 2023 Eastern Daylight Time elapsed time: 1.997147 seconds (0d 0h 0m 1s)

---------------  T H R E A D  ---------------

Current thread (0x000001bcb2bcce20):  JavaThread "background-preinit" [_thread_in_vm, id=9344, stack(0x0000009f94800000,0x0000009f94900000)]

Stack: [0x0000009f94800000,0x0000009f94900000]
Native frames: (J=compiled Java code, j=interpreted, Vv=VM code, C=native code)
V  [jvm.dll+0x6bb95a]
V  [jvm.dll+0x8485fa]
V  [jvm.dll+0x84a1f5]
V  [jvm.dll+0x84a8f3]
V  [jvm.dll+0x280b0f]
V  [jvm.dll+0x84453b]
V  [jvm.dll+0x65fd86]
V  [jvm.dll+0x1eb4e7]
V  [jvm.dll+0x6627a2]
V  [jvm.dll+0x66258e]
V  [jvm.dll+0x66079e]
V  [jvm.dll+0x26c66f]
V  [jvm.dll+0x66add5]
V  [jvm.dll+0x21b442]
V  [jvm.dll+0x21b975]
V  [jvm.dll+0x21c361]
V  [jvm.dll+0x211780]
V  [jvm.dll+0x59c26c]
V  [jvm.dll+0x7c3693]
V  [jvm.dll+0x7c3774]
V  [jvm.dll+0x46c524]
V  [jvm.dll+0x471a88]
C  [java.dll+0x17ec]

Java frames: (J=compiled Java code, j=interpreted, Vv=VM code)
J 1145  java.lang.ClassLoader.defineClass1(Ljava/lang/ClassLoader;Ljava/lang/String;[BIILjava/security/ProtectionDomain;Ljava/lang/String;)Ljava/lang/Class; java.base@20.0.1 (0 bytes) @ 0x000001bc9ffaf771 [0x000001bc9ffaf6a0+0x00000000000000d1]
J 1187 c1 java.lang.ClassLoader.defineClass(Ljava/lang/String;[BIILjava/security/ProtectionDomain;)Ljava/lang/Class; java.base@20.0.1 (43 bytes) @ 0x000001bc986a065c [0x000001bc986a0300+0x000000000000035c]
J 1299 c1 java.security.SecureClassLoader.defineClass(Ljava/lang/String;[BIILjava/security/CodeSource;)Ljava/lang/Class; java.base@20.0.1 (16 bytes) @ 0x000001bc986d4274 [0x000001bc986d41a0+0x00000000000000d4]
J 1123 c1 jdk.internal.loader.BuiltinClassLoader.defineClass(Ljava/lang/String;Ljdk/internal/loader/Resource;)Ljava/lang/Class; java.base@20.0.1 (121 bytes) @ 0x000001bc986745c4 [0x000001bc98673680+0x0000000000000f44]
J 856 c1 jdk.internal.loader.BuiltinClassLoader.findClassOnClassPathOrNull(Ljava/lang/String;)Ljava/lang/Class; java.base@20.0.1 (64 bytes) @ 0x000001bc985edc74 [0x000001bc985ecf60+0x0000000000000d14]
J 612 c1 jdk.internal.loader.BuiltinClassLoader.loadClassOrNull(Ljava/lang/String;Z)Ljava/lang/Class; java.base@20.0.1 (143 bytes) @ 0x000001bc9855d134 [0x000001bc9855c6c0+0x0000000000000a74]
J 739 c1 jdk.internal.loader.ClassLoaders$AppClassLoader.loadClass(Ljava/lang/String;Z)Ljava/lang/Class; java.base@20.0.1 (40 bytes) @ 0x000001bc9859944c [0x000001bc98599260+0x00000000000001ec]
J 738 c1 java.lang.ClassLoader.loadClass(Ljava/lang/String;)Ljava/lang/Class; java.base@20.0.1 (7 bytes) @ 0x000001bc98598f34 [0x000001bc98598e20+0x0000000000000114]
v  ~StubRoutines::call_stub 0x000001bc9f9b100d
j  org.hibernate.validator.internal.engine.ValidatorFactoryImpl.<init>(Ljakarta/validation/spi/ConfigurationState;)V+220
j  org.hibernate.validator.HibernateValidator.buildValidatorFactory(Ljakarta/validation/spi/ConfigurationState;)Ljakarta/validation/ValidatorFactory;+5
j  org.hibernate.validator.internal.engine.AbstractConfigurationImpl.buildValidatorFactory()Ljakarta/validation/ValidatorFactory;+211
j  org.springframework.boot.autoconfigure.BackgroundPreinitializer$ValidationInitializer.run()V+10
j  org.springframework.boot.autoconfigure.BackgroundPreinitializer$1.runSafely(Ljava/lang/Runnable;)Z+1
j  org.springframework.boot.autoconfigure.BackgroundPreinitializer$1.run()V+20
j  java.lang.Thread.runWith(Ljava/lang/Object;Ljava/lang/Runnable;)V+5 java.base@20.0.1
j  java.lang.Thread.run()V+19 java.base@20.0.1
v  ~StubRoutines::call_stub 0x000001bc9f9b100d

Compiled method (n/a)    2021 1145     n 0       java.lang.ClassLoader::defineClass1 (native)
 total in heap  [0x000001bc9ffaf510,0x000001bc9ffafb40] = 1584
 relocation     [0x000001bc9ffaf658,0x000001bc9ffaf690] = 56
 main code      [0x000001bc9ffaf6a0,0x000001bc9ffafb3e] = 1182
 stub code      [0x000001bc9ffafb3e,0x000001bc9ffafb40] = 2

[Constant Pool (empty)]

[MachCode]
[Entry Point]
  # {method} {0x00000008004365c8} 'defineClass1' '(Ljava/lang/ClassLoader;Ljava/lang/String;[BIILjava/security/ProtectionDomain;Ljava/lang/String;)Ljava/lang/Class;' in 'java/lang/ClassLoader'
  # parm0:    rdx:rdx   = 'java/lang/ClassLoader'
  # parm1:    r8:r8     = 'java/lang/String'
  # parm2:    r9:r9     = '[B'
  # parm3:    rdi       = int
  # parm4:    rsi       = int
  # parm5:    rcx:rcx   = 'java/security/ProtectionDomain'
  # parm6:    [sp+0xa0]   = 'java/lang/String'  (sp of caller)
  0x000001bc9ffaf6a0: 448b 5208 | 49bb 0000 | 0000 0800 | 0000 4d03 | d349 3bc2 | 0f84 0600 

  0x000001bc9ffaf6b8: ;   {runtime_call ic_miss_stub}
  0x000001bc9ffaf6b8: 0000 e941 | 47a6 ff90 
[Verified Entry Point]
  0x000001bc9ffaf6c0: 8984 2400 | 80ff ff55 | 488b ec48 | 81ec 9000 | 0000 6690 | 4181 7f20 | 0100 0000 

  0x000001bc9ffaf6dc: ;   {runtime_call StubRoutines (2)}
  0x000001bc9ffaf6dc: 7405 e83d | a6a4 ff48 | 837d 1000 | 488d 4510 | 480f 4445 | 1048 8944 | 2440 4889 | 4c24 7048 
  0x000001bc9ffaf6fc: 83f9 0048 | 8d44 2470 | 480f 4444 | 2470 4889 | 4424 3848 | 8974 2430 | 4889 7c24 | 284c 894c 
  0x000001bc9ffaf71c: 2458 4983 | f900 488d | 4424 5848 | 0f44 4424 | 5848 8944 | 2420 4c89 | 4424 5049 | 83f8 004c 
  0x000001bc9ffaf73c: 8d4c 2450 | 4c0f 444c | 2450 4889 | 5424 4848 | 83fa 004c | 8d44 2448 | 4c0f 4444 

  0x000001bc9ffaf758: ;   {oop(a 'java/lang/Class'{0x00000000822655b8} = 'java/lang/ClassLoader')}
  0x000001bc9ffaf758: 2448 49be | b855 2682 | 0000 0000 | 4c89 7424 | 784c 8d74 | 2478 498b | d6c5 f877 

  0x000001bc9ffaf774: ;   {internal_word}
  0x000001bc9ffaf774: 49ba 71f7 | fa9f bc01 | 0000 4d89 | 97c8 0200 | 0049 89a7 | c002 0000 

  0x000001bc9ffaf78c: ;   {external_word}
  0x000001bc9ffaf78c: 49ba e109 | f0f0 fa7f | 0000 4180 | 3a00 0f84 | 4e00 0000 | 5241 5041 

  0x000001bc9ffaf7a4: ;   {metadata({method} {0x00000008004365c8} 'defineClass1' '(Ljava/lang/ClassLoader;Ljava/lang/String;[BIILjava/security/ProtectionDomain;Ljava/lang/String;)Ljava/lang/Class;' in 'java/lang/ClassLoader')}
  0x000001bc9ffaf7a4: 5148 bac0 | 6543 0008 | 0000 0049 | 8bcf 4883 | ec20 40f6 | c40f 0f84 | 1900 0000 | 4883 ec08 
  0x000001bc9ffaf7c4: ;   {runtime_call}
  0x000001bc9ffaf7c4: 48b8 a006 | a7f0 fa7f | 0000 ffd0 | 4883 c408 | e90c 0000 

  0x000001bc9ffaf7d8: ;   {runtime_call}
  0x000001bc9ffaf7d8: 0048 b8a0 | 06a7 f0fa | 7f00 00ff | d048 83c4 | 2041 5941 | 585a 498d | 8fe0 0200 | 0041 c787 
  0x000001bc9ffaf7f8: 7403 0000 | 0400 0000 

  0x000001bc9ffaf800: ;   {runtime_call}
  0x000001bc9ffaf800: 48b8 ac16 | 0505 fb7f | 0000 ffd0 | c5f8 7741 | c787 7403 | 0000 0500 | 0000 f083 | 4424 c000 
  0x000001bc9ffaf820: 493b af78 | 0300 000f | 870e 0000 | 0041 83bf | 7003 0000 | 000f 842b | 0000 00c5 | f877 4889 
  0x000001bc9ffaf840: 45f8 498b | cf4c 8be4 | 4883 ec20 | 4883 e4f0 

  0x000001bc9ffaf850: ;   {runtime_call}
  0x000001bc9ffaf850: 48b8 60fc | 73f0 fa7f | 0000 ffd0 | 498b e44d | 33e4 488b | 45f8 41c7 | 8774 0300 | 0008 0000 
  0x000001bc9ffaf870: 0041 83bf | f003 0000 | 020f 8492 

  0x000001bc9ffaf87c: ;   {external_word}
  0x000001bc9ffaf87c: 0200 0049 | bae1 09f0 | f0fa 7f00 | 0041 803a | 000f 844c | 0000 0048 

  0x000001bc9ffaf894: ;   {metadata({method} {0x00000008004365c8} 'defineClass1' '(Ljava/lang/ClassLoader;Ljava/lang/String;[BIILjava/security/ProtectionDomain;Ljava/lang/String;)Ljava/lang/Class;' in 'java/lang/ClassLoader')}
  0x000001bc9ffaf894: 8945 f848 | bac0 6543 | 0008 0000 | 0049 8bcf | 4883 ec20 | 40f6 c40f | 0f84 1900 | 0000 4883 
  0x000001bc9ffaf8b4: ;   {runtime_call}
  0x000001bc9ffaf8b4: ec08 48b8 | a006 a7f0 | fa7f 0000 | ffd0 4883 | c408 e90c 

  0x000001bc9ffaf8c8: ;   {runtime_call}
  0x000001bc9ffaf8c8: 0000 0048 | b8a0 06a7 | f0fa 7f00 | 00ff d048 | 83c4 2048 | 8b45 f849 | c787 c002 | 0000 0000 
  0x000001bc9ffaf8e8: 0000 49c7 | 87c8 0200 | 0000 0000 | 00c5 f877 | 4885 c00f | 84ed 0100 | 00a8 010f | 84e2 0100 
  0x000001bc9ffaf908: 0048 8b40 | ff41 807f | 4000 0f84 | ce01 0000 | 4883 f800 | 0f84 c401 | 0000 498b | 4f28 4883 
  0x000001bc9ffaf928: f900 0f84 | 1400 0000 | 4883 e908 | 4989 4f28 | 4903 4f38 | 4889 01e9 | a201 0000 | 4881 ecd0 
  0x000001bc9ffaf948: 0000 0048 | 8904 2448 | 894c 2408 | 4889 5424 | 1048 8974 | 2418 4889 | 7c24 204c | 8944 2428 
  0x000001bc9ffaf968: 4c89 4c24 | 304c 8954 | 2438 4c89 | 5c24 40c5 | fb11 4424 | 50c5 fb11 | 4c24 58c5 | fb11 5424 
  0x000001bc9ffaf988: 60c5 fb11 | 5c24 68c5 | fb11 6424 | 70c5 fb11 | 6c24 78c5 | fb11 b424 | 8000 0000 | c5fb 11bc 
  0x000001bc9ffaf9a8: 2488 0000 | 00c5 7b11 | 8424 9000 | 0000 c57b | 118c 2498 | 0000 00c5 | 7b11 9424 | a000 0000 
  0x000001bc9ffaf9c8: c57b 119c | 24a8 0000 | 00c5 7b11 | a424 b000 | 0000 c57b | 11ac 24b8 | 0000 00c5 | 7b11 b424 
  0x000001bc9ffaf9e8: c000 0000 | c57b 11bc | 24c8 0000 | 0049 8bd7 | 488b c848 | 83ec 2040 | f6c4 0f0f | 8419 0000 
  0x000001bc9ffafa08: 0048 83ec 

  0x000001bc9ffafa0c: ;   {runtime_call}
  0x000001bc9ffafa0c: 0848 b800 | 3d67 f0fa | 7f00 00ff | d048 83c4 | 08e9 0c00 

  0x000001bc9ffafa20: ;   {runtime_call}
  0x000001bc9ffafa20: 0000 48b8 | 003d 67f0 | fa7f 0000 | ffd0 4883 | c420 c57b | 10bc 24c8 | 0000 00c5 | 7b10 b424 
  0x000001bc9ffafa40: c000 0000 | c57b 10ac | 24b8 0000 | 00c5 7b10 | a424 b000 | 0000 c57b | 109c 24a8 | 0000 00c5 
  0x000001bc9ffafa60: 7b10 9424 | a000 0000 | c57b 108c | 2498 0000 | 00c5 7b10 | 8424 9000 | 0000 c5fb | 10bc 2488 
  0x000001bc9ffafa80: 0000 00c5 | fb10 b424 | 8000 0000 | c5fb 106c | 2478 c5fb | 1064 2470 | c5fb 105c | 2468 c5fb 
  0x000001bc9ffafaa0: 1054 2460 | c5fb 104c | 2458 c5fb | 1044 2450 | 4c8b 5c24 | 404c 8b54 | 2438 4c8b | 4c24 304c 
  0x000001bc9ffafac0: 8b44 2428 | 488b 7c24 | 2048 8b74 | 2418 488b | 5424 1048 | 8b4c 2408 | 488b 0424 | 4881 c4d0 
  0x000001bc9ffafae0: 0000 00c5 | f877 e903 | 0000 0048 | 8b00 498b | 8f50 0300 | 00c7 8100 | 0100 0000 | 0000 00c9 
  0x000001bc9ffafb00: 4983 7f08 | 000f 8501 | 0000 00c3 

  0x000001bc9ffafb0c: ;   {runtime_call StubRoutines (1)}
  0x000001bc9ffafb0c: e9ef 13a0 | ffc5 f877 | 4889 45f8 | 4c8b e448 | 83ec 2048 

  0x000001bc9ffafb20: ;   {runtime_call}
  0x000001bc9ffafb20: 83e4 f048 | b840 3da7 | f0fa 7f00 | 00ff d049 | 8be4 4d33 | e448 8b45 | f8e9 41fd | ffff f4f4 
[/MachCode]


Compiled method (c1)    2031 1187       3       java.lang.ClassLoader::defineClass (43 bytes)
 total in heap  [0x000001bc986a0110,0x000001bc986a0a38] = 2344
 relocation     [0x000001bc986a0258,0x000001bc986a02f0] = 152
 main code      [0x000001bc986a0300,0x000001bc986a0790] = 1168
 stub code      [0x000001bc986a0790,0x000001bc986a0808] = 120
 metadata       [0x000001bc986a0808,0x000001bc986a0838] = 48
 scopes data    [0x000001bc986a0838,0x000001bc986a0928] = 240
 scopes pcs     [0x000001bc986a0928,0x000001bc986a0a08] = 224
 dependencies   [0x000001bc986a0a08,0x000001bc986a0a10] = 8
 nul chk table  [0x000001bc986a0a10,0x000001bc986a0a38] = 40

[Constant Pool (empty)]

[MachCode]
[Entry Point]
  # {method} {0x00000008004368f0} 'defineClass' '(Ljava/lang/String;[BIILjava/security/ProtectionDomain;)Ljava/lang/Class;' in 'java/lang/ClassLoader'
  # this:     rdx:rdx   = 'java/lang/ClassLoader'
  # parm0:    r8:r8     = 'java/lang/String'
  # parm1:    r9:r9     = '[B'
  # parm2:    rdi       = int
  # parm3:    rsi       = int
  # parm4:    rcx:rcx   = 'java/security/ProtectionDomain'
  #           [sp+0xc0]  (sp of caller)
  0x000001bc986a0300: 448b 5208 | 49bb 0000 | 0000 0800 | 0000 4d03 | d34c 3bd0 

  0x000001bc986a0314: ;   {runtime_call ic_miss_stub}
  0x000001bc986a0314: 0f85 e63a | 3707 660f | 1f44 0000 
[Verified Entry Point]
  0x000001bc986a0320: 8984 2400 | 80ff ff55 | 4881 ecb0 | 0000 0090 | 4181 7f20 | 0100 0000 

  0x000001bc986a0338: ;   {runtime_call StubRoutines (2)}
  0x000001bc986a0338: 7405 e8e1 | 9935 0748 | 8954 2478 

  0x000001bc986a0344: ;   {metadata(method data for {method} {0x00000008004368f0} 'defineClass' '(Ljava/lang/String;[BIILjava/security/ProtectionDomain;)Ljava/lang/Class;' in 'java/lang/ClassLoader')}
  0x000001bc986a0344: 48bb 80f5 | 22ad bc01 | 0000 8b83 | cc00 0000 | 83c0 0289 | 83cc 0000 | 0025 fe07 | 0000 83f8 
  0x000001bc986a0364: 000f 8447 | 0300 0089 | b424 9400 | 0000 89bc | 2490 0000 | 004c 898c | 2488 0000 | 0048 8bda 
  0x000001bc986a0384: ;   {metadata(method data for {method} {0x00000008004368f0} 'defineClass' '(Ljava/lang/String;[BIILjava/security/ProtectionDomain;)Ljava/lang/Class;' in 'java/lang/ClassLoader')}
  0x000001bc986a0384: 48b8 80f5 | 22ad bc01 | 0000 4883 | 8010 0100 | 0001 498b | d84c 8bc3 | 4c8b c948 | 8bca 488b 
  0x000001bc986a03a4: d148 899c | 2480 0000 

  0x000001bc986a03ac: ;   {optimized virtual_call}
  0x000001bc986a03ac: 0066 90e8 

  0x000001bc986a03b0: ; ImmutableOopMap {[120]=Oop [128]=Oop [136]=Oop }
                      ;*invokevirtual preDefineClass {reexecute=0 rethrow=0 return_oop=0}
                      ; - java.lang.ClassLoader::defineClass@4 (line 1011)
  0x000001bc986a03b0: acda feff | 4889 8424 | 9800 0000 | 488b 5424 

  0x000001bc986a03c0: ;   {metadata(method data for {method} {0x00000008004368f0} 'defineClass' '(Ljava/lang/String;[BIILjava/security/ProtectionDomain;)Ljava/lang/Class;' in 'java/lang/ClassLoader')}
  0x000001bc986a03c0: 7849 b880 | f522 adbc | 0100 0049 | 8380 4801 

  0x000001bc986a03d0: ;   {metadata(method data for {method} {0x0000000800436630} 'defineClassSourceLocation' '(Ljava/security/ProtectionDomain;)Ljava/lang/String;' in 'java/lang/ClassLoader')}
  0x000001bc986a03d0: 0000 0149 | b8f0 8c22 | adbc 0100 | 0041 8b90 | cc00 0000 | 83c2 0241 | 8990 cc00 | 0000 81e2 
  0x000001bc986a03f0: feff 1f00 | 83fa 000f | 84d6 0200 | 0048 3b00 

  0x000001bc986a0400: ;   {metadata(method data for {method} {0x0000000800436630} 'defineClassSourceLocation' '(Ljava/security/ProtectionDomain;)Ljava/lang/String;' in 'java/lang/ClassLoader')}
  0x000001bc986a0400: 4c8b c048 | baf0 8c22 | adbc 0100 | 0048 8382 | 1001 0000 | 0144 8b40 | 1049 83f8 

  0x000001bc986a041c: ;   {metadata(method data for {method} {0x0000000800436630} 'defineClassSourceLocation' '(Ljava/security/ProtectionDomain;)Ljava/lang/String;' in 'java/lang/ClassLoader')}
  0x000001bc986a041c: 0048 baf0 | 8c22 adbc | 0100 0048 | be58 0100 | 0000 0000 | 000f 850a | 0000 0048 | be48 0100 
  0x000001bc986a043c: 0000 0000 | 0048 8b3c | 3248 8d7f | 0148 893c | 320f 850f 

  0x000001bc986a0450: ;   {oop(NULL)}
  0x000001bc986a0450: 0000 0048 | bb00 0000 | 0000 0000 | 00e9 a501 | 0000 493b | 0049 8bd0 

  0x000001bc986a0468: ;   {metadata(method data for {method} {0x0000000800436630} 'defineClassSourceLocation' '(Ljava/security/ProtectionDomain;)Ljava/lang/String;' in 'java/lang/ClassLoader')}
  0x000001bc986a0468: 48be f08c | 22ad bc01 | 0000 4883 | 8668 0100 | 0001 418b | 500c 4883 

  0x000001bc986a0480: ;   {metadata(method data for {method} {0x0000000800436630} 'defineClassSourceLocation' '(Ljava/security/ProtectionDomain;)Ljava/lang/String;' in 'java/lang/ClassLoader')}
  0x000001bc986a0480: fa00 48be | f08c 22ad | bc01 0000 | 48bf b001 | 0000 0000 | 0000 0f85 | 0a00 0000 | 48bf a001 
  0x000001bc986a04a0: 0000 0000 | 0000 488b | 1c3e 488d | 5b01 4889 | 1c3e 0f85 | 0f00 0000 

  0x000001bc986a04b8: ;   {oop(NULL)}
  0x000001bc986a04b8: 48bb 0000 | 0000 0000 | 0000 e940 

  0x000001bc986a04c4: ;   {metadata(method data for {method} {0x0000000800436630} 'defineClassSourceLocation' '(Ljava/security/ProtectionDomain;)Ljava/lang/String;' in 'java/lang/ClassLoader')}
  0x000001bc986a04c4: 0100 0048 | bef0 8c22 | adbc 0100 | 0048 8386 | c001 0000 | 0148 3b02 

  0x000001bc986a04dc: ;   {metadata(method data for {method} {0x0000000800436630} 'defineClassSourceLocation' '(Ljava/security/ProtectionDomain;)Ljava/lang/String;' in 'java/lang/ClassLoader')}
  0x000001bc986a04dc: 4c8b c248 | bef0 8c22 | adbc 0100 | 0048 8386 | f801 0000 

  0x000001bc986a04f0: ;   {metadata(method data for {method} {0x000000080001b3e0} 'toString' '()Ljava/lang/String;' in 'java/net/URL')}
  0x000001bc986a04f0: 0149 b8a8 | f316 adbc | 0100 0041 | 8bb0 cc00 | 0000 83c6 | 0241 89b0 | cc00 0000 | 81e6 feff 
  0x000001bc986a0510: 1f00 83fe | 000f 84e8 | 0100 004c 

  0x000001bc986a051c: ;   {metadata(method data for {method} {0x000000080001b3e0} 'toString' '()Ljava/lang/String;' in 'java/net/URL')}
  0x000001bc986a051c: 8bc2 48be | a8f3 16ad | bc01 0000 | 4883 8610 | 0100 0001 

  0x000001bc986a0530: ;   {metadata(method data for {method} {0x000000080042a128} 'toExternalForm' '()Ljava/lang/String;' in 'java/net/URL')}
  0x000001bc986a0530: 49b8 30f5 | 16ad bc01 | 0000 418b | b0cc 0000 | 0083 c602 | 4189 b0cc | 0000 0081 | e6fe ff1f 
  0x000001bc986a0550: 0083 fe00 | 0f84 ca01 | 0000 8b72 | 3848 3b06 

  0x000001bc986a0560: ;   {metadata(method data for {method} {0x000000080042a128} 'toExternalForm' '()Ljava/lang/String;' in 'java/net/URL')}
  0x000001bc986a0560: 4c8b c648 | bf30 f516 | adbc 0100 | 0045 8b40 | 0849 ba00 | 0000 0008 | 0000 004d | 03c2 4c3b 
  0x000001bc986a0580: 8720 0100 | 0075 0d48 | 8387 2801 | 0000 01e9 | 6000 0000 | 4c3b 8730 | 0100 0075 | 0d48 8387 
  0x000001bc986a05a0: 3801 0000 | 01e9 4a00 | 0000 4883 | bf20 0100 | 0000 7517 | 4c89 8720 | 0100 0048 | c787 2801 
  0x000001bc986a05c0: 0000 0100 | 0000 e929 | 0000 0048 | 83bf 3001 | 0000 0075 | 174c 8987 | 3001 0000 | 48c7 8738 
  0x000001bc986a05e0: 0100 0001 | 0000 00e9 | 0800 0000 | 4883 8710 | 0100 0001 | 4c8b c248 | 8bd6 0f1f 

  0x000001bc986a05fc: ;   {optimized virtual_call}
  0x000001bc986a05fc: 4400 00e8 

  0x000001bc986a0600: ; ImmutableOopMap {[120]=Oop [128]=Oop [136]=Oop [152]=Oop }
                      ;*invokevirtual toExternalForm {reexecute=0 rethrow=0 return_oop=0}
                      ; - java.net.URL::toExternalForm@5 (line 1195)
                      ; - java.net.URL::toString@1 (line 1181)
                      ; - java.lang.ClassLoader::defineClassSourceLocation@22 (line 913)
                      ; - java.lang.ClassLoader::defineClass@12 (line 1012)
  0x000001bc986a0600: dc22 f9ff | 488b d848 | 8b84 2498 | 0000 008b | b424 9400 | 0000 8bbc | 2490 0000 | 004c 8b8c 
  0x000001bc986a0620: 2488 0000 | 004c 8b84 | 2480 0000 | 0048 8b54 

  0x000001bc986a0630: ;   {metadata(method data for {method} {0x00000008004368f0} 'defineClass' '(Ljava/lang/String;[BIILjava/security/ProtectionDomain;)Ljava/lang/Class;' in 'java/lang/ClassLoader')}
  0x000001bc986a0630: 2478 48b9 | 80f5 22ad | bc01 0000 | 4883 8180 | 0100 0001 | 4c8b da49 | 8bd3 488b | c848 891c 
  0x000001bc986a0650: 2466 0f1f 

  0x000001bc986a0654: ;   {static_call}
  0x000001bc986a0654: 4400 00e8 

  0x000001bc986a0658: ; ImmutableOopMap {[120]=Oop [152]=Oop }
                      ;*invokestatic defineClass1 {reexecute=0 rethrow=0 return_oop=0}
                      ; - java.lang.ClassLoader::defineClass@27 (line 1013)
  0x000001bc986a0658: 64f0 9007 | 488b 5424 

  0x000001bc986a0660: ;   {metadata(method data for {method} {0x00000008004368f0} 'defineClass' '(Ljava/lang/String;[BIILjava/security/ProtectionDomain;)Ljava/lang/Class;' in 'java/lang/ClassLoader')}
  0x000001bc986a0660: 7849 b880 | f522 adbc | 0100 0049 | 8380 9001 | 0000 014c | 8bc0 4c8b | 8c24 9800 | 0000 488b 
  0x000001bc986a0680: 5424 7848 | 8984 24a0 | 0000 000f 

  0x000001bc986a068c: ;   {optimized virtual_call}
  0x000001bc986a068c: 1f40 00e8 

  0x000001bc986a0690: ; ImmutableOopMap {[160]=Oop }
                      ;*invokevirtual postDefineClass {reexecute=0 rethrow=0 return_oop=0}
                      ; - java.lang.ClassLoader::defineClass@37 (line 1014)
  0x000001bc986a0690: 6c0f ffff | 488b 8424 | a000 0000 | 4881 c4b0 | 0000 005d 

  0x000001bc986a06a4: ;   {poll_return}
  0x000001bc986a06a4: 493b a778 | 0300 000f | 8799 0000 

  0x000001bc986a06b0: ;   {metadata({method} {0x00000008004368f0} 'defineClass' '(Ljava/lang/String;[BIILjava/security/ProtectionDomain;)Ljava/lang/Class;' in 'java/lang/ClassLoader')}
  0x000001bc986a06b0: 00c3 49ba | e868 4300 | 0800 0000 | 4c89 5424 | 0848 c704 | 24ff ffff 

  0x000001bc986a06c8: ;   {runtime_call counter_overflow Runtime1 stub}
  0x000001bc986a06c8: ffe8 b25e 

  0x000001bc986a06cc: ; ImmutableOopMap {rdx=Oop r8=Oop r9=Oop rcx=Oop [120]=Oop }
                      ;*synchronization entry
                      ; - java.lang.ClassLoader::defineClass@-1 (line 1011)
  0x000001bc986a06cc: 4307 e998 

  0x000001bc986a06d0: ;   {metadata({method} {0x0000000800436630} 'defineClassSourceLocation' '(Ljava/security/ProtectionDomain;)Ljava/lang/String;' in 'java/lang/ClassLoader')}
  0x000001bc986a06d0: fcff ff49 | ba28 6643 | 0008 0000 | 004c 8954 | 2408 48c7 | 0424 ffff 

  0x000001bc986a06e8: ;   {runtime_call counter_overflow Runtime1 stub}
  0x000001bc986a06e8: ffff e891 

  0x000001bc986a06ec: ; ImmutableOopMap {rax=Oop [120]=Oop [128]=Oop [136]=Oop [152]=Oop }
                      ;*synchronization entry
                      ; - java.lang.ClassLoader::defineClassSourceLocation@-1 (line 910)
                      ; - java.lang.ClassLoader::defineClass@12 (line 1012)
  0x000001bc986a06ec: 5e43 07e9 | 09fd ffff 

  0x000001bc986a06f4: ;   {runtime_call throw_null_pointer_exception Runtime1 stub}
  0x000001bc986a06f4: e887 ed42 

  0x000001bc986a06f8: ; ImmutableOopMap {rax=Oop [120]=Oop [128]=Oop [136]=Oop [152]=Oop }
                      ;*invokevirtual getCodeSource {reexecute=0 rethrow=0 return_oop=0}
                      ; - java.lang.ClassLoader::defineClassSourceLocation@1 (line 910)
                      ; - java.lang.ClassLoader::defineClass@12 (line 1012)
                      ;   {runtime_call throw_null_pointer_exception Runtime1 stub}
  0x000001bc986a06f8: 07e8 82ed 

  0x000001bc986a06fc: ; ImmutableOopMap {rax=Oop r8=Oop [120]=Oop [128]=Oop [136]=Oop [152]=Oop }
                      ;*invokevirtual getLocation {reexecute=0 rethrow=0 return_oop=0}
                      ; - java.lang.ClassLoader::defineClassSourceLocation@12 (line 912)
                      ; - java.lang.ClassLoader::defineClass@12 (line 1012)
                      ;   {runtime_call throw_null_pointer_exception Runtime1 stub}
  0x000001bc986a06fc: 4207 e87d 

  0x000001bc986a0700: ; ImmutableOopMap {rdx=Oop [120]=Oop [128]=Oop [136]=Oop [152]=Oop }
                      ;*invokevirtual toString {reexecute=0 rethrow=0 return_oop=0}
                      ; - java.lang.ClassLoader::defineClassSourceLocation@22 (line 913)
                      ; - java.lang.ClassLoader::defineClass@12 (line 1012)
                      ;   {metadata({method} {0x000000080001b3e0} 'toString' '()Ljava/lang/String;' in 'java/net/URL')}
  0x000001bc986a0700: ed42 0749 | bad8 b301 | 0008 0000 | 004c 8954 | 2408 48c7 | 0424 ffff 

  0x000001bc986a0718: ;   {runtime_call counter_overflow Runtime1 stub}
  0x000001bc986a0718: ffff e861 

  0x000001bc986a071c: ; ImmutableOopMap {rdx=Oop [120]=Oop [128]=Oop [136]=Oop [152]=Oop }
                      ;*synchronization entry
                      ; - java.net.URL::toString@-1 (line 1181)
                      ; - java.lang.ClassLoader::defineClassSourceLocation@22 (line 913)
                      ; - java.lang.ClassLoader::defineClass@12 (line 1012)
  0x000001bc986a071c: 5e43 07e9 | f7fd ffff 

  0x000001bc986a0724: ;   {metadata({method} {0x000000080042a128} 'toExternalForm' '()Ljava/lang/String;' in 'java/net/URL')}
  0x000001bc986a0724: 49ba 20a1 | 4200 0800 | 0000 4c89 | 5424 0848 | c704 24ff 

  0x000001bc986a0738: ;   {runtime_call counter_overflow Runtime1 stub}
  0x000001bc986a0738: ffff ffe8 

  0x000001bc986a073c: ; ImmutableOopMap {rdx=Oop [120]=Oop [128]=Oop [136]=Oop [152]=Oop }
                      ;*synchronization entry
                      ; - java.net.URL::toExternalForm@-1 (line 1195)
                      ; - java.net.URL::toString@1 (line 1181)
                      ; - java.lang.ClassLoader::defineClassSourceLocation@22 (line 913)
                      ; - java.lang.ClassLoader::defineClass@12 (line 1012)
  0x000001bc986a073c: 405e 4307 | e915 feff 

  0x000001bc986a0744: ;   {runtime_call throw_null_pointer_exception Runtime1 stub}
  0x000001bc986a0744: ffe8 36ed 

  0x000001bc986a0748: ; ImmutableOopMap {rdx=Oop rsi=Oop [120]=Oop [128]=Oop [136]=Oop [152]=Oop }
                      ;*invokevirtual toExternalForm {reexecute=0 rethrow=0 return_oop=0}
                      ; - java.net.URL::toExternalForm@5 (line 1195)
                      ; - java.net.URL::toString@1 (line 1181)
                      ; - java.lang.ClassLoader::defineClassSourceLocation@22 (line 913)
                      ; - java.lang.ClassLoader::defineClass@12 (line 1012)
                      ;   {internal_word}
  0x000001bc986a0748: 4207 49ba | a406 6a98 | bc01 0000 | 4d89 9790 

  0x000001bc986a0758: ;   {runtime_call SafepointBlob}
  0x000001bc986a0758: 0300 00e9 | 20a6 3707 | 498b 8728 | 0400 0049 | c787 2804 | 0000 0000 | 0000 49c7 | 8730 0400 
  0x000001bc986a0778: 0000 0000 | 0048 81c4 | b000 0000 

  0x000001bc986a0784: ;   {runtime_call unwind_exception Runtime1 stub}
  0x000001bc986a0784: 5de9 760d | 3a07 f4f4 | f4f4 f4f4 
[Stub Code]
  0x000001bc986a0790: ;   {no_reloc}
  0x000001bc986a0790: 0f1f 4400 

  0x000001bc986a0794: ;   {static_stub}
  0x000001bc986a0794: 0048 bb00 | 0000 0000 

  0x000001bc986a079c: ;   {runtime_call}
  0x000001bc986a079c: 0000 00e9 | fbff ffff 
[Exception Handler]
  0x000001bc986a07a4: ;   {runtime_call handle_exception_from_callee Runtime1 stub}
  0x000001bc986a07a4: e857 1843 

  0x000001bc986a07a8: ;   {external_word}
  0x000001bc986a07a8: 0748 b9b0 | 23ca f0fa | 7f00 0048 

  0x000001bc986a07b4: ;   {runtime_call}
  0x000001bc986a07b4: 83e4 f048 | b820 1696 | f0fa 7f00 | 00ff d0f4 
[Deopt Handler Code]
  0x000001bc986a07c4: ;   {section_word}
  0x000001bc986a07c4: 49ba c407 | 6a98 bc01 | 0000 4152 

  0x000001bc986a07d0: ;   {runtime_call DeoptimizationBlob}
  0x000001bc986a07d0: e94b 9837 

  0x000001bc986a07d4: ;   {static_stub}
  0x000001bc986a07d4: 0748 bb00 | 0000 0000 

  0x000001bc986a07dc: ;   {runtime_call}
  0x000001bc986a07dc: 0000 00e9 | fbff ffff 

  0x000001bc986a07e4: ;   {static_stub}
  0x000001bc986a07e4: 48bb 0000 | 0000 0000 

  0x000001bc986a07ec: ;   {runtime_call}
  0x000001bc986a07ec: 0000 e9fb 

  0x000001bc986a07f0: ;   {static_stub}
  0x000001bc986a07f0: ffff ff48 | bb00 0000 | 0000 0000 

  0x000001bc986a07fc: ;   {runtime_call}
  0x000001bc986a07fc: 00e9 fbff | ffff f4f4 | f4f4 f4f4 
[/MachCode]


Compiled method (c1)    2044 1299       3       java.security.SecureClassLoader::defineClass (16 bytes)
 total in heap  [0x000001bc986d4010,0x000001bc986d43e0] = 976
 relocation     [0x000001bc986d4158,0x000001bc986d41a0] = 72
 main code      [0x000001bc986d41a0,0x000001bc986d42e8] = 328
 stub code      [0x000001bc986d42e8,0x000001bc986d4338] = 80
 metadata       [0x000001bc986d4338,0x000001bc986d4340] = 8
 scopes data    [0x000001bc986d4340,0x000001bc986d4388] = 72
 scopes pcs     [0x000001bc986d4388,0x000001bc986d43d8] = 80
 dependencies   [0x000001bc986d43d8,0x000001bc986d43e0] = 8

[Constant Pool (empty)]

[MachCode]
[Entry Point]
  # {method} {0x000000080004dc48} 'defineClass' '(Ljava/lang/String;[BIILjava/security/CodeSource;)Ljava/lang/Class;' in 'java/security/SecureClassLoader'
  # this:     rdx:rdx   = 'java/security/SecureClassLoader'
  # parm0:    r8:r8     = 'java/lang/String'
  # parm1:    r9:r9     = '[B'
  # parm2:    rdi       = int
  # parm3:    rsi       = int
  # parm4:    rcx:rcx   = 'java/security/CodeSource'
  #           [sp+0x80]  (sp of caller)
  0x000001bc986d41a0: 448b 5208 | 49bb 0000 | 0000 0800 | 0000 4d03 | d34c 3bd0 

  0x000001bc986d41b4: ;   {runtime_call ic_miss_stub}
  0x000001bc986d41b4: 0f85 46fc | 3307 660f | 1f44 0000 
[Verified Entry Point]
  0x000001bc986d41c0: 8984 2400 | 80ff ff55 | 4883 ec70 | 4181 7f20 | 0100 0000 

  0x000001bc986d41d4: ;   {runtime_call StubRoutines (2)}
  0x000001bc986d41d4: 7405 e845 

  0x000001bc986d41d8: ;   {metadata(method data for {method} {0x000000080004dc48} 'defineClass' '(Ljava/lang/String;[BIILjava/security/CodeSource;)Ljava/lang/Class;' in 'java/security/SecureClassLoader')}
  0x000001bc986d41d8: 5b32 0748 | bbe8 0721 | adbc 0100 | 008b 83cc | 0000 0083 | c002 8983 | cc00 0000 | 25fe 0700 
  0x000001bc986d41f8: 0083 f800 | 0f84 8500 | 0000 8974 | 245c 897c | 2458 4c89 | 4c24 504c | 8944 2448 

  0x000001bc986d4214: ;   {metadata(method data for {method} {0x000000080004dc48} 'defineClass' '(Ljava/lang/String;[BIILjava/security/CodeSource;)Ljava/lang/Class;' in 'java/security/SecureClassLoader')}
  0x000001bc986d4214: 488b da48 | b8e8 0721 | adbc 0100 | 0048 8380 | 1001 0000 | 014c 8bc1 | 488b c248 | 8bd0 4889 
  0x000001bc986d4234: ;   {optimized virtual_call}
  0x000001bc986d4234: 4424 40e8 

  0x000001bc986d4238: ; ImmutableOopMap {[64]=Oop [72]=Oop [80]=Oop }
                      ;*invokevirtual getProtectionDomain {reexecute=0 rethrow=0 return_oop=0}
                      ; - java.security.SecureClassLoader::defineClass@9 (line 150)
  0x000001bc986d4238: e44e f4ff | 488b 5424 

  0x000001bc986d4240: ;   {metadata(method data for {method} {0x000000080004dc48} 'defineClass' '(Ljava/lang/String;[BIILjava/security/CodeSource;)Ljava/lang/Class;' in 'java/security/SecureClassLoader')}
  0x000001bc986d4240: 4049 b8e8 | 0721 adbc | 0100 0049 | 8380 4801 | 0000 014c | 8b44 2448 | 4c8b 4c24 | 508b 7c24 
  0x000001bc986d4260: 588b 7424 | 5c48 8bc8 | 488b 5424 

  0x000001bc986d426c: ;   {optimized virtual_call}
  0x000001bc986d426c: 4066 90e8 

  0x000001bc986d4270: ; ImmutableOopMap {}
                      ;*invokevirtual defineClass {reexecute=0 rethrow=0 return_oop=0}
                      ; - java.security.SecureClassLoader::defineClass@12 (line 150)
  0x000001bc986d4270: acc0 fcff | 4883 c470 

  0x000001bc986d4278: ;   {poll_return}
  0x000001bc986d4278: 5d49 3ba7 | 7803 0000 | 0f87 2200 

  0x000001bc986d4284: ;   {metadata({method} {0x000000080004dc48} 'defineClass' '(Ljava/lang/String;[BIILjava/security/CodeSource;)Ljava/lang/Class;' in 'java/security/SecureClassLoader')}
  0x000001bc986d4284: 0000 c349 | ba40 dc04 | 0008 0000 | 004c 8954 | 2408 48c7 | 0424 ffff 

  0x000001bc986d429c: ;   {runtime_call counter_overflow Runtime1 stub}
  0x000001bc986d429c: ffff e8dd 

  0x000001bc986d42a0: ; ImmutableOopMap {rdx=Oop r8=Oop r9=Oop rcx=Oop }
                      ;*synchronization entry
                      ; - java.security.SecureClassLoader::defineClass@-1 (line 150)
  0x000001bc986d42a0: 2240 07e9 | 5aff ffff 

  0x000001bc986d42a8: ;   {internal_word}
  0x000001bc986d42a8: 49ba 7942 | 6d98 bc01 | 0000 4d89 | 9790 0300 

  0x000001bc986d42b8: ;   {runtime_call SafepointBlob}
  0x000001bc986d42b8: 00e9 c26a | 3407 498b | 8728 0400 | 0049 c787 | 2804 0000 | 0000 0000 | 49c7 8730 | 0400 0000 
  0x000001bc986d42d8: 0000 0048 | 83c4 705d 

  0x000001bc986d42e0: ;   {runtime_call unwind_exception Runtime1 stub}
  0x000001bc986d42e0: e91b d236 | 07f4 f4f4 
[Exception Handler]
  0x000001bc986d42e8: ;   {no_reloc}
  0x000001bc986d42e8: e813 dd3f 

  0x000001bc986d42ec: ;   {external_word}
  0x000001bc986d42ec: 0748 b9b0 | 23ca f0fa | 7f00 0048 

  0x000001bc986d42f8: ;   {runtime_call}
  0x000001bc986d42f8: 83e4 f048 | b820 1696 | f0fa 7f00 | 00ff d0f4 
[Deopt Handler Code]
  0x000001bc986d4308: ;   {section_word}
  0x000001bc986d4308: 49ba 0843 | 6d98 bc01 | 0000 4152 

  0x000001bc986d4314: ;   {runtime_call DeoptimizationBlob}
  0x000001bc986d4314: e907 5d34 

  0x000001bc986d4318: ;   {static_stub}
  0x000001bc986d4318: 0748 bb00 | 0000 0000 

  0x000001bc986d4320: ;   {runtime_call}
  0x000001bc986d4320: 0000 00e9 | fbff ffff 

  0x000001bc986d4328: ;   {static_stub}
  0x000001bc986d4328: 48bb 0000 | 0000 0000 

  0x000001bc986d4330: ;   {runtime_call}
  0x000001bc986d4330: 0000 e9fb | ffff fff4 
[/MachCode]


---------------  P R O C E S S  ---------------

Threads class SMR info:
_java_thread_list=0x000001bcb2fecc70, length=14, elements={
0x000001bc903d05c0, 0x000001bcacd78b30, 0x000001bcacd79ad0, 0x000001bcacd7ea70,
0x000001bcacd7f5b0, 0x000001bcacd83f20, 0x000001bcacd84860, 0x000001bcacd913b0,
0x000001bcacd99d40, 0x000001bcacd43920, 0x000001bcb118ec10, 0x000001bcb1190170,
0x000001bcb1252170, 0x000001bcb2bcce20
}

Java Threads: ( => current thread )
  0x000001bc903d05c0 JavaThread "main" [_thread_in_vm, id=15860, stack(0x0000009f92d00000,0x0000009f92e00000)]
  0x000001bcacd78b30 JavaThread "Reference Handler" daemon [_thread_blocked, id=11440, stack(0x0000009f93400000,0x0000009f93500000)]
  0x000001bcacd79ad0 JavaThread "Finalizer" daemon [_thread_blocked, id=7060, stack(0x0000009f93500000,0x0000009f93600000)]
  0x000001bcacd7ea70 JavaThread "Signal Dispatcher" daemon [_thread_blocked, id=15336, stack(0x0000009f93600000,0x0000009f93700000)]
  0x000001bcacd7f5b0 JavaThread "Attach Listener" daemon [_thread_blocked, id=10236, stack(0x0000009f93700000,0x0000009f93800000)]
  0x000001bcacd83f20 JavaThread "Service Thread" daemon [_thread_blocked, id=15136, stack(0x0000009f93800000,0x0000009f93900000)]
  0x000001bcacd84860 JavaThread "Monitor Deflation Thread" daemon [_thread_blocked, id=14916, stack(0x0000009f93900000,0x0000009f93a00000)]
  0x000001bcacd913b0 JavaThread "C2 CompilerThread0" daemon [_thread_blocked, id=14684, stack(0x0000009f93a00000,0x0000009f93b00000)]
  0x000001bcacd99d40 JavaThread "C1 CompilerThread0" daemon [_thread_in_vm, id=2660, stack(0x0000009f93b00000,0x0000009f93c00000)]
  0x000001bcacd43920 JavaThread "Common-Cleaner" daemon [_thread_blocked, id=12748, stack(0x0000009f93c00000,0x0000009f93d00000)]
  0x000001bcb118ec10 JavaThread "Monitor Ctrl-Break" daemon [_thread_in_native, id=4284, stack(0x0000009f93d00000,0x0000009f93e00000)]
  0x000001bcb1190170 JavaThread "Notification Thread" daemon [_thread_blocked, id=9260, stack(0x0000009f93e00000,0x0000009f93f00000)]
  0x000001bcb1252170 JavaThread "C2 CompilerThread1" daemon [_thread_blocked, id=3824, stack(0x0000009f94000000,0x0000009f94100000)]
=>0x000001bcb2bcce20 JavaThread "background-preinit" [_thread_in_vm, id=9344, stack(0x0000009f94800000,0x0000009f94900000)]

Other Threads:
  0x000001bcacd59ef0 VMThread "VM Thread" [stack: 0x0000009f93300000,0x0000009f93400000] [id=16368]
  0x000001bcb11ef5f0 WatcherThread "VM Periodic Task Thread" [stack: 0x0000009f93f00000,0x0000009f94000000] [id=5184]
  0x000001bc90430110 WorkerThread "GC Thread#0" [stack: 0x0000009f92e00000,0x0000009f92f00000] [id=15816]
  0x000001bcb1dedca0 WorkerThread "GC Thread#1" [stack: 0x0000009f94100000,0x0000009f94200000] [id=4364]
  0x000001bcb1dedf70 WorkerThread "GC Thread#2" [stack: 0x0000009f94200000,0x0000009f94300000] [id=12868]
  0x000001bcb1e4bc70 WorkerThread "GC Thread#3" [stack: 0x0000009f94300000,0x0000009f94400000] [id=13044]
  0x000001bcb1e3acc0 WorkerThread "GC Thread#4" [stack: 0x0000009f94400000,0x0000009f94500000] [id=16156]
  0x000001bcb1e3a450 WorkerThread "GC Thread#5" [stack: 0x0000009f94500000,0x0000009f94600000] [id=11164]
  0x000001bcb1e3a720 WorkerThread "GC Thread#6" [stack: 0x0000009f94600000,0x0000009f94700000] [id=11932]
  0x000001bcb1e3b260 WorkerThread "GC Thread#7" [stack: 0x0000009f94700000,0x0000009f94800000] [id=11632]
  0x000001bc90441e10 ConcurrentGCThread "G1 Main Marker" [stack: 0x0000009f92f00000,0x0000009f93000000] [id=12208]
  0x000001bc90442fe0 WorkerThread "G1 Conc#0" [stack: 0x0000009f93000000,0x0000009f93100000] [id=12156]
  0x000001bcacc07500 ConcurrentGCThread "G1 Refine#0" [stack: 0x0000009f93100000,0x0000009f93200000] [id=7424]
  0x000001bcacc07fa0 ConcurrentGCThread "G1 Service" [stack: 0x0000009f93200000,0x0000009f93300000] [id=9424]

Threads with active compile tasks:
C1 CompilerThread0     2050 2245       3       org.springframework.core.ResolvableType::getGenerics (171 bytes)

VM state: not at safepoint (normal execution)

VM Mutex/Monitor currently owned by a thread:  ([mutex/lock_event])
[0x000001bc903c9580] Metaspace_lock - owner thread: 0x000001bcb2bcce20

Heap address: 0x0000000081e00000, size: 2018 MB, Compressed Oops mode: 32-bit

CDS archive(s) mapped at: [0x0000000800000000-0x0000000800c60000-0x0000000800c60000), size 12976128, SharedBaseAddress: 0x0000000800000000, ArchiveRelocationMode: 0.
Compressed class space mapped at: 0x0000000801000000-0x0000000841000000, reserved size: 1073741824
Narrow klass base: 0x0000000800000000, Narrow klass shift: 0, Narrow klass range: 0x100000000

GC Precious Log:
 CardTable entry size: 512
 Card Set container configuration: InlinePtr #cards 5 size 8 Array Of Cards #cards 12 size 40 Howl #buckets 4 coarsen threshold 1843 Howl Bitmap #cards 512 size 80 coarsen threshold 460 Card regions per heap region 1 cards per card region 2048
 CPUs: 8 total, 8 available
 Memory: 8067M
 Large Page Support: Disabled
 NUMA Support: Disabled
 Compressed Oops: Enabled (32-bit)
 Heap Region Size: 1M
 Heap Min Capacity: 8M
 Heap Initial Capacity: 128M
 Heap Max Capacity: 2018M
 Pre-touch: Disabled
 Parallel Workers: 8
 Concurrent Workers: 2
 Concurrent Refinement Workers: 8
 Periodic GC: Disabled

Heap:
 garbage-first heap   total 131072K, used 20555K [0x0000000081e00000, 0x0000000100000000)
  region size 1024K, 14 young (14336K), 3 survivors (3072K)
 Metaspace       used 15053K, committed 15296K, reserved 1114112K
  class space    used 1945K, committed 2048K, reserved 1048576K

Heap Regions: E=young(eden), S=young(survivor), O=old, HS=humongous(starts), HC=humongous(continues), CS=collection set, F=free, OA=open archive, CA=closed archive, TAMS=top-at-mark-start, PB=parsable bottom
|   0|0x0000000081e00000, 0x0000000081f00000, 0x0000000081f00000|100%|HS|  |TAMS 0x0000000081e00000| PB 0x0000000081e00000| Complete 
|   1|0x0000000081f00000, 0x0000000082000000, 0x0000000082000000|100%| O|  |TAMS 0x0000000081f00000| PB 0x0000000081f00000| Untracked 
|   2|0x0000000082000000, 0x0000000082100000, 0x0000000082100000|100%| O|  |TAMS 0x0000000082000000| PB 0x0000000082000000| Untracked 
|   3|0x0000000082100000, 0x0000000082200000, 0x0000000082200000|100%| O|  |TAMS 0x0000000082100000| PB 0x0000000082100000| Untracked 
|   4|0x0000000082200000, 0x0000000082300000, 0x0000000082300000|100%| O|  |TAMS 0x0000000082200000| PB 0x0000000082200000| Untracked 
|   5|0x0000000082300000, 0x0000000082400000, 0x0000000082400000|100%| O|  |TAMS 0x0000000082300000| PB 0x0000000082300000| Untracked 
|   6|0x0000000082400000, 0x0000000082500000, 0x0000000082500000|100%| O|  |TAMS 0x0000000082400000| PB 0x0000000082400000| Untracked 
|   7|0x0000000082500000, 0x0000000082512e00, 0x0000000082600000|  7%| O|  |TAMS 0x0000000082500000| PB 0x0000000082500000| Untracked 
|   8|0x0000000082600000, 0x0000000082600000, 0x0000000082700000|  0%| F|  |TAMS 0x0000000082600000| PB 0x0000000082600000| Untracked 
|   9|0x0000000082700000, 0x0000000082700000, 0x0000000082800000|  0%| F|  |TAMS 0x0000000082700000| PB 0x0000000082700000| Untracked 
|  10|0x0000000082800000, 0x0000000082800000, 0x0000000082900000|  0%| F|  |TAMS 0x0000000082800000| PB 0x0000000082800000| Untracked 
|  11|0x0000000082900000, 0x0000000082900000, 0x0000000082a00000|  0%| F|  |TAMS 0x0000000082900000| PB 0x0000000082900000| Untracked 
|  12|0x0000000082a00000, 0x0000000082a00000, 0x0000000082b00000|  0%| F|  |TAMS 0x0000000082a00000| PB 0x0000000082a00000| Untracked 
|  13|0x0000000082b00000, 0x0000000082b00000, 0x0000000082c00000|  0%| F|  |TAMS 0x0000000082b00000| PB 0x0000000082b00000| Untracked 
|  14|0x0000000082c00000, 0x0000000082c00000, 0x0000000082d00000|  0%| F|  |TAMS 0x0000000082c00000| PB 0x0000000082c00000| Untracked 
|  15|0x0000000082d00000, 0x0000000082d00000, 0x0000000082e00000|  0%| F|  |TAMS 0x0000000082d00000| PB 0x0000000082d00000| Untracked 
|  16|0x0000000082e00000, 0x0000000082e00000, 0x0000000082f00000|  0%| F|  |TAMS 0x0000000082e00000| PB 0x0000000082e00000| Untracked 
|  17|0x0000000082f00000, 0x0000000082f00000, 0x0000000083000000|  0%| F|  |TAMS 0x0000000082f00000| PB 0x0000000082f00000| Untracked 
|  18|0x0000000083000000, 0x0000000083000000, 0x0000000083100000|  0%| F|  |TAMS 0x0000000083000000| PB 0x0000000083000000| Untracked 
|  19|0x0000000083100000, 0x0000000083100000, 0x0000000083200000|  0%| F|  |TAMS 0x0000000083100000| PB 0x0000000083100000| Untracked 
|  20|0x0000000083200000, 0x0000000083200000, 0x0000000083300000|  0%| F|  |TAMS 0x0000000083200000| PB 0x0000000083200000| Untracked 
|  21|0x0000000083300000, 0x0000000083300000, 0x0000000083400000|  0%| F|  |TAMS 0x0000000083300000| PB 0x0000000083300000| Untracked 
|  22|0x0000000083400000, 0x0000000083400000, 0x0000000083500000|  0%| F|  |TAMS 0x0000000083400000| PB 0x0000000083400000| Untracked 
|  23|0x0000000083500000, 0x0000000083500000, 0x0000000083600000|  0%| F|  |TAMS 0x0000000083500000| PB 0x0000000083500000| Untracked 
|  24|0x0000000083600000, 0x0000000083600000, 0x0000000083700000|  0%| F|  |TAMS 0x0000000083600000| PB 0x0000000083600000| Untracked 
|  25|0x0000000083700000, 0x0000000083700000, 0x0000000083800000|  0%| F|  |TAMS 0x0000000083700000| PB 0x0000000083700000| Untracked 
|  26|0x0000000083800000, 0x0000000083800000, 0x0000000083900000|  0%| F|  |TAMS 0x0000000083800000| PB 0x0000000083800000| Untracked 
|  27|0x0000000083900000, 0x0000000083900000, 0x0000000083a00000|  0%| F|  |TAMS 0x0000000083900000| PB 0x0000000083900000| Untracked 
|  28|0x0000000083a00000, 0x0000000083a00000, 0x0000000083b00000|  0%| F|  |TAMS 0x0000000083a00000| PB 0x0000000083a00000| Untracked 
|  29|0x0000000083b00000, 0x0000000083b00000, 0x0000000083c00000|  0%| F|  |TAMS 0x0000000083b00000| PB 0x0000000083b00000| Untracked 
|  30|0x0000000083c00000, 0x0000000083c00000, 0x0000000083d00000|  0%| F|  |TAMS 0x0000000083c00000| PB 0x0000000083c00000| Untracked 
|  31|0x0000000083d00000, 0x0000000083d00000, 0x0000000083e00000|  0%| F|  |TAMS 0x0000000083d00000| PB 0x0000000083d00000| Untracked 
|  32|0x0000000083e00000, 0x0000000083e00000, 0x0000000083f00000|  0%| F|  |TAMS 0x0000000083e00000| PB 0x0000000083e00000| Untracked 
|  33|0x0000000083f00000, 0x0000000083f00000, 0x0000000084000000|  0%| F|  |TAMS 0x0000000083f00000| PB 0x0000000083f00000| Untracked 
|  34|0x0000000084000000, 0x0000000084000000, 0x0000000084100000|  0%| F|  |TAMS 0x0000000084000000| PB 0x0000000084000000| Untracked 
|  35|0x0000000084100000, 0x0000000084100000, 0x0000000084200000|  0%| F|  |TAMS 0x0000000084100000| PB 0x0000000084100000| Untracked 
|  36|0x0000000084200000, 0x0000000084200000, 0x0000000084300000|  0%| F|  |TAMS 0x0000000084200000| PB 0x0000000084200000| Untracked 
|  37|0x0000000084300000, 0x0000000084300000, 0x0000000084400000|  0%| F|  |TAMS 0x0000000084300000| PB 0x0000000084300000| Untracked 
|  38|0x0000000084400000, 0x0000000084400000, 0x0000000084500000|  0%| F|  |TAMS 0x0000000084400000| PB 0x0000000084400000| Untracked 
|  39|0x0000000084500000, 0x0000000084500000, 0x0000000084600000|  0%| F|  |TAMS 0x0000000084500000| PB 0x0000000084500000| Untracked 
|  40|0x0000000084600000, 0x0000000084600000, 0x0000000084700000|  0%| F|  |TAMS 0x0000000084600000| PB 0x0000000084600000| Untracked 
|  41|0x0000000084700000, 0x0000000084700000, 0x0000000084800000|  0%| F|  |TAMS 0x0000000084700000| PB 0x0000000084700000| Untracked 
|  42|0x0000000084800000, 0x0000000084800000, 0x0000000084900000|  0%| F|  |TAMS 0x0000000084800000| PB 0x0000000084800000| Untracked 
|  43|0x0000000084900000, 0x0000000084900000, 0x0000000084a00000|  0%| F|  |TAMS 0x0000000084900000| PB 0x0000000084900000| Untracked 
|  44|0x0000000084a00000, 0x0000000084a00000, 0x0000000084b00000|  0%| F|  |TAMS 0x0000000084a00000| PB 0x0000000084a00000| Untracked 
|  45|0x0000000084b00000, 0x0000000084b00000, 0x0000000084c00000|  0%| F|  |TAMS 0x0000000084b00000| PB 0x0000000084b00000| Untracked 
|  46|0x0000000084c00000, 0x0000000084c00000, 0x0000000084d00000|  0%| F|  |TAMS 0x0000000084c00000| PB 0x0000000084c00000| Untracked 
|  47|0x0000000084d00000, 0x0000000084d00000, 0x0000000084e00000|  0%| F|  |TAMS 0x0000000084d00000| PB 0x0000000084d00000| Untracked 
|  48|0x0000000084e00000, 0x0000000084e00000, 0x0000000084f00000|  0%| F|  |TAMS 0x0000000084e00000| PB 0x0000000084e00000| Untracked 
|  49|0x0000000084f00000, 0x0000000084f00000, 0x0000000085000000|  0%| F|  |TAMS 0x0000000084f00000| PB 0x0000000084f00000| Untracked 
|  50|0x0000000085000000, 0x0000000085000000, 0x0000000085100000|  0%| F|  |TAMS 0x0000000085000000| PB 0x0000000085000000| Untracked 
|  51|0x0000000085100000, 0x0000000085100000, 0x0000000085200000|  0%| F|  |TAMS 0x0000000085100000| PB 0x0000000085100000| Untracked 
|  52|0x0000000085200000, 0x0000000085200000, 0x0000000085300000|  0%| F|  |TAMS 0x0000000085200000| PB 0x0000000085200000| Untracked 
|  53|0x0000000085300000, 0x0000000085300000, 0x0000000085400000|  0%| F|  |TAMS 0x0000000085300000| PB 0x0000000085300000| Untracked 
|  54|0x0000000085400000, 0x0000000085400000, 0x0000000085500000|  0%| F|  |TAMS 0x0000000085400000| PB 0x0000000085400000| Untracked 
|  55|0x0000000085500000, 0x0000000085500000, 0x0000000085600000|  0%| F|  |TAMS 0x0000000085500000| PB 0x0000000085500000| Untracked 
|  56|0x0000000085600000, 0x0000000085600000, 0x0000000085700000|  0%| F|  |TAMS 0x0000000085600000| PB 0x0000000085600000| Untracked 
|  57|0x0000000085700000, 0x0000000085700000, 0x0000000085800000|  0%| F|  |TAMS 0x0000000085700000| PB 0x0000000085700000| Untracked 
|  58|0x0000000085800000, 0x0000000085800000, 0x0000000085900000|  0%| F|  |TAMS 0x0000000085800000| PB 0x0000000085800000| Untracked 
|  59|0x0000000085900000, 0x0000000085900000, 0x0000000085a00000|  0%| F|  |TAMS 0x0000000085900000| PB 0x0000000085900000| Untracked 
|  60|0x0000000085a00000, 0x0000000085a00000, 0x0000000085b00000|  0%| F|  |TAMS 0x0000000085a00000| PB 0x0000000085a00000| Untracked 
|  61|0x0000000085b00000, 0x0000000085b00000, 0x0000000085c00000|  0%| F|  |TAMS 0x0000000085b00000| PB 0x0000000085b00000| Untracked 
|  62|0x0000000085c00000, 0x0000000085c00000, 0x0000000085d00000|  0%| F|  |TAMS 0x0000000085c00000| PB 0x0000000085c00000| Untracked 
|  63|0x0000000085d00000, 0x0000000085d00000, 0x0000000085e00000|  0%| F|  |TAMS 0x0000000085d00000| PB 0x0000000085d00000| Untracked 
|  64|0x0000000085e00000, 0x0000000085e00000, 0x0000000085f00000|  0%| F|  |TAMS 0x0000000085e00000| PB 0x0000000085e00000| Untracked 
|  65|0x0000000085f00000, 0x0000000085f00000, 0x0000000086000000|  0%| F|  |TAMS 0x0000000085f00000| PB 0x0000000085f00000| Untracked 
|  66|0x0000000086000000, 0x0000000086000000, 0x0000000086100000|  0%| F|  |TAMS 0x0000000086000000| PB 0x0000000086000000| Untracked 
|  67|0x0000000086100000, 0x0000000086100000, 0x0000000086200000|  0%| F|  |TAMS 0x0000000086100000| PB 0x0000000086100000| Untracked 
|  68|0x0000000086200000, 0x0000000086200000, 0x0000000086300000|  0%| F|  |TAMS 0x0000000086200000| PB 0x0000000086200000| Untracked 
|  69|0x0000000086300000, 0x0000000086300000, 0x0000000086400000|  0%| F|  |TAMS 0x0000000086300000| PB 0x0000000086300000| Untracked 
|  70|0x0000000086400000, 0x0000000086400000, 0x0000000086500000|  0%| F|  |TAMS 0x0000000086400000| PB 0x0000000086400000| Untracked 
|  71|0x0000000086500000, 0x0000000086500000, 0x0000000086600000|  0%| F|  |TAMS 0x0000000086500000| PB 0x0000000086500000| Untracked 
|  72|0x0000000086600000, 0x0000000086600000, 0x0000000086700000|  0%| F|  |TAMS 0x0000000086600000| PB 0x0000000086600000| Untracked 
|  73|0x0000000086700000, 0x0000000086700000, 0x0000000086800000|  0%| F|  |TAMS 0x0000000086700000| PB 0x0000000086700000| Untracked 
|  74|0x0000000086800000, 0x0000000086800000, 0x0000000086900000|  0%| F|  |TAMS 0x0000000086800000| PB 0x0000000086800000| Untracked 
|  75|0x0000000086900000, 0x0000000086900000, 0x0000000086a00000|  0%| F|  |TAMS 0x0000000086900000| PB 0x0000000086900000| Untracked 
|  76|0x0000000086a00000, 0x0000000086a00000, 0x0000000086b00000|  0%| F|  |TAMS 0x0000000086a00000| PB 0x0000000086a00000| Untracked 
|  77|0x0000000086b00000, 0x0000000086b00000, 0x0000000086c00000|  0%| F|  |TAMS 0x0000000086b00000| PB 0x0000000086b00000| Untracked 
|  78|0x0000000086c00000, 0x0000000086c00000, 0x0000000086d00000|  0%| F|  |TAMS 0x0000000086c00000| PB 0x0000000086c00000| Untracked 
|  79|0x0000000086d00000, 0x0000000086d00000, 0x0000000086e00000|  0%| F|  |TAMS 0x0000000086d00000| PB 0x0000000086d00000| Untracked 
|  80|0x0000000086e00000, 0x0000000086e00000, 0x0000000086f00000|  0%| F|  |TAMS 0x0000000086e00000| PB 0x0000000086e00000| Untracked 
|  81|0x0000000086f00000, 0x0000000086f00000, 0x0000000087000000|  0%| F|  |TAMS 0x0000000086f00000| PB 0x0000000086f00000| Untracked 
|  82|0x0000000087000000, 0x0000000087000000, 0x0000000087100000|  0%| F|  |TAMS 0x0000000087000000| PB 0x0000000087000000| Untracked 
|  83|0x0000000087100000, 0x0000000087100000, 0x0000000087200000|  0%| F|  |TAMS 0x0000000087100000| PB 0x0000000087100000| Untracked 
|  84|0x0000000087200000, 0x0000000087200000, 0x0000000087300000|  0%| F|  |TAMS 0x0000000087200000| PB 0x0000000087200000| Untracked 
|  85|0x0000000087300000, 0x0000000087300000, 0x0000000087400000|  0%| F|  |TAMS 0x0000000087300000| PB 0x0000000087300000| Untracked 
|  86|0x0000000087400000, 0x0000000087400000, 0x0000000087500000|  0%| F|  |TAMS 0x0000000087400000| PB 0x0000000087400000| Untracked 
|  87|0x0000000087500000, 0x0000000087500000, 0x0000000087600000|  0%| F|  |TAMS 0x0000000087500000| PB 0x0000000087500000| Untracked 
|  88|0x0000000087600000, 0x0000000087600000, 0x0000000087700000|  0%| F|  |TAMS 0x0000000087600000| PB 0x0000000087600000| Untracked 
|  89|0x0000000087700000, 0x0000000087700000, 0x0000000087800000|  0%| F|  |TAMS 0x0000000087700000| PB 0x0000000087700000| Untracked 
|  90|0x0000000087800000, 0x0000000087800000, 0x0000000087900000|  0%| F|  |TAMS 0x0000000087800000| PB 0x0000000087800000| Untracked 
|  91|0x0000000087900000, 0x0000000087900000, 0x0000000087a00000|  0%| F|  |TAMS 0x0000000087900000| PB 0x0000000087900000| Untracked 
|  92|0x0000000087a00000, 0x0000000087a00000, 0x0000000087b00000|  0%| F|  |TAMS 0x0000000087a00000| PB 0x0000000087a00000| Untracked 
|  93|0x0000000087b00000, 0x0000000087c00000, 0x0000000087c00000|100%| S|CS|TAMS 0x0000000087b00000| PB 0x0000000087b00000| Complete 
|  94|0x0000000087c00000, 0x0000000087d00000, 0x0000000087d00000|100%| S|CS|TAMS 0x0000000087c00000| PB 0x0000000087c00000| Complete 
|  95|0x0000000087d00000, 0x0000000087e00000, 0x0000000087e00000|100%| S|CS|TAMS 0x0000000087d00000| PB 0x0000000087d00000| Complete 
|  96|0x0000000087e00000, 0x0000000087e00000, 0x0000000087f00000|  0%| F|  |TAMS 0x0000000087e00000| PB 0x0000000087e00000| Untracked 
|  97|0x0000000087f00000, 0x0000000087f00000, 0x0000000088000000|  0%| F|  |TAMS 0x0000000087f00000| PB 0x0000000087f00000| Untracked 
|  98|0x0000000088000000, 0x0000000088000000, 0x0000000088100000|  0%| F|  |TAMS 0x0000000088000000| PB 0x0000000088000000| Untracked 
|  99|0x0000000088100000, 0x0000000088100000, 0x0000000088200000|  0%| F|  |TAMS 0x0000000088100000| PB 0x0000000088100000| Untracked 
| 100|0x0000000088200000, 0x0000000088200000, 0x0000000088300000|  0%| F|  |TAMS 0x0000000088200000| PB 0x0000000088200000| Untracked 
| 101|0x0000000088300000, 0x0000000088300000, 0x0000000088400000|  0%| F|  |TAMS 0x0000000088300000| PB 0x0000000088300000| Untracked 
| 102|0x0000000088400000, 0x0000000088400000, 0x0000000088500000|  0%| F|  |TAMS 0x0000000088400000| PB 0x0000000088400000| Untracked 
| 103|0x0000000088500000, 0x0000000088500000, 0x0000000088600000|  0%| F|  |TAMS 0x0000000088500000| PB 0x0000000088500000| Untracked 
| 104|0x0000000088600000, 0x0000000088600000, 0x0000000088700000|  0%| F|  |TAMS 0x0000000088600000| PB 0x0000000088600000| Untracked 
| 105|0x0000000088700000, 0x0000000088700000, 0x0000000088800000|  0%| F|  |TAMS 0x0000000088700000| PB 0x0000000088700000| Untracked 
| 106|0x0000000088800000, 0x0000000088800000, 0x0000000088900000|  0%| F|  |TAMS 0x0000000088800000| PB 0x0000000088800000| Untracked 
| 107|0x0000000088900000, 0x0000000088900000, 0x0000000088a00000|  0%| F|  |TAMS 0x0000000088900000| PB 0x0000000088900000| Untracked 
| 108|0x0000000088a00000, 0x0000000088a00000, 0x0000000088b00000|  0%| F|  |TAMS 0x0000000088a00000| PB 0x0000000088a00000| Untracked 
| 109|0x0000000088b00000, 0x0000000088b00000, 0x0000000088c00000|  0%| F|  |TAMS 0x0000000088b00000| PB 0x0000000088b00000| Untracked 
| 110|0x0000000088c00000, 0x0000000088c00000, 0x0000000088d00000|  0%| F|  |TAMS 0x0000000088c00000| PB 0x0000000088c00000| Untracked 
| 111|0x0000000088d00000, 0x0000000088d00000, 0x0000000088e00000|  0%| F|  |TAMS 0x0000000088d00000| PB 0x0000000088d00000| Untracked 
| 112|0x0000000088e00000, 0x0000000088e00000, 0x0000000088f00000|  0%| F|  |TAMS 0x0000000088e00000| PB 0x0000000088e00000| Untracked 
| 113|0x0000000088f00000, 0x0000000088f00000, 0x0000000089000000|  0%| F|  |TAMS 0x0000000088f00000| PB 0x0000000088f00000| Untracked 
| 114|0x0000000089000000, 0x0000000089000000, 0x0000000089100000|  0%| F|  |TAMS 0x0000000089000000| PB 0x0000000089000000| Untracked 
| 115|0x0000000089100000, 0x0000000089100000, 0x0000000089200000|  0%| F|  |TAMS 0x0000000089100000| PB 0x0000000089100000| Untracked 
| 116|0x0000000089200000, 0x0000000089200000, 0x0000000089300000|  0%| F|  |TAMS 0x0000000089200000| PB 0x0000000089200000| Untracked 
| 117|0x0000000089300000, 0x0000000089361ac0, 0x0000000089400000| 38%| E|  |TAMS 0x0000000089300000| PB 0x0000000089300000| Complete 
| 118|0x0000000089400000, 0x0000000089500000, 0x0000000089500000|100%| E|CS|TAMS 0x0000000089400000| PB 0x0000000089400000| Complete 
| 119|0x0000000089500000, 0x0000000089600000, 0x0000000089600000|100%| E|CS|TAMS 0x0000000089500000| PB 0x0000000089500000| Complete 
| 120|0x0000000089600000, 0x0000000089700000, 0x0000000089700000|100%| E|CS|TAMS 0x0000000089600000| PB 0x0000000089600000| Complete 
| 121|0x0000000089700000, 0x0000000089800000, 0x0000000089800000|100%| E|CS|TAMS 0x0000000089700000| PB 0x0000000089700000| Complete 
| 122|0x0000000089800000, 0x0000000089900000, 0x0000000089900000|100%| E|CS|TAMS 0x0000000089800000| PB 0x0000000089800000| Complete 
| 123|0x0000000089900000, 0x0000000089a00000, 0x0000000089a00000|100%| E|CS|TAMS 0x0000000089900000| PB 0x0000000089900000| Complete 
| 124|0x0000000089a00000, 0x0000000089b00000, 0x0000000089b00000|100%| E|CS|TAMS 0x0000000089a00000| PB 0x0000000089a00000| Complete 
| 125|0x0000000089b00000, 0x0000000089c00000, 0x0000000089c00000|100%| E|CS|TAMS 0x0000000089b00000| PB 0x0000000089b00000| Complete 
| 126|0x0000000089c00000, 0x0000000089d00000, 0x0000000089d00000|100%| E|CS|TAMS 0x0000000089c00000| PB 0x0000000089c00000| Complete 
| 127|0x0000000089d00000, 0x0000000089e00000, 0x0000000089e00000|100%| E|CS|TAMS 0x0000000089d00000| PB 0x0000000089d00000| Complete 

Card table byte_map: [0x000001bca7bb0000,0x000001bca7fb0000] _byte_map_base: 0x000001bca77a1000

Marking Bits: (CMBitMap*) 0x000001bc90431750
 Bits: [0x000001bca83b0000, 0x000001bcaa338000)

Polling page: 0x000001bc8e370000

Metaspace:

Usage:
  Non-class:     12.80 MB used.
      Class:      1.90 MB used.
       Both:     14.70 MB used.

Virtual space:
  Non-class space:       64.00 MB reserved,      12.94 MB ( 20%) committed,  1 nodes.
      Class space:        1.00 GB reserved,       2.00 MB ( <1%) committed,  1 nodes.
             Both:        1.06 GB reserved,      14.94 MB (  1%) committed. 

Chunk freelists:
   Non-Class:  2.30 MB
       Class:  1.94 MB
        Both:  4.24 MB

MaxMetaspaceSize: unlimited
CompressedClassSpaceSize: 1.00 GB
Initial GC threshold: 21.00 MB
Current GC threshold: 21.00 MB
CDS: on
MetaspaceReclaimPolicy: balanced
 - commit_granule_bytes: 65536.
 - commit_granule_words: 8192.
 - virtual_space_node_default_size: 8388608.
 - enlarge_chunks_in_place: 1.
 - new_chunks_are_fully_committed: 0.
 - uncommit_free_chunks: 1.
 - use_allocation_guard: 0.


Internal statistics:

num_allocs_failed_limit: 0.
num_arena_births: 238.
num_arena_deaths: 0.
num_vsnodes_births: 2.
num_vsnodes_deaths: 0.
num_space_committed: 239.
num_space_uncommitted: 0.
num_chunks_returned_to_freelist: 0.
num_chunks_taken_from_freelist: 742.
num_chunk_merges: 0.
num_chunk_splits: 479.
num_chunks_enlarged: 363.
num_inconsistent_stats: 0.

CodeHeap 'non-profiled nmethods': size=120000Kb used=879Kb max_used=879Kb free=119120Kb
 bounds [0x000001bc9ff50000, 0x000001bca01c0000, 0x000001bca7480000]
CodeHeap 'profiled nmethods': size=120000Kb used=4364Kb max_used=4364Kb free=115635Kb
 bounds [0x000001bc98480000, 0x000001bc988d0000, 0x000001bc9f9b0000]
CodeHeap 'non-nmethods': size=5760Kb used=1452Kb max_used=1497Kb free=4307Kb
 bounds [0x000001bc9f9b0000, 0x000001bc9fc20000, 0x000001bc9ff50000]
 total_blobs=2731 nmethods=2244 adapters=397
 compilation: enabled
              stopped_count=0, restarted_count=0
 full_count=0

Compilation events (20 events):
Event: 1.991 Thread 0x000001bcacd99d40 2236       3       java.lang.invoke.DirectMethodHandle$Holder::invokeStatic (20 bytes)
Event: 1.991 Thread 0x000001bcacd99d40 nmethod 2236 0x000001bc988bf110 code [0x000001bc988bf2c0, 0x000001bc988bf7d8]
Event: 1.991 Thread 0x000001bcacd99d40 2237       3       org.springframework.core.annotation.AttributeMethods::get (22 bytes)
Event: 1.991 Thread 0x000001bcacd99d40 nmethod 2237 0x000001bc988bf910 code [0x000001bc988bfac0, 0x000001bc988bfcb0]
Event: 1.991 Thread 0x000001bcacd99d40 2238   !   3       jdk.proxy2.$Proxy25::annotation (29 bytes)
Event: 1.991 Thread 0x000001bcacd99d40 nmethod 2238 0x000001bc988bfd90 code [0x000001bc988bff40, 0x000001bc988c0330]
Event: 1.992 Thread 0x000001bcacd99d40 2240       3       java.util.ArrayList::addAll (76 bytes)
Event: 1.992 Thread 0x000001bcacd99d40 nmethod 2240 0x000001bc988c0510 code [0x000001bc988c06e0, 0x000001bc988c0b78]
Event: 1.992 Thread 0x000001bcacd99d40 2239       3       org.springframework.core.annotation.AnnotationTypeMapping::isBetterConventionAnnotationValue (42 bytes)
Event: 1.992 Thread 0x000001bcacd99d40 nmethod 2239 0x000001bc988c0d10 code [0x000001bc988c0ec0, 0x000001bc988c1130]
Event: 1.992 Thread 0x000001bcacd99d40 2241       3       java.lang.invoke.MethodType::methodType (44 bytes)
Event: 1.993 Thread 0x000001bcacd99d40 nmethod 2241 0x000001bc988c1290 code [0x000001bc988c1460, 0x000001bc988c1918]
Event: 1.993 Thread 0x000001bcacd99d40 2242       3       org.springframework.core.annotation.TypeMappedAnnotation::getDistance (8 bytes)
Event: 1.993 Thread 0x000001bcacd99d40 nmethod 2242 0x000001bc988c1a90 code [0x000001bc988c1c20, 0x000001bc988c1d50]
Event: 1.993 Thread 0x000001bcb1252170 nmethod 2235 0x000001bca002af10 code [0x000001bca002b0a0, 0x000001bca002b318]
Event: 1.994 Thread 0x000001bcacd99d40 2243       3       org.springframework.core.annotation.RepeatableContainers$StandardRepeatableContainers::findRepeatedAnnotations (29 bytes)
Event: 1.994 Thread 0x000001bcacd99d40 nmethod 2243 0x000001bc988c1e10 code [0x000001bc988c2020, 0x000001bc988c2910]
Event: 1.994 Thread 0x000001bcacd99d40 2244       3       org.springframework.core.annotation.RepeatableContainers$StandardRepeatableContainers::getRepeatedAnnotationsMethod (31 bytes)
Event: 1.994 Thread 0x000001bcacd99d40 nmethod 2244 0x000001bc988c2b90 code [0x000001bc988c2d60, 0x000001bc988c3208]
Event: 1.995 Thread 0x000001bcacd99d40 2245       3       org.springframework.core.ResolvableType::getGenerics (171 bytes)

GC Heap History (4 events):
Event: 0.853 GC heap before
{Heap before GC invocations=0 (full 0):
 garbage-first heap   total 131072K, used 24576K [0x0000000081e00000, 0x0000000100000000)
  region size 1024K, 23 young (23552K), 0 survivors (0K)
 Metaspace       used 5005K, committed 5184K, reserved 1114112K
  class space    used 614K, committed 704K, reserved 1048576K
}
Event: 0.860 GC heap after
{Heap after GC invocations=1 (full 0):
 garbage-first heap   total 131072K, used 7046K [0x0000000081e00000, 0x0000000100000000)
  region size 1024K, 3 young (3072K), 3 survivors (3072K)
 Metaspace       used 5005K, committed 5184K, reserved 1114112K
  class space    used 614K, committed 704K, reserved 1048576K
}
Event: 1.843 GC heap before
{Heap before GC invocations=1 (full 0):
 garbage-first heap   total 131072K, used 36742K [0x0000000081e00000, 0x0000000100000000)
  region size 1024K, 32 young (32768K), 3 survivors (3072K)
 Metaspace       used 12590K, committed 12928K, reserved 1114112K
  class space    used 1592K, committed 1728K, reserved 1048576K
}
Event: 1.849 GC heap after
{Heap after GC invocations=2 (full 0):
 garbage-first heap   total 131072K, used 10315K [0x0000000081e00000, 0x0000000100000000)
  region size 1024K, 3 young (3072K), 3 survivors (3072K)
 Metaspace       used 12590K, committed 12928K, reserved 1114112K
  class space    used 1592K, committed 1728K, reserved 1048576K
}

Dll operation events (10 events):
Event: 0.012 Loaded shared library C:\Program Files\Java\jdk-20\bin\java.dll
Event: 0.027 Loaded shared library C:\Program Files\Java\jdk-20\bin\jsvml.dll
Event: 0.166 Loaded shared library C:\Program Files\Java\jdk-20\bin\zip.dll
Event: 0.168 Loaded shared library C:\Program Files\Java\jdk-20\bin\instrument.dll
Event: 0.173 Loaded shared library C:\Program Files\Java\jdk-20\bin\net.dll
Event: 0.175 Loaded shared library C:\Program Files\Java\jdk-20\bin\nio.dll
Event: 0.179 Loaded shared library C:\Program Files\Java\jdk-20\bin\zip.dll
Event: 0.193 Loaded shared library C:\Program Files\JetBrains\IntelliJ IDEA 2023.1.1\bin\breakgen64.dll
Event: 0.202 Loaded shared library C:\Program Files\Java\jdk-20\bin\extnet.dll
Event: 0.343 Loaded shared library C:\Program Files\Java\jdk-20\bin\jimage.dll

Deoptimization events (20 events):
Event: 1.760 Thread 0x000001bc903d05c0 Uncommon trap: trap_request=0xffffffde fr.pc=0x000001bc9ffba18c relative=0x000000000000042c
Event: 1.760 Thread 0x000001bc903d05c0 Uncommon trap: reason=class_check action=maybe_recompile pc=0x000001bc9ffba18c method=java.io.BufferedReader.read()I @ 6 c2
Event: 1.760 Thread 0x000001bc903d05c0 DEOPT PACKING pc=0x000001bc9ffba18c sp=0x0000009f92dfb970
Event: 1.760 Thread 0x000001bc903d05c0 DEOPT UNPACKING pc=0x000001bc9fa19d22 sp=0x0000009f92dfb928 mode 2
Event: 1.760 Thread 0x000001bc903d05c0 Uncommon trap: trap_request=0xffffffde fr.pc=0x000001bc9ffba18c relative=0x000000000000042c
Event: 1.760 Thread 0x000001bc903d05c0 Uncommon trap: reason=class_check action=maybe_recompile pc=0x000001bc9ffba18c method=java.io.BufferedReader.read()I @ 6 c2
Event: 1.760 Thread 0x000001bc903d05c0 DEOPT PACKING pc=0x000001bc9ffba18c sp=0x0000009f92dfb970
Event: 1.760 Thread 0x000001bc903d05c0 DEOPT UNPACKING pc=0x000001bc9fa19d22 sp=0x0000009f92dfb928 mode 2
Event: 1.776 Thread 0x000001bc903d05c0 Uncommon trap: trap_request=0xfffffff4 fr.pc=0x000001bc9ffdfd20 relative=0x0000000000000280
Event: 1.776 Thread 0x000001bc903d05c0 Uncommon trap: reason=null_check action=make_not_entrant pc=0x000001bc9ffdfd20 method=java.util.ArrayList.add(Ljava/lang/Object;[Ljava/lang/Object;I)V @ 14 c2
Event: 1.776 Thread 0x000001bc903d05c0 DEOPT PACKING pc=0x000001bc9ffdfd20 sp=0x0000009f92dfb9a0
Event: 1.776 Thread 0x000001bc903d05c0 DEOPT UNPACKING pc=0x000001bc9fa19d22 sp=0x0000009f92dfb8e8 mode 2
Event: 1.786 Thread 0x000001bc903d05c0 Uncommon trap: trap_request=0xffffff45 fr.pc=0x000001bc9ff86b60 relative=0x0000000000000260
Event: 1.786 Thread 0x000001bc903d05c0 Uncommon trap: reason=unstable_if action=reinterpret pc=0x000001bc9ff86b60 method=java.lang.String.startsWith(Ljava/lang/String;I)Z @ 1 c2
Event: 1.786 Thread 0x000001bc903d05c0 DEOPT PACKING pc=0x000001bc9ff86b60 sp=0x0000009f92dfbd10
Event: 1.786 Thread 0x000001bc903d05c0 DEOPT UNPACKING pc=0x000001bc9fa19d22 sp=0x0000009f92dfbc78 mode 2
Event: 1.893 Thread 0x000001bc903d05c0 Uncommon trap: trap_request=0xffffff45 fr.pc=0x000001bca00167e0 relative=0x0000000000001000
Event: 1.893 Thread 0x000001bc903d05c0 Uncommon trap: reason=unstable_if action=reinterpret pc=0x000001bca00167e0 method=java.net.URL.<init>(Ljava/net/URL;Ljava/lang/String;Ljava/net/URLStreamHandler;)V @ 347 c2
Event: 1.893 Thread 0x000001bc903d05c0 DEOPT PACKING pc=0x000001bca00167e0 sp=0x0000009f92dfc620
Event: 1.893 Thread 0x000001bc903d05c0 DEOPT UNPACKING pc=0x000001bc9fa19d22 sp=0x0000009f92dfc5a0 mode 2

Classes loaded (20 events):
Event: 1.964 Loading class java/util/Collections$UnmodifiableMap$UnmodifiableEntrySet$1
Event: 1.965 Loading class java/util/Collections$UnmodifiableMap$UnmodifiableEntrySet$1 done
Event: 1.965 Loading class java/util/Collections$UnmodifiableMap$UnmodifiableEntrySet$UnmodifiableEntry
Event: 1.965 Loading class java/util/Collections$UnmodifiableMap$UnmodifiableEntrySet$UnmodifiableEntry done
Event: 1.968 Loading class java/lang/ThreadDeath
Event: 1.968 Loading class java/lang/ThreadDeath done
Event: 1.984 Loading class org/xml/sax/ErrorHandler
Event: 1.984 Loading class org/xml/sax/ErrorHandler done
Event: 1.984 Loading class org/xml/sax/SAXParseException
Event: 1.984 Loading class org/xml/sax/SAXParseException done
Event: 1.984 Loading class javax/xml/parsers/ParserConfigurationException
Event: 1.984 Loading class javax/xml/parsers/ParserConfigurationException done
Event: 1.985 Loading class org/xml/sax/EntityResolver
Event: 1.985 Loading class org/xml/sax/EntityResolver done
Event: 1.988 Loading class java/io/CharConversionException
Event: 1.988 Loading class java/io/CharConversionException done
Event: 1.990 Loading class java/util/OptionalDouble
Event: 1.990 Loading class java/util/OptionalDouble done
Event: 1.991 Loading class java/util/OptionalLong
Event: 1.991 Loading class java/util/OptionalLong done

Classes unloaded (0 events):
No events

Classes redefined (0 events):
No events

Internal exceptions (20 events):
Event: 1.386 Thread 0x000001bc903d05c0 Exception <a 'java/lang/NoSuchMethodError'{0x0000000088edfb50}: 'java.lang.Object java.lang.invoke.DirectMethodHandle$Holder.newInvokeSpecial(java.lang.Object, java.lang.Object, java.lang.Object, java.lang.Object, java.lang.Object, java.lang.Object, java.lang.Object)'> (0x0000000088edfb50) 
thrown [s\open\src\hotspot\share\interpreter\linkResolver.cpp, line 773]
Event: 1.388 Thread 0x000001bc903d05c0 Exception <a 'java/lang/NoSuchMethodError'{0x0000000088ef0be8}: 'java.lang.Object java.lang.invoke.DirectMethodHandle$Holder.invokeInterface(java.lang.Object, java.lang.Object, java.lang.Object, java.lang.Object, java.lang.Object)'> (0x0000000088ef0be8) 
thrown [s\open\src\hotspot\share\interpreter\linkResolver.cpp, line 773]
Event: 1.388 Thread 0x000001bc903d05c0 Exception <a 'java/lang/IncompatibleClassChangeError'{0x0000000088ef4710}: Found class java.lang.Object, but interface was expected> (0x0000000088ef4710) 
thrown [s\open\src\hotspot\share\interpreter\linkResolver.cpp, line 840]
Event: 1.486 Thread 0x000001bc903d05c0 Exception <a 'java/lang/IncompatibleClassChangeError'{0x0000000088a22638}: Found class java.lang.Object, but interface was expected> (0x0000000088a22638) 
thrown [s\open\src\hotspot\share\interpreter\linkResolver.cpp, line 840]
Event: 1.693 Thread 0x000001bc903d05c0 Implicit null exception at 0x000001bc9ffb1420 to 0x000001bc9ffb1650
Event: 1.711 Thread 0x000001bc903d05c0 Exception <a 'java/lang/NoSuchMethodError'{0x00000000882dd3a0}: 'java.lang.Object java.lang.invoke.DirectMethodHandle$Holder.invokeSpecial(java.lang.Object, java.lang.Object, java.lang.Object, java.lang.Object, java.lang.Object, java.lang.Object, int)'> (0x00000000882dd3a0) 
thrown [s\open\src\hotspot\share\interpreter\linkResolver.cpp, line 773]
Event: 1.712 Thread 0x000001bc903d05c0 Exception <a 'java/lang/NoSuchMethodError'{0x00000000882e7bb8}: 'java.lang.Object java.lang.invoke.DirectMethodHandle$Holder.newInvokeSpecial(java.lang.Object, java.lang.Object, java.lang.Object, java.lang.Object, java.lang.Object, java.lang.Object, int)'> (0x00000000882e7bb8) 
thrown [s\open\src\hotspot\share\interpreter\linkResolver.cpp, line 773]
Event: 1.713 Thread 0x000001bc903d05c0 Exception <a 'java/lang/NoSuchMethodError'{0x00000000882ec6c8}: 'java.lang.Object java.lang.invoke.DirectMethodHandle$Holder.invokeSpecial(java.lang.Object, java.lang.Object, java.lang.Object, java.lang.Object, java.lang.Object, java.lang.Object, java.lang.Object, int)'> (0x00000000882ec6c8) 
thrown [s\open\src\hotspot\share\interpreter\linkResolver.cpp, line 773]
Event: 1.752 Thread 0x000001bc903d05c0 Exception <a 'java/lang/NoSuchMethodError'{0x0000000088023808}: 'void java.lang.invoke.DirectMethodHandle$Holder.invokeStatic(java.lang.Object, java.lang.Object, java.lang.Object, java.lang.Object, java.lang.Object, java.lang.Object)'> (0x0000000088023808) 
thrown [s\open\src\hotspot\share\interpreter\linkResolver.cpp, line 773]
Event: 1.776 Thread 0x000001bc903d05c0 Implicit null exception at 0x000001bc9ffdfb32 to 0x000001bc9ffdfd10
Event: 1.777 Thread 0x000001bc903d05c0 Exception <a 'java/lang/NoSuchMethodError'{0x00000000880f4a20}: 'java.lang.Object java.lang.invoke.DirectMethodHandle$Holder.invokeSpecial(java.lang.Object, java.lang.Object, java.lang.Object, int, java.lang.Object)'> (0x00000000880f4a20) 
thrown [s\open\src\hotspot\share\interpreter\linkResolver.cpp, line 773]
Event: 1.777 Thread 0x000001bc903d05c0 Exception <a 'java/lang/NoSuchMethodError'{0x00000000880fd228}: 'java.lang.Object java.lang.invoke.DirectMethodHandle$Holder.newInvokeSpecial(java.lang.Object, java.lang.Object, java.lang.Object, int, java.lang.Object)'> (0x00000000880fd228) 
thrown [s\open\src\hotspot\share\interpreter\linkResolver.cpp, line 773]
Event: 1.777 Thread 0x000001bc903d05c0 Exception <a 'java/lang/NoSuchMethodError'{0x0000000087f050c0}: 'java.lang.Object java.lang.invoke.Invokers$Holder.linkToTargetMethod(java.lang.Object, java.lang.Object, int, java.lang.Object, java.lang.Object)'> (0x0000000087f050c0) 
thrown [s\open\src\hotspot\share\interpreter\linkResolver.cpp, line 773]
Event: 1.778 Thread 0x000001bc903d05c0 Exception <a 'java/lang/NoSuchMethodError'{0x0000000087f13c80}: 'java.lang.Object java.lang.invoke.DirectMethodHandle$Holder.newInvokeSpecial(java.lang.Object, int, java.lang.Object)'> (0x0000000087f13c80) 
thrown [s\open\src\hotspot\share\interpreter\linkResolver.cpp, line 773]
Event: 1.825 Thread 0x000001bc903d05c0 Exception <a 'java/lang/NoSuchMethodError'{0x0000000087e876b8}: 'java.lang.Object java.lang.invoke.DirectMethodHandle$Holder.invokeStatic(java.lang.Object, long, java.lang.Object)'> (0x0000000087e876b8) 
thrown [s\open\src\hotspot\share\interpreter\linkResolver.cpp, line 773]
Event: 1.825 Thread 0x000001bc903d05c0 Exception <a 'java/lang/NoSuchMethodError'{0x0000000087e8b270}: 'java.lang.Object java.lang.invoke.DirectMethodHandle$Holder.invokeStaticInit(java.lang.Object, long, java.lang.Object)'> (0x0000000087e8b270) 
thrown [s\open\src\hotspot\share\interpreter\linkResolver.cpp, line 773]
Event: 1.825 Thread 0x000001bc903d05c0 Exception <a 'java/lang/NoSuchMethodError'{0x0000000087e91530}: 'java.lang.Object java.lang.invoke.DirectMethodHandle$Holder.newInvokeSpecial(java.lang.Object, long)'> (0x0000000087e91530) 
thrown [s\open\src\hotspot\share\interpreter\linkResolver.cpp, line 773]
Event: 1.839 Thread 0x000001bc903d05c0 Exception <a 'java/lang/NoSuchMethodError'{0x0000000087ed8150}: 'void java.lang.invoke.DirectMethodHandle$Holder.invokeVirtual(java.lang.Object, java.lang.Object, java.lang.Object, java.lang.Object)'> (0x0000000087ed8150) 
thrown [s\open\src\hotspot\share\interpreter\linkResolver.cpp, line 773]
Event: 1.891 Thread 0x000001bc903d05c0 Exception <a 'java/lang/IncompatibleClassChangeError'{0x0000000089cb8a80}: Found class java.lang.Object, but interface was expected> (0x0000000089cb8a80) 
thrown [s\open\src\hotspot\share\interpreter\linkResolver.cpp, line 840]
Event: 1.896 Thread 0x000001bc903d05c0 Exception <a 'java/lang/NoSuchMethodError'{0x0000000089cd7108}: 'java.lang.Object java.lang.invoke.DirectMethodHandle$Holder.invokeStaticInit(java.lang.Object, int, java.lang.Object)'> (0x0000000089cd7108) 
thrown [s\open\src\hotspot\share\interpreter\linkResolver.cpp, line 773]

VM Operations (20 events):
Event: 0.983 Executing VM operation: HandshakeAllThreads
Event: 0.983 Executing VM operation: HandshakeAllThreads done
Event: 0.984 Executing VM operation: HandshakeAllThreads
Event: 0.984 Executing VM operation: HandshakeAllThreads done
Event: 1.073 Executing VM operation: HandshakeAllThreads
Event: 1.073 Executing VM operation: HandshakeAllThreads done
Event: 1.234 Executing VM operation: HandshakeAllThreads
Event: 1.234 Executing VM operation: HandshakeAllThreads done
Event: 1.328 Executing VM operation: ICBufferFull
Event: 1.328 Executing VM operation: ICBufferFull done
Event: 1.391 Executing VM operation: HandshakeAllThreads
Event: 1.391 Executing VM operation: HandshakeAllThreads done
Event: 1.758 Executing VM operation: HandshakeAllThreads
Event: 1.758 Executing VM operation: HandshakeAllThreads done
Event: 1.792 Executing VM operation: HandshakeAllThreads
Event: 1.792 Executing VM operation: HandshakeAllThreads done
Event: 1.842 Executing VM operation: G1CollectForAllocation
Event: 1.849 Executing VM operation: G1CollectForAllocation done
Event: 1.878 Executing VM operation: HandshakeAllThreads
Event: 1.878 Executing VM operation: HandshakeAllThreads done

Events (14 events):
Event: 0.027 Thread 0x000001bc903d05c0 Thread added: 0x000001bc903d05c0
Event: 0.045 Thread 0x000001bcacd78b30 Thread added: 0x000001bcacd78b30
Event: 0.045 Thread 0x000001bcacd79ad0 Thread added: 0x000001bcacd79ad0
Event: 0.046 Thread 0x000001bcacd7ea70 Thread added: 0x000001bcacd7ea70
Event: 0.046 Thread 0x000001bcacd7f5b0 Thread added: 0x000001bcacd7f5b0
Event: 0.046 Thread 0x000001bcacd83f20 Thread added: 0x000001bcacd83f20
Event: 0.046 Thread 0x000001bcacd84860 Thread added: 0x000001bcacd84860
Event: 0.046 Thread 0x000001bcacd913b0 Thread added: 0x000001bcacd913b0
Event: 0.046 Thread 0x000001bcacd99d40 Thread added: 0x000001bcacd99d40
Event: 0.140 Thread 0x000001bcacd43920 Thread added: 0x000001bcacd43920
Event: 0.194 Thread 0x000001bcb118ec10 Thread added: 0x000001bcb118ec10
Event: 0.194 Thread 0x000001bcb1190170 Thread added: 0x000001bcb1190170
Event: 0.214 Thread 0x000001bcb1252170 Thread added: 0x000001bcb1252170
Event: 1.888 Thread 0x000001bcb2bcce20 Thread added: 0x000001bcb2bcce20


Dynamic libraries:
0x00007ff6db1f0000 - 0x00007ff6db200000 	C:\Program Files\Java\jdk-20\bin\java.exe
0x00007ffb318b0000 - 0x00007ffb31aa8000 	C:\WINDOWS\SYSTEM32\ntdll.dll
0x00007ffb314a0000 - 0x00007ffb3155f000 	C:\WINDOWS\System32\KERNEL32.DLL
0x00007ffb2f370000 - 0x00007ffb2f666000 	C:\WINDOWS\System32\KERNELBASE.dll
0x00007ffb2f810000 - 0x00007ffb2f910000 	C:\WINDOWS\System32\ucrtbase.dll
0x00007ffb114e0000 - 0x00007ffb114f9000 	C:\Program Files\Java\jdk-20\bin\jli.dll
0x00007ffb15dd0000 - 0x00007ffb15deb000 	C:\Program Files\Java\jdk-20\bin\VCRUNTIME140.dll
0x00007ffb31270000 - 0x00007ffb3131f000 	C:\WINDOWS\System32\ADVAPI32.dll
0x00007ffb30e50000 - 0x00007ffb30eee000 	C:\WINDOWS\System32\msvcrt.dll
0x00007ffb310a0000 - 0x00007ffb3113c000 	C:\WINDOWS\System32\sechost.dll
0x00007ffb31740000 - 0x00007ffb31866000 	C:\WINDOWS\System32\RPCRT4.dll
0x00007ffb2fac0000 - 0x00007ffb2fc5d000 	C:\WINDOWS\System32\USER32.dll
0x00007ffb2f2a0000 - 0x00007ffb2f2c2000 	C:\WINDOWS\System32\win32u.dll
0x00007ffb19ec0000 - 0x00007ffb1a15a000 	C:\WINDOWS\WinSxS\amd64_microsoft.windows.common-controls_6595b64144ccf1df_6.0.19041.1110_none_60b5254171f9507e\COMCTL32.dll
0x00007ffb2fcc0000 - 0x00007ffb2fcec000 	C:\WINDOWS\System32\GDI32.dll
0x00007ffb2f180000 - 0x00007ffb2f295000 	C:\WINDOWS\System32\gdi32full.dll
0x00007ffb2f2d0000 - 0x00007ffb2f36d000 	C:\WINDOWS\System32\msvcp_win.dll
0x00007ffb27420000 - 0x00007ffb2742a000 	C:\WINDOWS\SYSTEM32\VERSION.dll
0x00007ffb309b0000 - 0x00007ffb309e0000 	C:\WINDOWS\System32\IMM32.DLL
0x00007ffb18830000 - 0x00007ffb1883c000 	C:\Program Files\Java\jdk-20\bin\vcruntime140_1.dll
0x00007ffafdc30000 - 0x00007ffafdcbe000 	C:\Program Files\Java\jdk-20\bin\msvcp140.dll
0x00007ffaf0350000 - 0x00007ffaf0fe7000 	C:\Program Files\Java\jdk-20\bin\server\jvm.dll
0x00007ffb28c40000 - 0x00007ffb28c49000 	C:\WINDOWS\SYSTEM32\WSOCK32.dll
0x00007ffb18bc0000 - 0x00007ffb18be7000 	C:\WINDOWS\SYSTEM32\WINMM.dll
0x00007ffb30860000 - 0x00007ffb308cb000 	C:\WINDOWS\System32\WS2_32.dll
0x00007ffb2d7c0000 - 0x00007ffb2d7d2000 	C:\WINDOWS\SYSTEM32\kernel.appcore.dll
0x00007ffb187b0000 - 0x00007ffb187ba000 	C:\Program Files\Java\jdk-20\bin\jimage.dll
0x00007ffb2d570000 - 0x00007ffb2d754000 	C:\WINDOWS\SYSTEM32\DBGHELP.DLL
0x00007ffb1b000000 - 0x00007ffb1b034000 	C:\WINDOWS\SYSTEM32\dbgcore.DLL
0x00007ffb2f0f0000 - 0x00007ffb2f172000 	C:\WINDOWS\System32\bcryptPrimitives.dll
0x00007ffb29610000 - 0x00007ffb2961e000 	C:\Program Files\Java\jdk-20\bin\instrument.dll
0x00007ffb05050000 - 0x00007ffb05076000 	C:\Program Files\Java\jdk-20\bin\java.dll
0x00007ffafd720000 - 0x00007ffafd7f7000 	C:\Program Files\Java\jdk-20\bin\jsvml.dll
0x00007ffb30060000 - 0x00007ffb307a4000 	C:\WINDOWS\System32\SHELL32.dll
0x00007ffb2cdd0000 - 0x00007ffb2d563000 	C:\WINDOWS\SYSTEM32\windows.storage.dll
0x00007ffb2fcf0000 - 0x00007ffb30044000 	C:\WINDOWS\System32\combase.dll
0x00007ffb2e820000 - 0x00007ffb2e84e000 	C:\WINDOWS\SYSTEM32\Wldp.dll
0x00007ffb307b0000 - 0x00007ffb3085d000 	C:\WINDOWS\System32\SHCORE.dll
0x00007ffb31560000 - 0x00007ffb315b5000 	C:\WINDOWS\System32\shlwapi.dll
0x00007ffb2eed0000 - 0x00007ffb2eeef000 	C:\WINDOWS\SYSTEM32\profapi.dll
0x00007ffb085e0000 - 0x00007ffb085f8000 	C:\Program Files\Java\jdk-20\bin\zip.dll
0x00007ffb0c8b0000 - 0x00007ffb0c8c3000 	C:\Program Files\Java\jdk-20\bin\net.dll
0x00007ffb25aa0000 - 0x00007ffb25baa000 	C:\WINDOWS\SYSTEM32\WINHTTP.dll
0x00007ffb2e600000 - 0x00007ffb2e66a000 	C:\WINDOWS\system32\mswsock.dll
0x00007ffb0ba40000 - 0x00007ffb0ba56000 	C:\Program Files\Java\jdk-20\bin\nio.dll
0x00007ffb135b0000 - 0x00007ffb135ca000 	C:\Program Files\JetBrains\IntelliJ IDEA 2023.1.1\bin\breakgen64.dll
0x00007ffb13560000 - 0x00007ffb13567000 	C:\Program Files\Java\jdk-20\bin\extnet.dll

dbghelp: loaded successfully - version: 4.0.5 - missing functions: none
symbol engine: initialized successfully - sym options: 0x614 - pdb path: .;C:\Program Files\Java\jdk-20\bin;C:\WINDOWS\SYSTEM32;C:\WINDOWS\WinSxS\amd64_microsoft.windows.common-controls_6595b64144ccf1df_6.0.19041.1110_none_60b5254171f9507e;C:\Program Files\Java\jdk-20\bin\server;C:\Program Files\JetBrains\IntelliJ IDEA 2023.1.1\bin

VM Arguments:
jvm_args: -ea -Didea.test.cyclic.buffer.size=1048576 -javaagent:C:\Program Files\JetBrains\IntelliJ IDEA 2023.1.1\lib\idea_rt.jar=60348:C:\Program Files\JetBrains\IntelliJ IDEA 2023.1.1\bin -Dfile.encoding=UTF-8 -Dsun.stdout.encoding=UTF-8 -Dsun.stderr.encoding=UTF-8 
java_command: com.intellij.rt.junit.JUnitStarter -ideVersion5 -junit5 com.example.TDDSpringProject.OrderEntityRepoTest,testReadOrderById
java_class_path (initial): C:\Users\admin\.m2\repository\org\junit\platform\junit-platform-launcher\1.9.3\junit-platform-launcher-1.9.3.jar;C:\Program Files\JetBrains\IntelliJ IDEA 2023.1.1\lib\idea_rt.jar;C:\Program Files\JetBrains\IntelliJ IDEA 2023.1.1\plugins\junit\lib\junit5-rt.jar;C:\Program Files\JetBrains\IntelliJ IDEA 2023.1.1\plugins\junit\lib\junit-rt.jar;C:\Users\admin\CTAC-Program\Spring Boot\TDDSpringProject\target\test-classes;C:\Users\admin\CTAC-Program\Spring Boot\TDDSpringProject\target\classes;C:\Users\admin\.m2\repository\org\springframework\boot\spring-boot-starter-data-jpa\3.1.1\spring-boot-starter-data-jpa-3.1.1.jar;C:\Users\admin\.m2\repository\org\springframework\boot\spring-boot-starter-aop\3.1.1\spring-boot-starter-aop-3.1.1.jar;C:\Users\admin\.m2\repository\org\springframework\spring-aop\6.0.10\spring-aop-6.0.10.jar;C:\Users\admin\.m2\repository\org\aspectj\aspectjweaver\1.9.19\aspectjweaver-1.9.19.jar;C:\Users\admin\.m2\repository\org\springframework\boot\spring-boot-starter-jdbc\3.1.1\spring-boot-starter-jdbc-3.1.1.jar;C:\Users\admin\.m2\repository\com\zaxxer\HikariCP\5.0.1\HikariCP-5.0.1.jar;C:\Users\admin\.m2\repository\org\springframework\spring-jdbc\6.0.10\spring-jdbc-6.0.10.jar;C:\Users\admin\.m2\repository\org\hibernate\orm\hibernate-core\6.2.5.Final\hibernate-core-6.2.5.Final.jar;C:\Users\admin\.m2\repository\jakarta\persistence\jakarta.persistence-api\3.1.0\jakarta.persistence-api-3.1.0.jar;C:\Users\admin\.m2\repository\jakarta\transaction\jakarta.transaction-api\2.0.1\jakarta.transaction-api-2.0.1.jar;C:\Users\admin\.m2\repository\org\jboss\logging\jboss-logging\3.5.1.Final\jboss-logging-3.5.1.Final.jar;C:\Users\admin\.m2\repository\org\hibernate\common\hibernate-commons-annotations\6.0.6.Final\hibernate-commons-annotations-6.0.6.Final.jar;C:\Users\admin\.m2\repository\io\smallrye\jandex\3.0.5\jandex-3.0.5.jar;C:\Users\admin\.m2\repository\com\fasterxml\classmate\1.5.1\classmate-1.5.1.jar;C:\Users\admin\.m2\repository\net\bytebuddy\byte-buddy\1.14.5\byte-buddy-1.14.5.jar;C:\Users\admin\.m2\repository\org\glassfish\jaxb\jaxb-runtime\4.0.3\jaxb-runtime-4.0.3.jar;C:\Users\admin\.m2\repository\org\glassfish\jaxb\jaxb-core\4.0.3\jaxb-core-4.0.3.jar;C:\Users\admin\.m2\repository\org\glassfish\jaxb\txw2\4.0.3\txw2-4.0.3.jar;C:\Users\admin\.m2\repository\com\sun\istack\istack-commons-runtime\4.1.2\istack-commons-runtime-4.1.2.jar;C:\Users\admin\.m2\repository\jakarta\inject\jakarta.inject-api\2.0.1\jakarta.inject-api-2.0.1.jar;C:\Users\admin\.m2\repository\org\antlr\antlr4-runtime\4.10.1\antlr4-runtime-4.10.1.jar;C:\Users\admin\.m2\repository\org\springframework\data\spring-data-jpa\3.1.1\spring-data-jpa-3.1.1.jar;C:\Users\admin\.m2\repository\org\springframework\data\spring-data-commons\3.1.1\spring-data-commons-3.1.1.jar;C:\Users\admin\.m2\repository\org\springframework\spring-orm\6.0.10\spring-orm-6.0.10.jar;C:\Users\admin\.m2\repository\org\springframework\spring-context\6.0.10\spring-context-6.0.10.jar;C:\Users\admin\.m2\repository\org\springframework\spring-tx\6.0.10\spring-tx-6.0.10.jar;C:\Users\admin\.m2\repository\org\springframework\spring-beans\6.0.10\spring-beans-6.0.10.jar;C:\Users\admin\.m2\repository\jakarta\annotation\jakarta.annotation-api\2.1.1\jakarta.annotation-api-2.1.1.jar;C:\Users\admin\.m2\repository\org\slf4j\slf4j-api\2.0.7\slf4j-api-2.0.7.jar;C:\Users\admin\.m2\repository\org\springframework\spring-aspects\6.0.10\spring-aspects-6.0.10.jar;C:\Users\admin\.m2\repository\org\springframework\boot\spring-boot-starter-data-rest\3.1.1\spring-boot-starter-data-rest-3.1.1.jar;C:\Users\admin\.m2\repository\org\springframework\data\spring-data-rest-webmvc\4.1.1\spring-data-rest-webmvc-4.1.1.jar;C:\Users\admin\.m2\repository\org\springframework\data\spring-data-rest-core\4.1.1\spring-data-rest-core-4.1.1.jar;C:\Users\admin\.m2\repository\org\springframework\hateoas\spring-hateoas\2.1.0\spring-hateoas-2.1.0.jar;C:\Users\admin\.m2\repository\org\springframework\plugin\spring-plugin-core\3.0.0\spring-plugin-core-3.0.0.jar;C:\Users\admin\.m2\repository\org\atteo\evo-inflector\1.3\evo-inflector-1.3.jar;C:\Users\admin\.m2\repository\com\fasterxml\jackson\core\jackson-databind\2.15.2\jackson-databind-2.15.2.jar;C:\Users\admin\.m2\repository\com\fasterxml\jackson\core\jackson-core\2.15.2\jackson-core-2.15.2.jar;C:\Users\admin\.m2\repository\com\fasterxml\jackson\core\jackson-annotations\2.15.2\jackson-annotations-2.15.2.jar;C:\Users\admin\.m2\repository\org\springframework\boot\spring-boot-starter-thymeleaf\3.1.1\spring-boot-starter-thymeleaf-3.1.1.jar;C:\Users\admin\.m2\repository\org\springframework\boot\spring-boot-starter\3.1.1\spring-boot-starter-3.1.1.jar;C:\Users\admin\.m2\repository\org\springframework\boot\spring-boot\3.1.1\spring-boot-3.1.1.jar;C:\Users\admin\.m2\repository\org\springframework\boot\spring-boot-autoconfigure\3.1.1\spring-boot-autoconfigure-3.1.1.jar;C:\Users\admin\.m2\repository\org\springframework\boot\spring-boot-starter-logging\3.1.1\spring-boot-starter-logging-3.1.1.jar;C:\Users\admin\.m2\repository\ch\qos\logback\logback-classic\1.4.8\logback-classic-1.4.8.jar;C:\Users\admin\.m2\repository\ch\qos\logback\logback-core\1.4.8\logback-core-1.4.8.jar;C:\Users\admin\.m2\repository\org\apache\logging\log4j\log4j-to-slf4j\2.20.0\log4j-to-slf4j-2.20.0.jar;C:\Users\admin\.m2\repository\org\apache\logging\log4j\log4j-api\2.20.0\log4j-api-2.20.0.jar;C:\Users\admin\.m2\repository\org\slf4j\jul-to-slf4j\2.0.7\jul-to-slf4j-2.0.7.jar;C:\Users\admin\.m2\repository\org\yaml\snakeyaml\1.33\snakeyaml-1.33.jar;C:\Users\admin\.m2\repository\org\thymeleaf\thymeleaf-spring6\3.1.1.RELEASE\thymeleaf-spring6-3.1.1.RELEASE.jar;C:\Users\admin\.m2\repository\org\thymeleaf\thymeleaf\3.1.1.RELEASE\thymeleaf-3.1.1.RELEASE.jar;C:\Users\admin\.m2\repository\org\attoparser\attoparser\2.0.6.RELEASE\attoparser-2.0.6.RELEASE.jar;C:\Users\admin\.m2\repository\org\unbescape\unbescape\1.1.6.RELEASE\unbescape-1.1.6.RELEASE.jar;C:\Users\admin\.m2\repository\org\springframework\boot\spring-boot-starter-web\3.1.1\spring-boot-starter-web-3.1.1.jar;C:\Users\admin\.m2\repository\org\springframework\boot\spring-boot-starter-json\3.1.1\spring-boot-starter-json-3.1.1.jar;C:\Users\admin\.m2\repository\com\fasterxml\jackson\datatype\jackson-datatype-jdk8\2.15.2\jackson-datatype-jdk8-2.15.2.jar;C:\Users\admin\.m2\repository\com\fasterxml\jackson\datatype\jackson-datatype-jsr310\2.15.2\jackson-datatype-jsr310-2.15.2.jar;C:\Users\admin\.m2\repository\com\fasterxml\jackson\module\jackson-module-parameter-names\2.15.2\jackson-module-parameter-names-2.15.2.jar;C:\Users\admin\.m2\repository\org\springframework\boot\spring-boot-starter-tomcat\3.1.1\spring-boot-starter-tomcat-3.1.1.jar;C:\Users\admin\.m2\repository\org\apache\tomcat\embed\tomcat-embed-core\10.1.10\tomcat-embed-core-10.1.10.jar;C:\Users\admin\.m2\repository\org\apache\tomcat\embed\tomcat-embed-websocket\10.1.10\tomcat-embed-websocket-10.1.10.jar;C:\Users\admin\.m2\repository\org\springframework\spring-web\6.0.10\spring-web-6.0.10.jar;C:\Users\admin\.m2\repository\io\micrometer\micrometer-observation\1.11.1\micrometer-observation-1.11.1.jar;C:\Users\admin\.m2\repository\io\micrometer\micrometer-commons\1.11.1\micrometer-commons-1.11.1.jar;C:\Users\admin\.m2\repository\org\springframework\spring-webmvc\6.0.10\spring-webmvc-6.0.10.jar;C:\Users\admin\.m2\repository\org\springframework\spring-expression\6.0.10\spring-expression-6.0.10.jar;C:\Users\admin\.m2\repository\org\springframework\boot\spring-boot-starter-web-services\3.1.1\spring-boot-starter-web-services-3.1.1.jar;C:\Users\admin\.m2\repository\com\sun\xml\messaging\saaj\saaj-impl\3.0.2\saaj-impl-3.0.2.jar;C:\Users\admin\.m2\repository\jakarta\xml\soap\jakarta.xml.soap-api\3.0.0\jakarta.xml.soap-api-3.0.0.jar;C:\Users\admin\.m2\repository\org\jvnet\staxex\stax-ex\2.1.0\stax-ex-2.1.0.jar;C:\Users\admin\.m2\repository\jakarta\activation\jakarta.activation-api\2.1.2\jakarta.activation-api-2.1.2.jar;C:\Users\admin\.m2\repository\org\eclipse\angus\angus-activation\2.0.1\angus-activation-2.0.1.jar;C:\Users\admin\.m2\repository\jakarta\xml\ws\jakarta.xml.ws-api\4.0.0\jakarta.xml.ws-api-4.0.0.jar;C:\Users\admin\.m2\repository\org\springframework\spring-oxm\6.0.10\spring-oxm-6.0.10.jar;C:\Users\admin\.m2\repository\org\springframework\ws\spring-ws-core\4.0.5\spring-ws-core-4.0.5.jar;C:\Users\admin\.m2\repository\org\springframework\ws\spring-xml\4.0.5\spring-xml-4.0.5.jar;C:\Users\admin\.m2\repository\com\h2database\h2\2.1.214\h2-2.1.214.jar;C:\Users\admin\.m2\repository\org\projectlombok\lombok\1.18.28\lombok-1.18.28.jar;C:\Users\admin\.m2\repository\org\springframework\boot\spring-boot-starter-test\3.1.1\spring-boot-starter-test-3.1.1.jar;C:\Users\admin\.m2\repository\org\springframework\boot\spring-boot-test\3.1.1\spring-boot-test-3.1.1.jar;C:\Users\admin\.m2\repository\org\springframework\boot\spring-boot-test-autoconfigure\3.1.1\spring-boot-test-autoconfigure-3.1.1.jar;C:\Users\admin\.m2\repository\com\jayway\jsonpath\json-path\2.8.0\json-path-2.8.0.jar;C:\Users\admin\.m2\repository\jakarta\xml\bind\jakarta.xml.bind-api\4.0.0\jakarta.xml.bind-api-4.0.0.jar;C:\Users\admin\.m2\repository\net\minidev\json-smart\2.4.11\json-smart-2.4.11.jar;C:\Users\admin\.m2\repository\net\minidev\accessors-smart\2.4.11\accessors-smart-2.4.11.jar;C:\Users\admin\.m2\repository\org\ow2\asm\asm\9.3\asm-9.3.jar;C:\Users\admin\.m2\repository\org\assertj\assertj-core\3.24.2\assertj-core-3.24.2.jar;C:\Users\admin\.m2\repository\org\hamcrest\hamcrest\2.2\hamcrest-2.2.jar;C:\Users\admin\.m2\repository\org\junit\jupiter\junit-jupiter\5.9.3\junit-jupiter-5.9.3.jar;C:\Users\admin\.m2\repository\org\junit\jupiter\junit-jupiter-api\5.9.3\junit-jupiter-api-5.9.3.jar;C:\Users\admin\.m2\repository\org\opentest4j\opentest4j\1.2.0\opentest4j-1.2.0.jar;C:\Users\admin\.m2\repository\org\junit\platform\junit-platform-commons\1.9.3\junit-platform-commons-1.9.3.jar;C:\Users\admin\.m2\repository\org\apiguardian\apiguardian-api\1.1.2\apiguardian-api-1.1.2.jar;C:\Users\admin\.m2\repository\org\junit\jupiter\junit-jupiter-params\5.9.3\junit-jupiter-params-5.9.3.jar;C:\Users\admin\.m2\repository\org\junit\jupiter\junit-jupiter-engine\5.9.3\junit-jupiter-engine-5.9.3.jar;C:\Users\admin\.m2\repository\org\junit\platform\junit-platform-engine\1.9.3\junit-platform-engine-1.9.3.jar;C:\Users\admin\.m2\repository\org\mockito\mockito-core\5.3.1\mockito-core-5.3.1.jar;C:\Users\admin\.m2\repository\net\bytebuddy\byte-buddy-agent\1.14.5\byte-buddy-agent-1.14.5.jar;C:\Users\admin\.m2\repository\org\objenesis\objenesis\3.3\objenesis-3.3.jar;C:\Users\admin\.m2\repository\org\mockito\mockito-junit-jupiter\5.3.1\mockito-junit-jupiter-5.3.1.jar;C:\Users\admin\.m2\repository\org\skyscreamer\jsonassert\1.5.1\jsonassert-1.5.1.jar;C:\Users\admin\.m2\repository\com\vaadin\external\google\android-json\0.0.20131108.vaadin1\android-json-0.0.20131108.vaadin1.jar;C:\Users\admin\.m2\repository\org\springframework\spring-core\6.0.10\spring-core-6.0.10.jar;C:\Users\admin\.m2\repository\org\springframework\spring-jcl\6.0.10\spring-jcl-6.0.10.jar;C:\Users\admin\.m2\repository\org\springframework\spring-test\6.0.10\spring-test-6.0.10.jar;C:\Users\admin\.m2\repository\org\xmlunit\xmlunit-core\2.9.1\xmlunit-core-2.9.1.jar;C:\Users\admin\.m2\repository\org\springframework\restdocs\spring-restdocs-mockmvc\3.0.0\spring-restdocs-mockmvc-3.0.0.jar;C:\Users\admin\.m2\repository\org\springframework\restdocs\spring-restdocs-core\3.0.0\spring-restdocs-core-3.0.0.jar;C:\Users\admin\.m2\repository\jakarta\servlet\jakarta.servlet-api\6.0.0\jakarta.servlet-api-6.0.0.jar;C:\Users\admin\.m2\repository\org\springframework\boot\spring-boot-starter-validation\3.1.1\spring-boot-starter-validation-3.1.1.jar;C:\Users\admin\.m2\repository\org\apache\tomcat\embed\tomcat-embed-el\10.1.10\tomcat-embed-el-10.1.10.jar;C:\Users\admin\.m2\repository\org\hibernate\validator\hibernate-validator\8.0.0.Final\hibernate-validator-8.0.0.Final.jar;C:\Users\admin\.m2\repository\jakarta\validation\jakarta.validation-api\3.0.2\jakarta.validation-api-3.0.2.jar
Launcher Type: SUN_STANDARD

[Global flags]
     intx CICompilerCount                          = 4                                         {product} {ergonomic}
     uint ConcGCThreads                            = 2                                         {product} {ergonomic}
     uint G1ConcRefinementThreads                  = 8                                         {product} {ergonomic}
   size_t G1HeapRegionSize                         = 1048576                                   {product} {ergonomic}
    uintx GCDrainStackTargetSize                   = 64                                        {product} {ergonomic}
   size_t InitialHeapSize                          = 134217728                                 {product} {ergonomic}
   size_t MarkStackSize                            = 4194304                                   {product} {ergonomic}
   size_t MaxHeapSize                              = 2116026368                                {product} {ergonomic}
   size_t MaxNewSize                               = 1268776960                                {product} {ergonomic}
   size_t MinHeapDeltaBytes                        = 1048576                                   {product} {ergonomic}
   size_t MinHeapSize                              = 8388608                                   {product} {ergonomic}
    uintx NonNMethodCodeHeapSize                   = 5839372                                {pd product} {ergonomic}
    uintx NonProfiledCodeHeapSize                  = 122909434                              {pd product} {ergonomic}
    uintx ProfiledCodeHeapSize                     = 122909434                              {pd product} {ergonomic}
    uintx ReservedCodeCacheSize                    = 251658240                              {pd product} {ergonomic}
     bool SegmentedCodeCache                       = true                                      {product} {ergonomic}
   size_t SoftMaxHeapSize                          = 2116026368                             {manageable} {ergonomic}
     bool UseCompressedClassPointers               = true                           {product lp64_product} {ergonomic}
     bool UseCompressedOops                        = true                           {product lp64_product} {ergonomic}
     bool UseG1GC                                  = true                                      {product} {ergonomic}
     bool UseLargePagesIndividualAllocation        = false                                  {pd product} {ergonomic}

Logging:
Log output configuration:
 #0: stdout all=warning uptime,level,tags foldmultilines=false
 #1: stderr all=off uptime,level,tags foldmultilines=false

Environment Variables:
JAVA_HOME=C:\Program Files\Java\jdk-20
PATH=C:\Program Files\Common Files\Oracle\Java\javapath;C:\Program Files (x86)\Common Files\Oracle\Java\javapath;C:\WINDOWS\system32;C:\WINDOWS;C:\WINDOWS\System32\Wbem;C:\WINDOWS\System32\WindowsPowerShell\v1.0\;C:\WINDOWS\System32\OpenSSH\;C:\Program Files\dotnet\;C:\Program Files (x86)\Intel\Intel(R) Management Engine Components\DAL;C:\Program Files\Intel\Intel(R) Management Engine Components\DAL;C:\Program Files\Git\cmd;C:\Program Files\nodejs\;C:\Program Files\Java\jdk-20\bin;C:\Users\admin\Downloads\apache-maven-3.9.1-bin\apache-maven-3.9.1\bin;C:\Users\admin\AppData\Local\Microsoft\WindowsApps;C:\Users\admin\AppData\Local\Programs\Microsoft VS Code\bin;C:\Users\admin\AppData\Roaming\npm;%JAVA_HOME\bin%;;C:\Program Files\JetBrains\IntelliJ IDEA 2023.1.1\bin;
USERNAME=admin
OS=Windows_NT
PROCESSOR_IDENTIFIER=Intel64 Family 6 Model 142 Stepping 10, GenuineIntel
TMP=C:\Users\admin\AppData\Local\Temp
TEMP=C:\Users\admin\AppData\Local\Temp




---------------  S Y S T E M  ---------------

OS:
 Windows 10 , 64 bit Build 19041 (10.0.19041.3031)
OS uptime: 1 days 8:45 hours
Hyper-V role detected

CPU: total 8 (initial active 8) (4 cores per cpu, 2 threads per core) family 6 model 142 stepping 10 microcode 0xf0, cx8, cmov, fxsr, ht, mmx, 3dnowpref, sse, sse2, sse3, ssse3, sse4.1, sse4.2, popcnt, lzcnt, tsc, tscinvbit, avx, avx2, aes, erms, clmul, bmi1, bmi2, rtm, adx, fma, vzeroupper, clflush, clflushopt, hv, rdtscp, f16c

Memory: 4k page, system-wide physical 8067M (1073M free)
TotalPageFile size 9067M (AvailPageFile size 4M)
current process WorkingSet (physical memory assigned to process): 127M, peak: 127M
current process commit charge ("private bytes"): 257M, peak: 257M

vm_info: Java HotSpot(TM) 64-Bit Server VM (20.0.1+9-29) for windows-amd64 JRE (20.0.1+9-29), built on 2023-03-07T13:56:11Z by "mach5one" with MS VC++ 17.1 (VS2022)

END.
