#
# There is insufficient memory for the Java Runtime Environment to continue.
# Native memory allocation (malloc) failed to allocate 2097152 bytes for AllocateHeap
# Possible reasons:
#   The system is out of physical RAM or swap space
#   The process is running with CompressedOops enabled, and the Java Heap may be blocking the growth of the native heap
# Possible solutions:
#   Reduce memory load on the system
#   Increase physical memory or swap space
#   Check if swap backing store is full
#   Decrease Java heap size (-Xmx/-Xms)
#   Decrease number of Java threads
#   Decrease Java thread stack sizes (-Xss)
#   Set larger code cache with -XX:ReservedCodeCacheSize=
#   JVM is running with Unscaled Compressed Oops mode in which the Java heap is
#     placed in the first 4GB address space. The Java Heap base address is the
#     maximum limit for the native heap growth. Please use -XX:HeapBaseMinAddress
#     to set the Java Heap base and to place the Java Heap above 4GB virtual address.
# This output file may be truncated or incomplete.
#
#  Out of Memory Error (allocation.cpp:44), pid=2012, tid=10120
#
# JRE version: OpenJDK Runtime Environment Temurin-17.0.7+7 (17.0.7+7) (build 17.0.7+7)
# Java VM: OpenJDK 64-Bit Server VM Temurin-17.0.7+7 (17.0.7+7, mixed mode, emulated-client, tiered, compressed oops, compressed class ptrs, g1 gc, windows-amd64)
# No core dump will be written. Minidumps are not enabled by default on client versions of Windows
#

---------------  S U M M A R Y ------------

Command Line: -XX:+HeapDumpOnOutOfMemoryError -Xmx1024m -Dsts.lsp.client=vscode -Dsts.log.file=/dev/null -XX:TieredStopAtLevel=1 -Xlog:jni+resolve=off -Dspring.config.location=file:c:\Users\admin\.vscode\extensions\vmware.vscode-spring-boot-1.47.0\language-server\BOOT-INF\classes\application.properties org.springframework.ide.vscode.boot.app.BootLanguageServerBootApp

Host: Intel(R) Core(TM) i5-8350U CPU @ 1.70GHz, 8 cores, 7G,  Windows 10 , 64 bit Build 19041 (10.0.19041.3031)
Time: Fri Jul  7 14:55:51 2023 Eastern Daylight Time elapsed time: 852.896445 seconds (0d 0h 14m 12s)

---------------  T H R E A D  ---------------

Current thread (0x000001e72687b1c0):  VMThread "VM Thread" [stack: 0x0000002e89000000,0x0000002e89100000] [id=10120]

Stack: [0x0000002e89000000,0x0000002e89100000]
Native frames: (J=compiled Java code, j=interpreted, Vv=VM code, C=native code)
V  [jvm.dll+0x67754a]
V  [jvm.dll+0x834304]
V  [jvm.dll+0x835aae]
V  [jvm.dll+0x836113]
V  [jvm.dll+0x24696f]
V  [jvm.dll+0xa681f]
V  [jvm.dll+0x2f7481]
V  [jvm.dll+0x2f30f0]
V  [jvm.dll+0x2db6c7]
V  [jvm.dll+0x31e777]
V  [jvm.dll+0x83a5bb]
V  [jvm.dll+0x83b2f4]
V  [jvm.dll+0x83b80c]
V  [jvm.dll+0x83bbe4]
V  [jvm.dll+0x83bcb0]
V  [jvm.dll+0x7e4e7a]
V  [jvm.dll+0x676395]
C  [ucrtbase.dll+0x21bb2]
C  [KERNEL32.DLL+0x17614]
C  [ntdll.dll+0x526f1]

VM_Operation (0x0000002e8a5fefa0): G1CollectFull, mode: safepoint, requested by thread 0x000001e72c1ac2c0


---------------  P R O C E S S  ---------------

Threads class SMR info:
_java_thread_list=0x000001e72c04bc10, length=27, elements={
0x000001e726890740, 0x000001e7268915b0, 0x000001e7268bee40, 0x000001e7268bfbc0,
0x000001e7268c1680, 0x000001e7268c2030, 0x000001e7268c29e0, 0x000001e7268d5010,
0x000001e726bd0b30, 0x000001e726be3410, 0x000001e72c279450, 0x000001e72c1eb3d0,
0x000001e72c1ac2c0, 0x000001e72b51a860, 0x000001e71bac2060, 0x000001e72c2ba5c0,
0x000001e72c2e45b0, 0x000001e72c30fbd0, 0x000001e72c55bd30, 0x000001e72c55d540,
0x000001e72c557ea0, 0x000001e72d71e3e0, 0x000001e726810810, 0x000001e735f79140,
0x000001e7360e35a0, 0x000001e7360e3a70, 0x000001e7360e30d0
}

Java Threads: ( => current thread )
  0x000001e726890740 JavaThread "Reference Handler" daemon [_thread_blocked, id=8636, stack(0x0000002e89100000,0x0000002e89200000)]
  0x000001e7268915b0 JavaThread "Finalizer" daemon [_thread_blocked, id=11592, stack(0x0000002e89200000,0x0000002e89300000)]
  0x000001e7268bee40 JavaThread "Signal Dispatcher" daemon [_thread_blocked, id=14428, stack(0x0000002e89300000,0x0000002e89400000)]
  0x000001e7268bfbc0 JavaThread "Attach Listener" daemon [_thread_blocked, id=13708, stack(0x0000002e89400000,0x0000002e89500000)]
  0x000001e7268c1680 JavaThread "Service Thread" daemon [_thread_blocked, id=5196, stack(0x0000002e89500000,0x0000002e89600000)]
  0x000001e7268c2030 JavaThread "Monitor Deflation Thread" daemon [_thread_blocked, id=9360, stack(0x0000002e89600000,0x0000002e89700000)]
  0x000001e7268c29e0 JavaThread "C1 CompilerThread0" daemon [_thread_blocked, id=2256, stack(0x0000002e89700000,0x0000002e89800000)]
  0x000001e7268d5010 JavaThread "Sweeper thread" daemon [_thread_blocked, id=2680, stack(0x0000002e89800000,0x0000002e89900000)]
  0x000001e726bd0b30 JavaThread "Notification Thread" daemon [_thread_blocked, id=3648, stack(0x0000002e89a00000,0x0000002e89b00000)]
  0x000001e726be3410 JavaThread "Common-Cleaner" daemon [_thread_blocked, id=5340, stack(0x0000002e89c00000,0x0000002e89d00000)]
  0x000001e72c279450 JavaThread "boundedElastic-evictor-1" daemon [_thread_blocked, id=1140, stack(0x0000002e89900000,0x0000002e89a00000)]
  0x000001e72c1eb3d0 JavaThread "boundedElastic-evictor-2" daemon [_thread_blocked, id=10348, stack(0x0000002e8a400000,0x0000002e8a500000)]
  0x000001e72c1ac2c0 JavaThread "pool-10-thread-1" [_thread_blocked, id=16312, stack(0x0000002e8a500000,0x0000002e8a600000)]
  0x000001e72b51a860 JavaThread "LanguageServerApp-lifecycle" [_thread_blocked, id=2396, stack(0x0000002e8a600000,0x0000002e8a700000)]
  0x000001e71bac2060 JavaThread "DestroyJavaVM" [_thread_blocked, id=15960, stack(0x0000002e88900000,0x0000002e88a00000)]
  0x000001e72c2ba5c0 JavaThread "pool-11-thread-1" [_thread_in_native, id=5672, stack(0x0000002e8a800000,0x0000002e8a900000)]
  0x000001e72c2e45b0 JavaThread "Simple-Language-Server main thread" daemon [_thread_blocked, id=10732, stack(0x0000002e8a900000,0x0000002e8aa00000)]
  0x000001e72c30fbd0 JavaThread "pool-6-thread-1" [_thread_blocked, id=13624, stack(0x0000002e8af00000,0x0000002e8b000000)]
  0x000001e72c55bd30 JavaThread "parallel-1" daemon [_thread_blocked, id=7928, stack(0x0000002e8c000000,0x0000002e8c100000)]
  0x000001e72c55d540 JavaThread "pool-4-thread-1" [_thread_blocked, id=12632, stack(0x0000002e8c500000,0x0000002e8c600000)]
  0x000001e72c557ea0 JavaThread "parallel-2" daemon [_thread_blocked, id=1820, stack(0x0000002e8c600000,0x0000002e8c700000)]
  0x000001e72d71e3e0 JavaThread "parallel-3" daemon [_thread_blocked, id=12820, stack(0x0000002e8b400000,0x0000002e8b500000)]
  0x000001e726810810 JavaThread "parallel-4" daemon [_thread_blocked, id=15084, stack(0x0000002e8ab00000,0x0000002e8ac00000)]
  0x000001e735f79140 JavaThread "parallel-5" daemon [_thread_blocked, id=15752, stack(0x0000002e8ac00000,0x0000002e8ad00000)]
  0x000001e7360e35a0 JavaThread "parallel-6" daemon [_thread_blocked, id=5176, stack(0x0000002e8aa00000,0x0000002e8ab00000)]
  0x000001e7360e3a70 JavaThread "parallel-7" daemon [_thread_blocked, id=3048, stack(0x0000002e8ad00000,0x0000002e8ae00000)]
  0x000001e7360e30d0 JavaThread "parallel-8" daemon [_thread_blocked, id=12232, stack(0x0000002e8b000000,0x0000002e8b100000)]

Other Threads:
=>0x000001e72687b1c0 VMThread "VM Thread" [stack: 0x0000002e89000000,0x0000002e89100000] [id=10120]
  0x000001e726bd12e0 WatcherThread [stack: 0x0000002e89b00000,0x0000002e89c00000] [id=10700]
  0x000001e71bb00790 GCTaskThread "GC Thread#0" [stack: 0x0000002e88b00000,0x0000002e88c00000] [id=9384]
  0x000001e72b84ca50 GCTaskThread "GC Thread#1" [stack: 0x0000002e89d00000,0x0000002e89e00000] [id=9892]
  0x000001e72b7fd9a0 GCTaskThread "GC Thread#2" [stack: 0x0000002e89e00000,0x0000002e89f00000] [id=3216]
  0x000001e72b8a8ef0 GCTaskThread "GC Thread#3" [stack: 0x0000002e89f00000,0x0000002e8a000000] [id=5472]
  0x000001e72bb36910 GCTaskThread "GC Thread#4" [stack: 0x0000002e8a000000,0x0000002e8a100000] [id=9728]
  0x000001e72bb36bc0 GCTaskThread "GC Thread#5" [stack: 0x0000002e8a100000,0x0000002e8a200000] [id=15608]
  0x000001e72bb36e70 GCTaskThread "GC Thread#6" [stack: 0x0000002e8a200000,0x0000002e8a300000] [id=14928]
  0x000001e72bb37530 GCTaskThread "GC Thread#7" [stack: 0x0000002e8a300000,0x0000002e8a400000] [id=14620]
  0x000001e71bb096d0 ConcurrentGCThread "G1 Main Marker" [stack: 0x0000002e88c00000,0x0000002e88d00000] [id=6356]
  0x000001e71bb0a0e0 ConcurrentGCThread "G1 Conc#0" [stack: 0x0000002e88d00000,0x0000002e88e00000] [id=1528]
  0x000001e72b731c30 ConcurrentGCThread "G1 Conc#1" [stack: 0x0000002e8a700000,0x0000002e8a800000] [id=7824]
  0x000001e71bb82870 ConcurrentGCThread "G1 Refine#0" [stack: 0x0000002e88e00000,0x0000002e88f00000] [id=6044]
  0x000001e72c3f6050 ConcurrentGCThread "G1 Refine#1" [stack: 0x0000002e8cb00000,0x0000002e8cc00000] [id=6684]
  0x000001e72ce8f710 ConcurrentGCThread "G1 Refine#2" [stack: 0x0000002e8cc00000,0x0000002e8cd00000] [id=16248]
  0x000001e72d1c2b40 ConcurrentGCThread "G1 Refine#3" [stack: 0x0000002e8c700000,0x0000002e8c800000] [id=13084]
  0x000001e72d1c5940 ConcurrentGCThread "G1 Refine#4" [stack: 0x0000002e8c800000,0x0000002e8c900000] [id=10708]
  0x000001e72d1c3100 ConcurrentGCThread "G1 Refine#5" [stack: 0x0000002e8c900000,0x0000002e8ca00000] [id=11460]
  0x000001e7266f03e0 ConcurrentGCThread "G1 Service" [stack: 0x0000002e88f00000,0x0000002e89000000] [id=10648]

Threads with active compile tasks:

VM state: at safepoint (normal execution)

VM Mutex/Monitor currently owned by a thread:  ([mutex/lock_event])
[0x000001e71babccf0] Threads_lock - owner thread: 0x000001e72687b1c0
[0x000001e71babe130] Heap_lock - owner thread: 0x000001e72c1ac2c0

Heap address: 0x00000000c0000000, size: 1024 MB, Compressed Oops mode: 32-bit

CDS archive(s) not mapped
Compressed class space mapped at: 0x0000000100000000-0x0000000140000000, reserved size: 1073741824
Narrow klass base: 0x0000000000000000, Narrow klass shift: 3, Narrow klass range: 0x140000000

GC Precious Log:
 CPUs: 8 total, 8 available
 Memory: 8067M
 Large Page Support: Disabled
 NUMA Support: Disabled
 Compressed Oops: Enabled (32-bit)
 Heap Region Size: 1M
 Heap Min Capacity: 8M
 Heap Initial Capacity: 128M
 Heap Max Capacity: 1G
 Pre-touch: Disabled
 Parallel Workers: 8
 Concurrent Workers: 2
 Concurrent Refinement Workers: 8
 Periodic GC: Disabled

Heap:
 garbage-first heap   total 137216K, used 39743K [0x00000000c0000000, 0x0000000100000000)
  region size 1024K, 1 young (1024K), 0 survivors (0K)
 Metaspace       used 73316K, committed 73984K, reserved 1114112K
  class space    used 9987K, committed 10304K, reserved 1048576K

Heap Regions: E=young(eden), S=young(survivor), O=old, HS=humongous(starts), HC=humongous(continues), CS=collection set, F=free, OA=open archive, CA=closed archive, TAMS=top-at-mark-start (previous, next)
|   0|0x00000000c0000000, 0x00000000c0100000, 0x00000000c0100000|100%|HS|  |TAMS 0x00000000c0100000, 0x00000000c0000000| Untracked 
|   1|0x00000000c0100000, 0x00000000c0200000, 0x00000000c0200000|100%| O|  |TAMS 0x00000000c0200000, 0x00000000c0100000| Untracked 
|   2|0x00000000c0200000, 0x00000000c0300000, 0x00000000c0300000|100%| O|  |TAMS 0x00000000c0300000, 0x00000000c0200000| Untracked 
|   3|0x00000000c0300000, 0x00000000c0400000, 0x00000000c0400000|100%| O|  |TAMS 0x00000000c0400000, 0x00000000c0300000| Untracked 
|   4|0x00000000c0400000, 0x00000000c0500000, 0x00000000c0500000|100%| O|  |TAMS 0x00000000c0500000, 0x00000000c0400000| Untracked 
|   5|0x00000000c0500000, 0x00000000c05ff028, 0x00000000c0600000| 99%| O|  |TAMS 0x00000000c05ff028, 0x00000000c0500000| Untracked 
|   6|0x00000000c0600000, 0x00000000c06ffff8, 0x00000000c0700000| 99%| O|  |TAMS 0x00000000c06ffff8, 0x00000000c0600000| Untracked 
|   7|0x00000000c0700000, 0x00000000c07ffff8, 0x00000000c0800000| 99%| O|  |TAMS 0x00000000c07ffff8, 0x00000000c0700000| Untracked 
|   8|0x00000000c0800000, 0x00000000c0900000, 0x00000000c0900000|100%| O|  |TAMS 0x00000000c0900000, 0x00000000c0800000| Untracked 
|   9|0x00000000c0900000, 0x00000000c09ffff8, 0x00000000c0a00000| 99%| O|  |TAMS 0x00000000c09ffff8, 0x00000000c0900000| Untracked 
|  10|0x00000000c0a00000, 0x00000000c0affff0, 0x00000000c0b00000| 99%| O|  |TAMS 0x00000000c0affff0, 0x00000000c0a00000| Untracked 
|  11|0x00000000c0b00000, 0x00000000c0bfffc0, 0x00000000c0c00000| 99%| O|  |TAMS 0x00000000c0bfffc0, 0x00000000c0b00000| Untracked 
|  12|0x00000000c0c00000, 0x00000000c0d00000, 0x00000000c0d00000|100%| O|  |TAMS 0x00000000c0d00000, 0x00000000c0c00000| Untracked 
|  13|0x00000000c0d00000, 0x00000000c0dfffc0, 0x00000000c0e00000| 99%| O|  |TAMS 0x00000000c0dfffc0, 0x00000000c0d00000| Untracked 
|  14|0x00000000c0e00000, 0x00000000c0efffe8, 0x00000000c0f00000| 99%| O|  |TAMS 0x00000000c0efffe8, 0x00000000c0e00000| Untracked 
|  15|0x00000000c0f00000, 0x00000000c0fffff8, 0x00000000c1000000| 99%| O|  |TAMS 0x00000000c0fffff8, 0x00000000c0f00000| Untracked 
|  16|0x00000000c1000000, 0x00000000c10fffe8, 0x00000000c1100000| 99%| O|  |TAMS 0x00000000c10fffe8, 0x00000000c1000000| Untracked 
|  17|0x00000000c1100000, 0x00000000c11fffe8, 0x00000000c1200000| 99%| O|  |TAMS 0x00000000c11fffe8, 0x00000000c1100000| Untracked 
|  18|0x00000000c1200000, 0x00000000c12fffe8, 0x00000000c1300000| 99%| O|  |TAMS 0x00000000c12fffe8, 0x00000000c1200000| Untracked 
|  19|0x00000000c1300000, 0x00000000c13ffff8, 0x00000000c1400000| 99%| O|  |TAMS 0x00000000c13ffff8, 0x00000000c1300000| Untracked 
|  20|0x00000000c1400000, 0x00000000c14ffff8, 0x00000000c1500000| 99%| O|  |TAMS 0x00000000c14ffff8, 0x00000000c1400000| Untracked 
|  21|0x00000000c1500000, 0x00000000c15fffb0, 0x00000000c1600000| 99%| O|  |TAMS 0x00000000c15fffb0, 0x00000000c1500000| Untracked 
|  22|0x00000000c1600000, 0x00000000c1700000, 0x00000000c1700000|100%| O|  |TAMS 0x00000000c1700000, 0x00000000c1600000| Untracked 
|  23|0x00000000c1700000, 0x00000000c17fffd8, 0x00000000c1800000| 99%| O|  |TAMS 0x00000000c17fffd8, 0x00000000c1700000| Untracked 
|  24|0x00000000c1800000, 0x00000000c18fffc0, 0x00000000c1900000| 99%| O|  |TAMS 0x00000000c18fffc0, 0x00000000c1800000| Untracked 
|  25|0x00000000c1900000, 0x00000000c19ffff8, 0x00000000c1a00000| 99%| O|  |TAMS 0x00000000c19ffff8, 0x00000000c1900000| Untracked 
|  26|0x00000000c1a00000, 0x00000000c1afffe0, 0x00000000c1b00000| 99%| O|  |TAMS 0x00000000c1afffe0, 0x00000000c1a00000| Untracked 
|  27|0x00000000c1b00000, 0x00000000c1bfdee8, 0x00000000c1c00000| 99%| O|  |TAMS 0x00000000c1bfdee8, 0x00000000c1b00000| Untracked 
|  28|0x00000000c1c00000, 0x00000000c1d00000, 0x00000000c1d00000|100%| O|  |TAMS 0x00000000c1d00000, 0x00000000c1c00000| Untracked 
|  29|0x00000000c1d00000, 0x00000000c1e00000, 0x00000000c1e00000|100%| O|  |TAMS 0x00000000c1e00000, 0x00000000c1d00000| Untracked 
|  30|0x00000000c1e00000, 0x00000000c1efffe0, 0x00000000c1f00000| 99%| O|  |TAMS 0x00000000c1efffe0, 0x00000000c1e00000| Untracked 
|  31|0x00000000c1f00000, 0x00000000c1ffffd0, 0x00000000c2000000| 99%| O|  |TAMS 0x00000000c1ffffd0, 0x00000000c1f00000| Untracked 
|  32|0x00000000c2000000, 0x00000000c20fff98, 0x00000000c2100000| 99%| O|  |TAMS 0x00000000c20fff98, 0x00000000c2000000| Untracked 
|  33|0x00000000c2100000, 0x00000000c21ab660, 0x00000000c2200000| 66%| O|  |TAMS 0x00000000c2100000, 0x00000000c2100000| Untracked 
|  34|0x00000000c2200000, 0x00000000c22fffd8, 0x00000000c2300000| 99%| O|  |TAMS 0x00000000c22fffd8, 0x00000000c2200000| Untracked 
|  35|0x00000000c2300000, 0x00000000c2400000, 0x00000000c2400000|100%| O|  |TAMS 0x00000000c2400000, 0x00000000c2300000| Untracked 
|  36|0x00000000c2400000, 0x00000000c2427c00, 0x00000000c2500000| 15%| O|  |TAMS 0x00000000c2400000, 0x00000000c2400000| Untracked 
|  37|0x00000000c2500000, 0x00000000c2500000, 0x00000000c2600000|  0%| F|  |TAMS 0x00000000c2500000, 0x00000000c2500000| Untracked 
|  38|0x00000000c2600000, 0x00000000c2600000, 0x00000000c2700000|  0%| F|  |TAMS 0x00000000c2600000, 0x00000000c2600000| Untracked 
|  39|0x00000000c2700000, 0x00000000c27ffff0, 0x00000000c2800000| 99%| O|  |TAMS 0x00000000c27ffff0, 0x00000000c2700000| Untracked 
|  40|0x00000000c2800000, 0x00000000c2800000, 0x00000000c2900000|  0%| F|  |TAMS 0x00000000c2800000, 0x00000000c2800000| Untracked 
|  41|0x00000000c2900000, 0x00000000c2900000, 0x00000000c2a00000|  0%| F|  |TAMS 0x00000000c2900000, 0x00000000c2900000| Untracked 
|  42|0x00000000c2a00000, 0x00000000c2a00000, 0x00000000c2b00000|  0%| F|  |TAMS 0x00000000c2a00000, 0x00000000c2a00000| Untracked 
|  43|0x00000000c2b00000, 0x00000000c2bfffa8, 0x00000000c2c00000| 99%| O|  |TAMS 0x00000000c2bfffa8, 0x00000000c2b00000| Untracked 
|  44|0x00000000c2c00000, 0x00000000c2c00000, 0x00000000c2d00000|  0%| F|  |TAMS 0x00000000c2c00000, 0x00000000c2c00000| Untracked 
|  45|0x00000000c2d00000, 0x00000000c2d00000, 0x00000000c2e00000|  0%| F|  |TAMS 0x00000000c2d00000, 0x00000000c2d00000| Untracked 
|  46|0x00000000c2e00000, 0x00000000c2e00000, 0x00000000c2f00000|  0%| F|  |TAMS 0x00000000c2e00000, 0x00000000c2e00000| Untracked 
|  47|0x00000000c2f00000, 0x00000000c2f00000, 0x00000000c3000000|  0%| F|  |TAMS 0x00000000c2f00000, 0x00000000c2f00000| Untracked 
|  48|0x00000000c3000000, 0x00000000c3000000, 0x00000000c3100000|  0%| F|  |TAMS 0x00000000c3000000, 0x00000000c3000000| Untracked 
|  49|0x00000000c3100000, 0x00000000c3100000, 0x00000000c3200000|  0%| F|  |TAMS 0x00000000c3100000, 0x00000000c3100000| Untracked 
|  50|0x00000000c3200000, 0x00000000c3200000, 0x00000000c3300000|  0%| F|  |TAMS 0x00000000c3200000, 0x00000000c3200000| Untracked 
|  51|0x00000000c3300000, 0x00000000c3300000, 0x00000000c3400000|  0%| F|  |TAMS 0x00000000c3300000, 0x00000000c3300000| Untracked 
|  52|0x00000000c3400000, 0x00000000c3400000, 0x00000000c3500000|  0%| F|  |TAMS 0x00000000c3400000, 0x00000000c3400000| Untracked 
|  53|0x00000000c3500000, 0x00000000c3500000, 0x00000000c3600000|  0%| F|  |TAMS 0x00000000c3500000, 0x00000000c3500000| Untracked 
|  54|0x00000000c3600000, 0x00000000c3600000, 0x00000000c3700000|  0%| F|  |TAMS 0x00000000c3600000, 0x00000000c3600000| Untracked 
|  55|0x00000000c3700000, 0x00000000c3700000, 0x00000000c3800000|  0%| F|  |TAMS 0x00000000c3700000, 0x00000000c3700000| Untracked 
|  56|0x00000000c3800000, 0x00000000c3800000, 0x00000000c3900000|  0%| F|  |TAMS 0x00000000c3800000, 0x00000000c3800000| Untracked 
|  57|0x00000000c3900000, 0x00000000c3900000, 0x00000000c3a00000|  0%| F|  |TAMS 0x00000000c3900000, 0x00000000c3900000| Untracked 
|  58|0x00000000c3a00000, 0x00000000c3affff8, 0x00000000c3b00000| 99%| O|  |TAMS 0x00000000c3affff8, 0x00000000c3a00000| Untracked 
|  59|0x00000000c3b00000, 0x00000000c3b00000, 0x00000000c3c00000|  0%| F|  |TAMS 0x00000000c3b00000, 0x00000000c3b00000| Untracked 
|  60|0x00000000c3c00000, 0x00000000c3c00000, 0x00000000c3d00000|  0%| F|  |TAMS 0x00000000c3c00000, 0x00000000c3c00000| Untracked 
|  61|0x00000000c3d00000, 0x00000000c3d00000, 0x00000000c3e00000|  0%| F|  |TAMS 0x00000000c3d00000, 0x00000000c3d00000| Untracked 
|  62|0x00000000c3e00000, 0x00000000c3e00000, 0x00000000c3f00000|  0%| F|  |TAMS 0x00000000c3e00000, 0x00000000c3e00000| Untracked 
|  63|0x00000000c3f00000, 0x00000000c3f00000, 0x00000000c4000000|  0%| F|  |TAMS 0x00000000c3f00000, 0x00000000c3f00000| Untracked 
|  64|0x00000000c4000000, 0x00000000c4000000, 0x00000000c4100000|  0%| F|  |TAMS 0x00000000c4000000, 0x00000000c4000000| Untracked 
|  65|0x00000000c4100000, 0x00000000c4100000, 0x00000000c4200000|  0%| F|  |TAMS 0x00000000c4100000, 0x00000000c4100000| Untracked 
|  66|0x00000000c4200000, 0x00000000c4200000, 0x00000000c4300000|  0%| F|  |TAMS 0x00000000c4200000, 0x00000000c4200000| Untracked 
|  67|0x00000000c4300000, 0x00000000c4300000, 0x00000000c4400000|  0%| F|  |TAMS 0x00000000c4300000, 0x00000000c4300000| Untracked 
|  68|0x00000000c4400000, 0x00000000c4400000, 0x00000000c4500000|  0%| F|  |TAMS 0x00000000c4400000, 0x00000000c4400000| Untracked 
|  69|0x00000000c4500000, 0x00000000c4500000, 0x00000000c4600000|  0%| F|  |TAMS 0x00000000c4500000, 0x00000000c4500000| Untracked 
|  70|0x00000000c4600000, 0x00000000c4600000, 0x00000000c4700000|  0%| F|  |TAMS 0x00000000c4600000, 0x00000000c4600000| Untracked 
|  71|0x00000000c4700000, 0x00000000c4700000, 0x00000000c4800000|  0%| F|  |TAMS 0x00000000c4700000, 0x00000000c4700000| Untracked 
|  72|0x00000000c4800000, 0x00000000c4800000, 0x00000000c4900000|  0%| F|  |TAMS 0x00000000c4800000, 0x00000000c4800000| Untracked 
|  73|0x00000000c4900000, 0x00000000c4900000, 0x00000000c4a00000|  0%| F|  |TAMS 0x00000000c4900000, 0x00000000c4900000| Untracked 
|  74|0x00000000c4a00000, 0x00000000c4a00000, 0x00000000c4b00000|  0%| F|  |TAMS 0x00000000c4a00000, 0x00000000c4a00000| Untracked 
|  75|0x00000000c4b00000, 0x00000000c4b00000, 0x00000000c4c00000|  0%| F|  |TAMS 0x00000000c4b00000, 0x00000000c4b00000| Untracked 
|  76|0x00000000c4c00000, 0x00000000c4c00000, 0x00000000c4d00000|  0%| F|  |TAMS 0x00000000c4c00000, 0x00000000c4c00000| Untracked 
|  77|0x00000000c4d00000, 0x00000000c4d00000, 0x00000000c4e00000|  0%| F|  |TAMS 0x00000000c4d00000, 0x00000000c4d00000| Untracked 
|  78|0x00000000c4e00000, 0x00000000c4e00000, 0x00000000c4f00000|  0%| F|  |TAMS 0x00000000c4e00000, 0x00000000c4e00000| Untracked 
|  79|0x00000000c4f00000, 0x00000000c4f00000, 0x00000000c5000000|  0%| F|  |TAMS 0x00000000c4f00000, 0x00000000c4f00000| Untracked 
|  80|0x00000000c5000000, 0x00000000c5000000, 0x00000000c5100000|  0%| F|  |TAMS 0x00000000c5000000, 0x00000000c5000000| Untracked 
|  81|0x00000000c5100000, 0x00000000c5100000, 0x00000000c5200000|  0%| F|  |TAMS 0x00000000c5100000, 0x00000000c5100000| Untracked 
|  82|0x00000000c5200000, 0x00000000c5200000, 0x00000000c5300000|  0%| F|  |TAMS 0x00000000c5200000, 0x00000000c5200000| Untracked 
|  83|0x00000000c5300000, 0x00000000c5300000, 0x00000000c5400000|  0%| F|  |TAMS 0x00000000c5300000, 0x00000000c5300000| Untracked 
|  84|0x00000000c5400000, 0x00000000c5400000, 0x00000000c5500000|  0%| F|  |TAMS 0x00000000c5400000, 0x00000000c5400000| Untracked 
|  85|0x00000000c5500000, 0x00000000c5500000, 0x00000000c5600000|  0%| F|  |TAMS 0x00000000c5500000, 0x00000000c5500000| Untracked 
|  86|0x00000000c5600000, 0x00000000c5600000, 0x00000000c5700000|  0%| F|  |TAMS 0x00000000c5600000, 0x00000000c5600000| Untracked 
|  87|0x00000000c5700000, 0x00000000c5700000, 0x00000000c5800000|  0%| F|  |TAMS 0x00000000c5700000, 0x00000000c5700000| Untracked 
|  88|0x00000000c5800000, 0x00000000c5800000, 0x00000000c5900000|  0%| F|  |TAMS 0x00000000c5800000, 0x00000000c5800000| Untracked 
|  89|0x00000000c5900000, 0x00000000c5900000, 0x00000000c5a00000|  0%| F|  |TAMS 0x00000000c5900000, 0x00000000c5900000| Untracked 
|  90|0x00000000c5a00000, 0x00000000c5a00000, 0x00000000c5b00000|  0%| F|  |TAMS 0x00000000c5a00000, 0x00000000c5a00000| Untracked 
|  91|0x00000000c5b00000, 0x00000000c5b00000, 0x00000000c5c00000|  0%| F|  |TAMS 0x00000000c5b00000, 0x00000000c5b00000| Untracked 
|  92|0x00000000c5c00000, 0x00000000c5c00000, 0x00000000c5d00000|  0%| F|  |TAMS 0x00000000c5c00000, 0x00000000c5c00000| Untracked 
|  93|0x00000000c5d00000, 0x00000000c5d00000, 0x00000000c5e00000|  0%| F|  |TAMS 0x00000000c5d00000, 0x00000000c5d00000| Untracked 
|  94|0x00000000c5e00000, 0x00000000c5e00000, 0x00000000c5f00000|  0%| F|  |TAMS 0x00000000c5e00000, 0x00000000c5e00000| Untracked 
|  95|0x00000000c5f00000, 0x00000000c5f00000, 0x00000000c6000000|  0%| F|  |TAMS 0x00000000c5f00000, 0x00000000c5f00000| Untracked 
|  96|0x00000000c6000000, 0x00000000c6000000, 0x00000000c6100000|  0%| F|  |TAMS 0x00000000c6000000, 0x00000000c6000000| Untracked 
|  97|0x00000000c6100000, 0x00000000c6100000, 0x00000000c6200000|  0%| F|  |TAMS 0x00000000c6100000, 0x00000000c6100000| Untracked 
|  98|0x00000000c6200000, 0x00000000c6200000, 0x00000000c6300000|  0%| F|  |TAMS 0x00000000c6200000, 0x00000000c6200000| Untracked 
|  99|0x00000000c6300000, 0x00000000c6300000, 0x00000000c6400000|  0%| F|  |TAMS 0x00000000c6300000, 0x00000000c6300000| Untracked 
| 100|0x00000000c6400000, 0x00000000c6400000, 0x00000000c6500000|  0%| F|  |TAMS 0x00000000c6400000, 0x00000000c6400000| Untracked 
| 101|0x00000000c6500000, 0x00000000c6500000, 0x00000000c6600000|  0%| F|  |TAMS 0x00000000c6500000, 0x00000000c6500000| Untracked 
| 102|0x00000000c6600000, 0x00000000c6600000, 0x00000000c6700000|  0%| F|  |TAMS 0x00000000c6600000, 0x00000000c6600000| Untracked 
| 103|0x00000000c6700000, 0x00000000c6700000, 0x00000000c6800000|  0%| F|  |TAMS 0x00000000c6700000, 0x00000000c6700000| Untracked 
| 104|0x00000000c6800000, 0x00000000c6800000, 0x00000000c6900000|  0%| F|  |TAMS 0x00000000c6800000, 0x00000000c6800000| Untracked 
| 105|0x00000000c6900000, 0x00000000c6900000, 0x00000000c6a00000|  0%| F|  |TAMS 0x00000000c6900000, 0x00000000c6900000| Untracked 
| 106|0x00000000c6a00000, 0x00000000c6a00000, 0x00000000c6b00000|  0%| F|  |TAMS 0x00000000c6a00000, 0x00000000c6a00000| Untracked 
| 107|0x00000000c6b00000, 0x00000000c6b00000, 0x00000000c6c00000|  0%| F|  |TAMS 0x00000000c6b00000, 0x00000000c6b00000| Untracked 
| 108|0x00000000c6c00000, 0x00000000c6c00000, 0x00000000c6d00000|  0%| F|  |TAMS 0x00000000c6c00000, 0x00000000c6c00000| Untracked 
| 109|0x00000000c6d00000, 0x00000000c6d00000, 0x00000000c6e00000|  0%| F|  |TAMS 0x00000000c6d00000, 0x00000000c6d00000| Untracked 
| 110|0x00000000c6e00000, 0x00000000c6e00000, 0x00000000c6f00000|  0%| F|  |TAMS 0x00000000c6e00000, 0x00000000c6e00000| Untracked 
| 111|0x00000000c6f00000, 0x00000000c6f00000, 0x00000000c7000000|  0%| F|  |TAMS 0x00000000c6f00000, 0x00000000c6f00000| Untracked 
| 112|0x00000000c7000000, 0x00000000c7000000, 0x00000000c7100000|  0%| F|  |TAMS 0x00000000c7000000, 0x00000000c7000000| Untracked 
| 113|0x00000000c7100000, 0x00000000c7100000, 0x00000000c7200000|  0%| F|  |TAMS 0x00000000c7100000, 0x00000000c7100000| Untracked 
| 114|0x00000000c7200000, 0x00000000c7200000, 0x00000000c7300000|  0%| F|  |TAMS 0x00000000c7200000, 0x00000000c7200000| Untracked 
| 115|0x00000000c7300000, 0x00000000c7300000, 0x00000000c7400000|  0%| F|  |TAMS 0x00000000c7300000, 0x00000000c7300000| Untracked 
| 116|0x00000000c7400000, 0x00000000c7400000, 0x00000000c7500000|  0%| F|  |TAMS 0x00000000c7400000, 0x00000000c7400000| Untracked 
| 117|0x00000000c7500000, 0x00000000c7500000, 0x00000000c7600000|  0%| F|  |TAMS 0x00000000c7500000, 0x00000000c7500000| Untracked 
| 118|0x00000000c7600000, 0x00000000c7600000, 0x00000000c7700000|  0%| F|  |TAMS 0x00000000c7600000, 0x00000000c7600000| Untracked 
| 119|0x00000000c7700000, 0x00000000c7700000, 0x00000000c7800000|  0%| F|  |TAMS 0x00000000c7700000, 0x00000000c7700000| Untracked 
| 120|0x00000000c7800000, 0x00000000c7800000, 0x00000000c7900000|  0%| F|  |TAMS 0x00000000c7800000, 0x00000000c7800000| Untracked 
| 121|0x00000000c7900000, 0x00000000c7900000, 0x00000000c7a00000|  0%| F|  |TAMS 0x00000000c7900000, 0x00000000c7900000| Untracked 
| 122|0x00000000c7a00000, 0x00000000c7a00000, 0x00000000c7b00000|  0%| F|  |TAMS 0x00000000c7a00000, 0x00000000c7a00000| Untracked 
| 123|0x00000000c7b00000, 0x00000000c7b00000, 0x00000000c7c00000|  0%| F|  |TAMS 0x00000000c7b00000, 0x00000000c7b00000| Untracked 
| 124|0x00000000c7c00000, 0x00000000c7c00000, 0x00000000c7d00000|  0%| F|  |TAMS 0x00000000c7c00000, 0x00000000c7c00000| Untracked 
| 125|0x00000000c7d00000, 0x00000000c7d00000, 0x00000000c7e00000|  0%| F|  |TAMS 0x00000000c7d00000, 0x00000000c7d00000| Untracked 
| 126|0x00000000c7e00000, 0x00000000c7e00000, 0x00000000c7f00000|  0%| F|  |TAMS 0x00000000c7e00000, 0x00000000c7e00000| Untracked 
| 127|0x00000000c7f00000, 0x00000000c7f00000, 0x00000000c8000000|  0%| F|  |TAMS 0x00000000c7f00000, 0x00000000c7f00000| Untracked 
| 128|0x00000000c8000000, 0x00000000c8000000, 0x00000000c8100000|  0%| F|  |TAMS 0x00000000c8000000, 0x00000000c8000000| Untracked 
| 129|0x00000000c8100000, 0x00000000c8100000, 0x00000000c8200000|  0%| F|  |TAMS 0x00000000c8100000, 0x00000000c8100000| Untracked 
| 130|0x00000000c8200000, 0x00000000c8200000, 0x00000000c8300000|  0%| F|  |TAMS 0x00000000c8200000, 0x00000000c8200000| Untracked 
| 131|0x00000000c8300000, 0x00000000c8300000, 0x00000000c8400000|  0%| F|  |TAMS 0x00000000c8300000, 0x00000000c8300000| Untracked 
| 132|0x00000000c8400000, 0x00000000c8400000, 0x00000000c8500000|  0%| F|  |TAMS 0x00000000c8400000, 0x00000000c8400000| Untracked 
| 133|0x00000000c8500000, 0x00000000c851d5b8, 0x00000000c8600000| 11%| E|  |TAMS 0x00000000c8500000, 0x00000000c8500000| Complete 

Card table byte_map: [0x000001e721a60000,0x000001e721c60000] _byte_map_base: 0x000001e721460000

Marking Bits (Prev, Next): (CMBitMap*) 0x000001e71bb00de0, (CMBitMap*) 0x000001e71bb00da0
 Prev Bits: [0x000001e722e60000, 0x000001e723e60000)
 Next Bits: [0x000001e721e60000, 0x000001e722e60000)

Polling page: 0x000001e7199f0000

Metaspace:

Usage:
  Non-class:     61.85 MB used.
      Class:      9.75 MB used.
       Both:     71.60 MB used.

Virtual space:
  Non-class space:       64.00 MB reserved,      62.19 MB ( 97%) committed,  1 nodes.
      Class space:        1.00 GB reserved,      10.06 MB ( <1%) committed,  1 nodes.
             Both:        1.06 GB reserved,      72.25 MB (  7%) committed. 

Chunk freelists:
   Non-Class:  1.94 MB
       Class:  5.86 MB
        Both:  7.80 MB

MaxMetaspaceSize: unlimited
CompressedClassSpaceSize: 1.00 GB
Initial GC threshold: 21.00 MB
Current GC threshold: 120.44 MB
CDS: off
MetaspaceReclaimPolicy: balanced
 - commit_granule_bytes: 65536.
 - commit_granule_words: 8192.
 - virtual_space_node_default_size: 8388608.
 - enlarge_chunks_in_place: 1.
 - new_chunks_are_fully_committed: 0.
 - uncommit_free_chunks: 1.
 - use_allocation_guard: 0.
 - handle_deallocations: 1.


Internal statistics:

num_allocs_failed_limit: 6.
num_arena_births: 780.
num_arena_deaths: 268.
num_vsnodes_births: 2.
num_vsnodes_deaths: 0.
num_space_committed: 1156.
num_space_uncommitted: 0.
num_chunks_returned_to_freelist: 333.
num_chunks_taken_from_freelist: 3210.
num_chunk_merges: 101.
num_chunk_splits: 2206.
num_chunks_enlarged: 1690.
num_inconsistent_stats: 0.

CodeCache: size=49152Kb used=19049Kb max_used=20317Kb free=30102Kb
 bounds [0x000001e71e750000, 0x000001e71fbd0000, 0x000001e721750000]
 total_blobs=11167 nmethods=10488 adapters=606
 compilation: enabled
              stopped_count=0, restarted_count=0
 full_count=0

Compilation events (20 events):
Event: 702.209 Thread 0x000001e7268c29e0 10479       1       java.util.concurrent.ScheduledThreadPoolExecutor$DelayedWorkQueue::add (9 bytes)
Event: 702.210 Thread 0x000001e7268c29e0 nmethod 10479 0x000001e71f802390 code [0x000001e71f802520, 0x000001e71f802648]
Event: 702.210 Thread 0x000001e7268c29e0 10480       1       java.util.concurrent.ScheduledThreadPoolExecutor$DelayedWorkQueue::add (6 bytes)
Event: 702.210 Thread 0x000001e7268c29e0 nmethod 10480 0x000001e71f802090 code [0x000001e71f802220, 0x000001e71f802308]
Event: 702.210 Thread 0x000001e7268c29e0 10481   !   1       java.util.concurrent.ScheduledThreadPoolExecutor$DelayedWorkQueue::offer (123 bytes)
Event: 702.212 Thread 0x000001e7268c29e0 nmethod 10481 0x000001e71f800e10 code [0x000001e71f801080, 0x000001e71f801908]
Event: 702.212 Thread 0x000001e7268c29e0 10482       1       java.util.concurrent.ThreadPoolExecutor::ensurePrestart (41 bytes)
Event: 702.212 Thread 0x000001e7268c29e0 nmethod 10482 0x000001e71f800a10 code [0x000001e71f800bc0, 0x000001e71f800d38]
Event: 728.938 Thread 0x000001e7268c29e0 10484       1       java.util.StringTokenizer::setMaxDelimCodePoint (156 bytes)
Event: 728.940 Thread 0x000001e7268c29e0 nmethod 10484 0x000001e71f7fff90 code [0x000001e71f800180, 0x000001e71f8006f8]
Event: 728.940 Thread 0x000001e7268c29e0 10483       1       java.util.StringTokenizer::<init> (52 bytes)
Event: 728.941 Thread 0x000001e7268c29e0 nmethod 10483 0x000001e71f7ffb10 code [0x000001e71f7ffcc0, 0x000001e71f7ffe88]
Event: 749.391 Thread 0x000001e7268c29e0 10485       1       java.util.concurrent.ScheduledThreadPoolExecutor$DelayedWorkQueue::finishPoll (43 bytes)
Event: 749.392 Thread 0x000001e7268c29e0 nmethod 10485 0x000001e71f7ff610 code [0x000001e71f7ff7c0, 0x000001e71f7ff9a8]
Event: 749.392 Thread 0x000001e7268c29e0 10486       1       java.util.concurrent.ScheduledThreadPoolExecutor$ScheduledFutureTask::run (57 bytes)
Event: 749.392 Thread 0x000001e7268c29e0 nmethod 10486 0x000001e71f7ff090 code [0x000001e71f7ff280, 0x000001e71f7ff4b8]
Event: 749.392 Thread 0x000001e7268c29e0 10487       1       java.util.concurrent.ScheduledThreadPoolExecutor$ScheduledFutureTask::isPeriodic (15 bytes)
Event: 749.392 Thread 0x000001e7268c29e0 nmethod 10487 0x000001e71f7fed90 code [0x000001e71f7fef20, 0x000001e71f7ff018]
Event: 802.021 Thread 0x000001e7268c29e0 10488       1       java.util.concurrent.locks.AbstractQueuedSynchronizer$ConditionObject::awaitNanos (200 bytes)
Event: 802.026 Thread 0x000001e7268c29e0 nmethod 10488 0x000001e71f7fde90 code [0x000001e71f7fe0c0, 0x000001e71f7fe8a8]

GC Heap History (20 events):
Event: 708.567 GC heap before
{Heap before GC invocations=120 (full 29):
 garbage-first heap   total 137216K, used 39743K [0x00000000c0000000, 0x0000000100000000)
  region size 1024K, 1 young (1024K), 0 survivors (0K)
 Metaspace       used 73316K, committed 73984K, reserved 1114112K
  class space    used 9987K, committed 10304K, reserved 1048576K
}
Event: 708.666 GC heap after
{Heap after GC invocations=121 (full 30):
 garbage-first heap   total 137216K, used 39743K [0x00000000c0000000, 0x0000000100000000)
  region size 1024K, 0 young (0K), 0 survivors (0K)
 Metaspace       used 73316K, committed 73984K, reserved 1114112K
  class space    used 9987K, committed 10304K, reserved 1048576K
}
Event: 718.849 GC heap before
{Heap before GC invocations=121 (full 30):
 garbage-first heap   total 137216K, used 39743K [0x00000000c0000000, 0x0000000100000000)
  region size 1024K, 1 young (1024K), 0 survivors (0K)
 Metaspace       used 73316K, committed 73984K, reserved 1114112K
  class space    used 9987K, committed 10304K, reserved 1048576K
}
Event: 718.931 GC heap after
{Heap after GC invocations=122 (full 31):
 garbage-first heap   total 137216K, used 39743K [0x00000000c0000000, 0x0000000100000000)
  region size 1024K, 0 young (0K), 0 survivors (0K)
 Metaspace       used 73316K, committed 73984K, reserved 1114112K
  class space    used 9987K, committed 10304K, reserved 1048576K
}
Event: 729.102 GC heap before
{Heap before GC invocations=122 (full 31):
 garbage-first heap   total 137216K, used 39743K [0x00000000c0000000, 0x0000000100000000)
  region size 1024K, 1 young (1024K), 0 survivors (0K)
 Metaspace       used 73316K, committed 73984K, reserved 1114112K
  class space    used 9987K, committed 10304K, reserved 1048576K
}
Event: 729.169 GC heap after
{Heap after GC invocations=123 (full 32):
 garbage-first heap   total 137216K, used 39743K [0x00000000c0000000, 0x0000000100000000)
  region size 1024K, 0 young (0K), 0 survivors (0K)
 Metaspace       used 73316K, committed 73984K, reserved 1114112K
  class space    used 9987K, committed 10304K, reserved 1048576K
}
Event: 739.331 GC heap before
{Heap before GC invocations=123 (full 32):
 garbage-first heap   total 137216K, used 39743K [0x00000000c0000000, 0x0000000100000000)
  region size 1024K, 1 young (1024K), 0 survivors (0K)
 Metaspace       used 73316K, committed 73984K, reserved 1114112K
  class space    used 9987K, committed 10304K, reserved 1048576K
}
Event: 739.382 GC heap after
{Heap after GC invocations=124 (full 33):
 garbage-first heap   total 137216K, used 39743K [0x00000000c0000000, 0x0000000100000000)
  region size 1024K, 0 young (0K), 0 survivors (0K)
 Metaspace       used 73316K, committed 73984K, reserved 1114112K
  class space    used 9987K, committed 10304K, reserved 1048576K
}
Event: 749.602 GC heap before
{Heap before GC invocations=124 (full 33):
 garbage-first heap   total 137216K, used 39743K [0x00000000c0000000, 0x0000000100000000)
  region size 1024K, 1 young (1024K), 0 survivors (0K)
 Metaspace       used 73316K, committed 73984K, reserved 1114112K
  class space    used 9987K, committed 10304K, reserved 1048576K
}
Event: 749.662 GC heap after
{Heap after GC invocations=125 (full 34):
 garbage-first heap   total 137216K, used 39743K [0x00000000c0000000, 0x0000000100000000)
  region size 1024K, 0 young (0K), 0 survivors (0K)
 Metaspace       used 73316K, committed 73984K, reserved 1114112K
  class space    used 9987K, committed 10304K, reserved 1048576K
}
Event: 759.916 GC heap before
{Heap before GC invocations=125 (full 34):
 garbage-first heap   total 137216K, used 39743K [0x00000000c0000000, 0x0000000100000000)
  region size 1024K, 1 young (1024K), 0 survivors (0K)
 Metaspace       used 73316K, committed 73984K, reserved 1114112K
  class space    used 9987K, committed 10304K, reserved 1048576K
}
Event: 759.967 GC heap after
{Heap after GC invocations=126 (full 35):
 garbage-first heap   total 137216K, used 39743K [0x00000000c0000000, 0x0000000100000000)
  region size 1024K, 0 young (0K), 0 survivors (0K)
 Metaspace       used 73316K, committed 73984K, reserved 1114112K
  class space    used 9987K, committed 10304K, reserved 1048576K
}
Event: 800.260 GC heap before
{Heap before GC invocations=126 (full 35):
 garbage-first heap   total 137216K, used 39743K [0x00000000c0000000, 0x0000000100000000)
  region size 1024K, 1 young (1024K), 0 survivors (0K)
 Metaspace       used 73316K, committed 73984K, reserved 1114112K
  class space    used 9987K, committed 10304K, reserved 1048576K
}
Event: 800.333 GC heap after
{Heap after GC invocations=127 (full 36):
 garbage-first heap   total 137216K, used 39743K [0x00000000c0000000, 0x0000000100000000)
  region size 1024K, 0 young (0K), 0 survivors (0K)
 Metaspace       used 73316K, committed 73984K, reserved 1114112K
  class space    used 9987K, committed 10304K, reserved 1048576K
}
Event: 810.890 GC heap before
{Heap before GC invocations=127 (full 36):
 garbage-first heap   total 137216K, used 39743K [0x00000000c0000000, 0x0000000100000000)
  region size 1024K, 1 young (1024K), 0 survivors (0K)
 Metaspace       used 73316K, committed 73984K, reserved 1114112K
  class space    used 9987K, committed 10304K, reserved 1048576K
}
Event: 810.984 GC heap after
{Heap after GC invocations=128 (full 37):
 garbage-first heap   total 137216K, used 39743K [0x00000000c0000000, 0x0000000100000000)
  region size 1024K, 0 young (0K), 0 survivors (0K)
 Metaspace       used 73316K, committed 73984K, reserved 1114112K
  class space    used 9987K, committed 10304K, reserved 1048576K
}
Event: 822.142 GC heap before
{Heap before GC invocations=128 (full 37):
 garbage-first heap   total 137216K, used 39743K [0x00000000c0000000, 0x0000000100000000)
  region size 1024K, 1 young (1024K), 0 survivors (0K)
 Metaspace       used 73316K, committed 73984K, reserved 1114112K
  class space    used 9987K, committed 10304K, reserved 1048576K
}
Event: 822.247 GC heap after
{Heap after GC invocations=129 (full 38):
 garbage-first heap   total 137216K, used 39743K [0x00000000c0000000, 0x0000000100000000)
  region size 1024K, 0 young (0K), 0 survivors (0K)
 Metaspace       used 73316K, committed 73984K, reserved 1114112K
  class space    used 9987K, committed 10304K, reserved 1048576K
}
Event: 842.694 GC heap before
{Heap before GC invocations=129 (full 38):
 garbage-first heap   total 137216K, used 39743K [0x00000000c0000000, 0x0000000100000000)
  region size 1024K, 1 young (1024K), 0 survivors (0K)
 Metaspace       used 73316K, committed 73984K, reserved 1114112K
  class space    used 9987K, committed 10304K, reserved 1048576K
}
Event: 842.796 GC heap after
{Heap after GC invocations=130 (full 39):
 garbage-first heap   total 137216K, used 39743K [0x00000000c0000000, 0x0000000100000000)
  region size 1024K, 0 young (0K), 0 survivors (0K)
 Metaspace       used 73316K, committed 73984K, reserved 1114112K
  class space    used 9987K, committed 10304K, reserved 1048576K
}

Dll operation events (10 events):
Event: 0.025 Loaded shared library c:\Users\admin\.vscode\extensions\redhat.java-1.20.0-win32-x64\jre\17.0.7-win32-x86_64\bin\java.dll
Event: 0.907 Loaded shared library C:\Users\admin\.vscode\extensions\redhat.java-1.20.0-win32-x64\jre\17.0.7-win32-x86_64\bin\net.dll
Event: 0.909 Loaded shared library C:\Users\admin\.vscode\extensions\redhat.java-1.20.0-win32-x64\jre\17.0.7-win32-x86_64\bin\nio.dll
Event: 1.831 Loaded shared library C:\Users\admin\.vscode\extensions\redhat.java-1.20.0-win32-x64\jre\17.0.7-win32-x86_64\bin\zip.dll
Event: 15.095 Loaded shared library C:\Users\admin\.vscode\extensions\redhat.java-1.20.0-win32-x64\jre\17.0.7-win32-x86_64\bin\jimage.dll
Event: 32.390 Loaded shared library C:\Users\admin\.vscode\extensions\redhat.java-1.20.0-win32-x64\jre\17.0.7-win32-x86_64\bin\management.dll
Event: 32.394 Loaded shared library C:\Users\admin\.vscode\extensions\redhat.java-1.20.0-win32-x64\jre\17.0.7-win32-x86_64\bin\management_ext.dll
Event: 36.564 Loaded shared library C:\Users\admin\.vscode\extensions\redhat.java-1.20.0-win32-x64\jre\17.0.7-win32-x86_64\bin\sunmscapi.dll
Event: 61.690 Loaded shared library c:\Users\admin\.vscode\extensions\redhat.java-1.20.0-win32-x64\jre\17.0.7-win32-x86_64\bin\verify.dll
Event: 68.228 Loaded shared library C:\Users\admin\AppData\Local\Temp\snappy-1.1.8-02ea70ec-2330-49eb-81ca-33f001fc63e6-snappyjava.dll

Deoptimization events (20 events):
Event: 63.004 Thread 0x000001e72c30e890 DEOPT PACKING pc=0x000001e71f729b2c sp=0x0000002e8b0fe110
Event: 63.004 Thread 0x000001e72c30e890 DEOPT UNPACKING pc=0x000001e71e7a7143 sp=0x0000002e8b0fd5a0 mode 0
Event: 63.024 Thread 0x000001e72c30e890 DEOPT PACKING pc=0x000001e71ecd89f3 sp=0x0000002e8b0fd550
Event: 63.024 Thread 0x000001e72c30e890 DEOPT UNPACKING pc=0x000001e71e7a7143 sp=0x0000002e8b0fca70 mode 3
Event: 68.014 Thread 0x000001e72d71c110 DEOPT PACKING pc=0x000001e71f911f8c sp=0x0000002e8b5fd1a0
Event: 68.014 Thread 0x000001e72d71c110 DEOPT UNPACKING pc=0x000001e71e7a7143 sp=0x0000002e8b5fc6e8 mode 0
Event: 68.028 Thread 0x000001e72d71c110 DEOPT PACKING pc=0x000001e71f911fec sp=0x0000002e8b5fd4d0
Event: 68.028 Thread 0x000001e72d71c110 DEOPT UNPACKING pc=0x000001e71e7a7143 sp=0x0000002e8b5fca20 mode 0
Event: 68.029 Thread 0x000001e72d71c110 DEOPT PACKING pc=0x000001e71f911fec sp=0x0000002e8b5fd790
Event: 68.029 Thread 0x000001e72d71c110 DEOPT UNPACKING pc=0x000001e71e7a7143 sp=0x0000002e8b5fcce0 mode 0
Event: 68.029 Thread 0x000001e72d71c110 DEOPT PACKING pc=0x000001e71f911fec sp=0x0000002e8b5fd9b0
Event: 68.029 Thread 0x000001e72d71c110 DEOPT UNPACKING pc=0x000001e71e7a7143 sp=0x0000002e8b5fcf00 mode 0
Event: 68.035 Thread 0x000001e72d71c110 DEOPT PACKING pc=0x000001e71f911fec sp=0x0000002e8b5fdc70
Event: 68.035 Thread 0x000001e72d71c110 DEOPT UNPACKING pc=0x000001e71e7a7143 sp=0x0000002e8b5fd1c0 mode 0
Event: 68.046 Thread 0x000001e72d71c110 DEOPT PACKING pc=0x000001e71f911fec sp=0x0000002e8b5fdfa0
Event: 68.046 Thread 0x000001e72d71c110 DEOPT UNPACKING pc=0x000001e71e7a7143 sp=0x0000002e8b5fd4f0 mode 0
Event: 68.046 Thread 0x000001e72d71c110 DEOPT PACKING pc=0x000001e71f911fec sp=0x0000002e8b5fe2a0
Event: 68.046 Thread 0x000001e72d71c110 DEOPT UNPACKING pc=0x000001e71e7a7143 sp=0x0000002e8b5fd7f0 mode 0
Event: 115.597 Thread 0x000001e72c2ba5c0 DEOPT PACKING pc=0x000001e71ec69d54 sp=0x0000002e8a8ff1c0
Event: 115.597 Thread 0x000001e72c2ba5c0 DEOPT UNPACKING pc=0x000001e71e7a7143 sp=0x0000002e8a8fe648 mode 0

Classes unloaded (20 events):
Event: 263.758 Thread 0x000001e72687b1c0 Unloading class 0x00000001000c8400 'java/lang/invoke/LambdaForm$MH+0x00000001000c8400'
Event: 569.124 Thread 0x000001e72687b1c0 Unloading class 0x0000000100399c00 'java/lang/invoke/LambdaForm$MH+0x0000000100399c00'
Event: 569.124 Thread 0x000001e72687b1c0 Unloading class 0x000000010039ac00 'java/lang/invoke/LambdaForm$MH+0x000000010039ac00'
Event: 569.124 Thread 0x000001e72687b1c0 Unloading class 0x00000001003a0400 'java/lang/invoke/LambdaForm$MH+0x00000001003a0400'
Event: 569.124 Thread 0x000001e72687b1c0 Unloading class 0x00000001003a0800 'java/lang/invoke/LambdaForm$MH+0x00000001003a0800'
Event: 569.124 Thread 0x000001e72687b1c0 Unloading class 0x00000001003a1800 'java/lang/invoke/LambdaForm$MH+0x00000001003a1800'
Event: 569.124 Thread 0x000001e72687b1c0 Unloading class 0x00000001003a4800 'java/lang/invoke/LambdaForm$MH+0x00000001003a4800'
Event: 610.135 Thread 0x000001e72687b1c0 Unloading class 0x00000001000cb800 'jdk/internal/reflect/GeneratedConstructorAccessor68'
Event: 610.135 Thread 0x000001e72687b1c0 Unloading class 0x0000000100211000 'jdk/internal/reflect/GeneratedConstructorAccessor67'
Event: 610.135 Thread 0x000001e72687b1c0 Unloading class 0x00000001003b0c00 'jdk/internal/reflect/GeneratedConstructorAccessor59'
Event: 610.135 Thread 0x000001e72687b1c0 Unloading class 0x0000000100420400 'jdk/internal/reflect/GeneratedConstructorAccessor58'
Event: 610.135 Thread 0x000001e72687b1c0 Unloading class 0x0000000100422000 'jdk/internal/reflect/GeneratedMethodAccessor31'
Event: 610.135 Thread 0x000001e72687b1c0 Unloading class 0x00000001004f1000 'jdk/internal/reflect/GeneratedConstructorAccessor57'
Event: 610.135 Thread 0x000001e72687b1c0 Unloading class 0x0000000100540c00 'java/lang/invoke/LambdaForm$MH+0x0000000100540c00'
Event: 610.135 Thread 0x000001e72687b1c0 Unloading class 0x0000000100541000 'java/lang/invoke/LambdaForm$MH+0x0000000100541000'
Event: 610.135 Thread 0x000001e72687b1c0 Unloading class 0x0000000100542000 'java/lang/invoke/LambdaForm$MH+0x0000000100542000'
Event: 610.135 Thread 0x000001e72687b1c0 Unloading class 0x0000000100542800 'java/lang/invoke/LambdaForm$MH+0x0000000100542800'
Event: 610.135 Thread 0x000001e72687b1c0 Unloading class 0x0000000100592000 'java/lang/invoke/LambdaForm$MH+0x0000000100592000'
Event: 610.135 Thread 0x000001e72687b1c0 Unloading class 0x00000001005a8800 'java/lang/invoke/LambdaForm$MH+0x00000001005a8800'
Event: 610.136 Thread 0x000001e72687b1c0 Unloading class 0x0000000100708000 'java/lang/invoke/LambdaForm$MH+0x0000000100708000'

Classes redefined (0 events):
No events

Internal exceptions (20 events):
Event: 535.626 Thread 0x000001e72c55d540 Exception <a 'sun/nio/fs/WindowsException'{0x00000000c6d9d6e0}> (0x00000000c6d9d6e0) 
thrown [s\src\hotspot\share\prims\jni.cpp, line 516]
Event: 535.627 Thread 0x000001e72c55d540 Exception <a 'sun/nio/fs/WindowsException'{0x00000000c6d9ed10}> (0x00000000c6d9ed10) 
thrown [s\src\hotspot\share\prims\jni.cpp, line 516]
Event: 535.627 Thread 0x000001e72c55d540 Exception <a 'sun/nio/fs/WindowsException'{0x00000000c6d9f800}> (0x00000000c6d9f800) 
thrown [s\src\hotspot\share\prims\jni.cpp, line 516]
Event: 535.627 Thread 0x000001e72c55d540 Exception <a 'sun/nio/fs/WindowsException'{0x00000000c6da02a0}> (0x00000000c6da02a0) 
thrown [s\src\hotspot\share\prims\jni.cpp, line 516]
Event: 535.627 Thread 0x000001e72c55d540 Exception <a 'sun/nio/fs/WindowsException'{0x00000000c6da0e30}> (0x00000000c6da0e30) 
thrown [s\src\hotspot\share\prims\jni.cpp, line 516]
Event: 535.627 Thread 0x000001e72c55d540 Exception <a 'sun/nio/fs/WindowsException'{0x00000000c6da19f0}> (0x00000000c6da19f0) 
thrown [s\src\hotspot\share\prims\jni.cpp, line 516]
Event: 535.627 Thread 0x000001e72c55d540 Exception <a 'sun/nio/fs/WindowsException'{0x00000000c6da2618}> (0x00000000c6da2618) 
thrown [s\src\hotspot\share\prims\jni.cpp, line 516]
Event: 535.662 Thread 0x000001e72c55d540 Exception <a 'sun/nio/fs/WindowsException'{0x00000000c6c0c668}> (0x00000000c6c0c668) 
thrown [s\src\hotspot\share\prims\jni.cpp, line 516]
Event: 535.663 Thread 0x000001e72c55d540 Exception <a 'sun/nio/fs/WindowsException'{0x00000000c6c0d1a8}> (0x00000000c6c0d1a8) 
thrown [s\src\hotspot\share\prims\jni.cpp, line 516]
Event: 535.663 Thread 0x000001e72c55d540 Exception <a 'sun/nio/fs/WindowsException'{0x00000000c6c0dc48}> (0x00000000c6c0dc48) 
thrown [s\src\hotspot\share\prims\jni.cpp, line 516]
Event: 535.663 Thread 0x000001e72c55d540 Exception <a 'sun/nio/fs/WindowsException'{0x00000000c6c0e738}> (0x00000000c6c0e738) 
thrown [s\src\hotspot\share\prims\jni.cpp, line 516]
Event: 535.664 Thread 0x000001e72c55d540 Exception <a 'sun/nio/fs/WindowsException'{0x00000000c6c0f2f8}> (0x00000000c6c0f2f8) 
thrown [s\src\hotspot\share\prims\jni.cpp, line 516]
Event: 535.664 Thread 0x000001e72c55d540 Exception <a 'sun/nio/fs/WindowsException'{0x00000000c6c0ff20}> (0x00000000c6c0ff20) 
thrown [s\src\hotspot\share\prims\jni.cpp, line 516]
Event: 535.664 Thread 0x000001e72c55d540 Exception <a 'sun/nio/fs/WindowsException'{0x00000000c6c11550}> (0x00000000c6c11550) 
thrown [s\src\hotspot\share\prims\jni.cpp, line 516]
Event: 535.664 Thread 0x000001e72c55d540 Exception <a 'sun/nio/fs/WindowsException'{0x00000000c6c12040}> (0x00000000c6c12040) 
thrown [s\src\hotspot\share\prims\jni.cpp, line 516]
Event: 535.664 Thread 0x000001e72c55d540 Exception <a 'sun/nio/fs/WindowsException'{0x00000000c6c12ae0}> (0x00000000c6c12ae0) 
thrown [s\src\hotspot\share\prims\jni.cpp, line 516]
Event: 535.665 Thread 0x000001e72c55d540 Exception <a 'sun/nio/fs/WindowsException'{0x00000000c6c135d0}> (0x00000000c6c135d0) 
thrown [s\src\hotspot\share\prims\jni.cpp, line 516]
Event: 535.665 Thread 0x000001e72c55d540 Exception <a 'sun/nio/fs/WindowsException'{0x00000000c6c14190}> (0x00000000c6c14190) 
thrown [s\src\hotspot\share\prims\jni.cpp, line 516]
Event: 535.665 Thread 0x000001e72c55d540 Exception <a 'sun/nio/fs/WindowsException'{0x00000000c6c14db8}> (0x00000000c6c14db8) 
thrown [s\src\hotspot\share\prims\jni.cpp, line 516]
Event: 832.261 Thread 0x000001e72c1ac2c0 Exception <a 'java/io/IOException'{0x00000000c8500630}: CreateProcess error=1450, Insufficient system resources exist to complete the requested service> (0x00000000c8500630) 
thrown [s\src\hotspot\share\prims\jni.cpp, line 535]

VM Operations (20 events):
Event: 708.666 Executing VM operation: G1CollectFull done
Event: 718.849 Executing VM operation: G1CollectFull
Event: 718.931 Executing VM operation: G1CollectFull done
Event: 729.102 Executing VM operation: G1CollectFull
Event: 729.170 Executing VM operation: G1CollectFull done
Event: 739.331 Executing VM operation: G1CollectFull
Event: 739.382 Executing VM operation: G1CollectFull done
Event: 749.602 Executing VM operation: G1CollectFull
Event: 749.662 Executing VM operation: G1CollectFull done
Event: 759.915 Executing VM operation: G1CollectFull
Event: 759.968 Executing VM operation: G1CollectFull done
Event: 800.260 Executing VM operation: G1CollectFull
Event: 800.333 Executing VM operation: G1CollectFull done
Event: 810.889 Executing VM operation: G1CollectFull
Event: 810.984 Executing VM operation: G1CollectFull done
Event: 822.141 Executing VM operation: G1CollectFull
Event: 822.247 Executing VM operation: G1CollectFull done
Event: 842.693 Executing VM operation: G1CollectFull
Event: 842.796 Executing VM operation: G1CollectFull done
Event: 852.894 Executing VM operation: G1CollectFull

Events (20 events):
Event: 494.967 Thread 0x000001e72c74b900 Thread added: 0x000001e72c74b900
Event: 494.970 Thread 0x000001e72d0c14d0 Thread added: 0x000001e72d0c14d0
Event: 494.970 Thread 0x000001e72d701340 Thread added: 0x000001e72d701340
Event: 495.363 Thread 0x000001e72c539920 Thread added: 0x000001e72c539920
Event: 496.318 Thread 0x000001e72d0c14d0 Thread exited: 0x000001e72d0c14d0
Event: 496.318 Thread 0x000001e72d701340 Thread exited: 0x000001e72d701340
Event: 503.768 Thread 0x000001e72c74b900 Thread exited: 0x000001e72c74b900
Event: 506.586 Thread 0x000001e72c74b900 Thread added: 0x000001e72c74b900
Event: 508.248 Thread 0x000001e72c74b900 Thread exited: 0x000001e72c74b900
Event: 522.015 Thread 0x000001e72c55c200 Thread exited: 0x000001e72c55c200
Event: 522.139 Thread 0x000001e726810340 Thread added: 0x000001e726810340
Event: 532.015 Thread 0x000001e726810340 Thread exited: 0x000001e726810340
Event: 534.880 Thread 0x000001e72d71d570 Thread added: 0x000001e72d71d570
Event: 552.016 Thread 0x000001e72d71d570 Thread exited: 0x000001e72d71d570
Event: 555.372 Thread 0x000001e72680f000 Thread exited: 0x000001e72680f000
Event: 596.159 Thread 0x000001e72680fe70 Thread exited: 0x000001e72680fe70
Event: 629.853 Thread 0x000001e72c55a520 Thread exited: 0x000001e72c55a520
Event: 630.472 Thread 0x000001e72c539920 Thread exited: 0x000001e72c539920
Event: 767.316 Thread 0x000001e72d71c110 Thread added: 0x000001e72d71c110
Event: 829.461 Thread 0x000001e72d71c110 Thread exited: 0x000001e72d71c110


Dynamic libraries:
0x00007ff6e1310000 - 0x00007ff6e131e000 	c:\Users\admin\.vscode\extensions\redhat.java-1.20.0-win32-x64\jre\17.0.7-win32-x86_64\bin\java.exe
0x00007ffb318b0000 - 0x00007ffb31aa8000 	C:\WINDOWS\SYSTEM32\ntdll.dll
0x00007ffb314a0000 - 0x00007ffb3155f000 	C:\WINDOWS\System32\KERNEL32.DLL
0x00007ffb2f370000 - 0x00007ffb2f666000 	C:\WINDOWS\System32\KERNELBASE.dll
0x00007ffb2f810000 - 0x00007ffb2f910000 	C:\WINDOWS\System32\ucrtbase.dll
0x00007ffb29610000 - 0x00007ffb29627000 	c:\Users\admin\.vscode\extensions\redhat.java-1.20.0-win32-x64\jre\17.0.7-win32-x86_64\bin\jli.dll
0x00007ffb2fac0000 - 0x00007ffb2fc5d000 	C:\WINDOWS\System32\USER32.dll
0x00007ffb2f2a0000 - 0x00007ffb2f2c2000 	C:\WINDOWS\System32\win32u.dll
0x00007ffb2fcc0000 - 0x00007ffb2fcec000 	C:\WINDOWS\System32\GDI32.dll
0x00007ffb2f180000 - 0x00007ffb2f295000 	C:\WINDOWS\System32\gdi32full.dll
0x00007ffb2f2d0000 - 0x00007ffb2f36d000 	C:\WINDOWS\System32\msvcp_win.dll
0x00007ffb28a00000 - 0x00007ffb28a19000 	c:\Users\admin\.vscode\extensions\redhat.java-1.20.0-win32-x64\jre\17.0.7-win32-x86_64\bin\VCRUNTIME140.dll
0x00007ffb19ec0000 - 0x00007ffb1a15a000 	C:\WINDOWS\WinSxS\amd64_microsoft.windows.common-controls_6595b64144ccf1df_6.0.19041.1110_none_60b5254171f9507e\COMCTL32.dll
0x00007ffb30e50000 - 0x00007ffb30eee000 	C:\WINDOWS\System32\msvcrt.dll
0x00007ffb309b0000 - 0x00007ffb309e0000 	C:\WINDOWS\System32\IMM32.DLL
0x00007ffb2a4b0000 - 0x00007ffb2a4bc000 	c:\Users\admin\.vscode\extensions\redhat.java-1.20.0-win32-x64\jre\17.0.7-win32-x86_64\bin\vcruntime140_1.dll
0x00007ffafc820000 - 0x00007ffafc8b1000 	c:\Users\admin\.vscode\extensions\redhat.java-1.20.0-win32-x64\jre\17.0.7-win32-x86_64\bin\msvcp140.dll
0x00007ffaf25a0000 - 0x00007ffaf31e8000 	c:\Users\admin\.vscode\extensions\redhat.java-1.20.0-win32-x64\jre\17.0.7-win32-x86_64\bin\server\jvm.dll
0x00007ffb31270000 - 0x00007ffb3131f000 	C:\WINDOWS\System32\ADVAPI32.dll
0x00007ffb310a0000 - 0x00007ffb3113c000 	C:\WINDOWS\System32\sechost.dll
0x00007ffb31740000 - 0x00007ffb31866000 	C:\WINDOWS\System32\RPCRT4.dll
0x00007ffb28cf0000 - 0x00007ffb28cf9000 	C:\WINDOWS\SYSTEM32\WSOCK32.dll
0x00007ffb30860000 - 0x00007ffb308cb000 	C:\WINDOWS\System32\WS2_32.dll
0x00007ffb18bc0000 - 0x00007ffb18be7000 	C:\WINDOWS\SYSTEM32\WINMM.dll
0x00007ffb27420000 - 0x00007ffb2742a000 	C:\WINDOWS\SYSTEM32\VERSION.dll
0x00007ffb2d7c0000 - 0x00007ffb2d7d2000 	C:\WINDOWS\SYSTEM32\kernel.appcore.dll
0x00007ffb28cb0000 - 0x00007ffb28cba000 	c:\Users\admin\.vscode\extensions\redhat.java-1.20.0-win32-x64\jre\17.0.7-win32-x86_64\bin\jimage.dll
0x00007ffb2d570000 - 0x00007ffb2d754000 	C:\WINDOWS\SYSTEM32\DBGHELP.DLL
0x00007ffb1b000000 - 0x00007ffb1b034000 	C:\WINDOWS\SYSTEM32\dbgcore.DLL
0x00007ffb2f0f0000 - 0x00007ffb2f172000 	C:\WINDOWS\System32\bcryptPrimitives.dll
0x00007ffb02b30000 - 0x00007ffb02b55000 	c:\Users\admin\.vscode\extensions\redhat.java-1.20.0-win32-x64\jre\17.0.7-win32-x86_64\bin\java.dll
0x00007ffb16d90000 - 0x00007ffb16da8000 	c:\Users\admin\.vscode\extensions\redhat.java-1.20.0-win32-x64\jre\17.0.7-win32-x86_64\bin\zip.dll
0x00007ffb30060000 - 0x00007ffb307a4000 	C:\WINDOWS\System32\SHELL32.dll
0x00007ffb2cdd0000 - 0x00007ffb2d563000 	C:\WINDOWS\SYSTEM32\windows.storage.dll
0x00007ffb2fcf0000 - 0x00007ffb30044000 	C:\WINDOWS\System32\combase.dll
0x00007ffb2e820000 - 0x00007ffb2e84e000 	C:\WINDOWS\SYSTEM32\Wldp.dll
0x00007ffb307b0000 - 0x00007ffb3085d000 	C:\WINDOWS\System32\SHCORE.dll
0x00007ffb31560000 - 0x00007ffb315b5000 	C:\WINDOWS\System32\shlwapi.dll
0x00007ffb2eed0000 - 0x00007ffb2eeef000 	C:\WINDOWS\SYSTEM32\profapi.dll
0x00007ffb15dd0000 - 0x00007ffb15de9000 	C:\Users\admin\.vscode\extensions\redhat.java-1.20.0-win32-x64\jre\17.0.7-win32-x86_64\bin\net.dll
0x00007ffb25aa0000 - 0x00007ffb25baa000 	C:\WINDOWS\SYSTEM32\WINHTTP.dll
0x00007ffb2e600000 - 0x00007ffb2e66a000 	C:\WINDOWS\system32\mswsock.dll
0x00007ffb148a0000 - 0x00007ffb148b5000 	C:\Users\admin\.vscode\extensions\redhat.java-1.20.0-win32-x64\jre\17.0.7-win32-x86_64\bin\nio.dll
0x00007ffb2e860000 - 0x00007ffb2e878000 	C:\WINDOWS\SYSTEM32\CRYPTSP.dll
0x00007ffb2df40000 - 0x00007ffb2df74000 	C:\WINDOWS\system32\rsaenh.dll
0x00007ffb2f770000 - 0x00007ffb2f797000 	C:\WINDOWS\System32\bcrypt.dll
0x00007ffb2ee90000 - 0x00007ffb2eebe000 	C:\WINDOWS\SYSTEM32\USERENV.dll
0x00007ffb2e790000 - 0x00007ffb2e79c000 	C:\WINDOWS\SYSTEM32\CRYPTBASE.dll
0x00007ffb2e310000 - 0x00007ffb2e34c000 	C:\WINDOWS\SYSTEM32\IPHLPAPI.DLL
0x00007ffb2fab0000 - 0x00007ffb2fab8000 	C:\WINDOWS\System32\NSI.dll
0x00007ffb25d00000 - 0x00007ffb25d17000 	C:\WINDOWS\SYSTEM32\dhcpcsvc6.DLL
0x00007ffb25c00000 - 0x00007ffb25c1d000 	C:\WINDOWS\SYSTEM32\dhcpcsvc.DLL
0x00007ffb2e350000 - 0x00007ffb2e41a000 	C:\WINDOWS\SYSTEM32\DNSAPI.dll
0x00007ffb1efb0000 - 0x00007ffb1efb9000 	C:\Users\admin\.vscode\extensions\redhat.java-1.20.0-win32-x64\jre\17.0.7-win32-x86_64\bin\management.dll
0x00007ffb1efa0000 - 0x00007ffb1efab000 	C:\Users\admin\.vscode\extensions\redhat.java-1.20.0-win32-x64\jre\17.0.7-win32-x86_64\bin\management_ext.dll
0x00007ffb30050000 - 0x00007ffb30058000 	C:\WINDOWS\System32\PSAPI.DLL
0x00007ffb27520000 - 0x00007ffb2752e000 	C:\Users\admin\.vscode\extensions\redhat.java-1.20.0-win32-x64\jre\17.0.7-win32-x86_64\bin\sunmscapi.dll
0x00007ffb2ef90000 - 0x00007ffb2f0ee000 	C:\WINDOWS\System32\CRYPT32.dll
0x00007ffb2e970000 - 0x00007ffb2e998000 	C:\WINDOWS\SYSTEM32\ncrypt.dll
0x00007ffb2e930000 - 0x00007ffb2e96b000 	C:\WINDOWS\SYSTEM32\NTASN1.dll
0x00007ffb1e7e0000 - 0x00007ffb1e7ea000 	C:\Windows\System32\rasadhlp.dll
0x00007ffb248c0000 - 0x00007ffb24942000 	C:\WINDOWS\System32\fwpuclnt.dll
0x00007ffb27530000 - 0x00007ffb27540000 	c:\Users\admin\.vscode\extensions\redhat.java-1.20.0-win32-x64\jre\17.0.7-win32-x86_64\bin\verify.dll
0x000000006c500000 - 0x000000006c5c7000 	C:\Users\admin\AppData\Local\Temp\snappy-1.1.8-02ea70ec-2330-49eb-81ca-33f001fc63e6-snappyjava.dll

dbghelp: loaded successfully - version: 4.0.5 - missing functions: none
symbol engine: initialized successfully - sym options: 0x614 - pdb path: .;c:\Users\admin\.vscode\extensions\redhat.java-1.20.0-win32-x64\jre\17.0.7-win32-x86_64\bin;C:\WINDOWS\SYSTEM32;C:\WINDOWS\WinSxS\amd64_microsoft.windows.common-controls_6595b64144ccf1df_6.0.19041.1110_none_60b5254171f9507e;c:\Users\admin\.vscode\extensions\redhat.java-1.20.0-win32-x64\jre\17.0.7-win32-x86_64\bin\server;C:\Users\admin\AppData\Local\Temp

VM Arguments:
jvm_args: -XX:+HeapDumpOnOutOfMemoryError -Xmx1024m -Dsts.lsp.client=vscode -Dsts.log.file=/dev/null -XX:TieredStopAtLevel=1 -Xlog:jni+resolve=off -Dspring.config.location=file:c:\Users\admin\.vscode\extensions\vmware.vscode-spring-boot-1.47.0\language-server\BOOT-INF\classes\application.properties 
java_command: org.springframework.ide.vscode.boot.app.BootLanguageServerBootApp
java_class_path (initial): c:\Users\admin\.vscode\extensions\vmware.vscode-spring-boot-1.47.0\language-server\BOOT-INF\classes;c:\Users\admin\.vscode\extensions\vmware.vscode-spring-boot-1.47.0\language-server\BOOT-INF\lib\annotations-24.0.1.jar;c:\Users\admin\.vscode\extensions\vmware.vscode-spring-boot-1.47.0\language-server\BOOT-INF\lib\antlr-runtime-3.5.3.jar;c:\Users\admin\.vscode\extensions\vmware.vscode-spring-boot-1.47.0\language-server\BOOT-INF\lib\antlr4-4.11.1.jar;c:\Users\admin\.vscode\extensions\vmware.vscode-spring-boot-1.47.0\language-server\BOOT-INF\lib\antlr4-runtime-4.11.1.jar;c:\Users\admin\.vscode\extensions\vmware.vscode-spring-boot-1.47.0\language-server\BOOT-INF\lib\aopalliance-1.0.jar;c:\Users\admin\.vscode\extensions\vmware.vscode-spring-boot-1.47.0\language-server\BOOT-INF\lib\asm-9.5.jar;c:\Users\admin\.vscode\extensions\vmware.vscode-spring-boot-1.47.0\language-server\BOOT-INF\lib\asm-analysis-9.5.jar;c:\Users\admin\.vscode\extensions\vmware.vscode-spring-boot-1.47.0\language-server\BOOT-INF\lib\asm-tree-9.5.jar;c:\Users\admin\.vscode\extensions\vmware.vscode-spring-boot-1.47.0\language-server\BOOT-INF\lib\asm-util-9.5.jar;c:\Users\admin\.vscode\extensions\vmware.vscode-spring-boot-1.47.0\language-server\BOOT-INF\lib\auto-common-1.2.1.jar;c:\Users\admin\.vscode\extensions\vmware.vscode-spring-boot-1.47.0\language-server\BOOT-INF\lib\auto-value-annotations-1.9.jar;c:\Users\admin\.vscode\extensions\vmware.vscode-spring-boot-1.47.0\language-server\BOOT-INF\lib\caffeine-3.1.2.jar;c:\Users\admin\.vscode\extensions\vmware.vscode-spring-boot-1.47.0\language-server\BOOT-INF\lib\checker-qual-3.12.0.jar;c:\Users\admin\.vscode\extensions\vmware.vscode-spring-boot-1.47.0\language-server\BOOT-INF\lib\classgraph-4.8.149.jar;c:\Users\admin\.vscode\extensions\vmware.vscode-spring-boot-1.47.0\language-server\BOOT-INF\lib\commons-codec-1.15.jar;c:\Users\admin\.vscode\extensions\vmware.vscode-spring-boot-1.47.0\language-server\BOOT-INF\lib\commons-compres
Launcher Type: SUN_STANDARD

[Global flags]
     intx CICompilerCount                          = 4                                         {product} {ergonomic}
     uint ConcGCThreads                            = 2                                         {product} {ergonomic}
     uint G1ConcRefinementThreads                  = 8                                         {product} {ergonomic}
   size_t G1HeapRegionSize                         = 1048576                                   {product} {ergonomic}
    uintx GCDrainStackTargetSize                   = 64                                        {product} {ergonomic}
     bool HeapDumpOnOutOfMemoryError               = true                                   {manageable} {command line}
   size_t InitialHeapSize                          = 134217728                                 {product} {ergonomic}
   size_t MarkStackSize                            = 4194304                                   {product} {ergonomic}
   size_t MaxHeapSize                              = 1073741824                                {product} {command line}
   size_t MaxNewSize                               = 643825664                                 {product} {ergonomic}
   size_t MinHeapDeltaBytes                        = 1048576                                   {product} {ergonomic}
   size_t MinHeapSize                              = 8388608                                   {product} {ergonomic}
    uintx NonProfiledCodeHeapSize                  = 0                                      {pd product} {ergonomic}
     bool ProfileInterpreter                       = false                                  {pd product} {command line}
    uintx ProfiledCodeHeapSize                     = 0                                      {pd product} {ergonomic}
   size_t SoftMaxHeapSize                          = 1073741824                             {manageable} {ergonomic}
     intx TieredStopAtLevel                        = 1                                         {product} {command line}
     bool UseCompressedClassPointers               = true                           {product lp64_product} {ergonomic}
     bool UseCompressedOops                        = true                           {product lp64_product} {ergonomic}
     bool UseG1GC                                  = true                                      {product} {ergonomic}
     bool UseLargePagesIndividualAllocation        = false                                  {pd product} {ergonomic}

Logging:
Log output configuration:
 #0: stdout all=warning,jni+resolve=off uptime,level,tags
 #1: stderr all=off uptime,level,tags

Environment Variables:
JAVA_HOME=C:\Program Files\Java\jdk-20
PATH=C:\Program Files\Common Files\Oracle\Java\javapath;C:\Program Files (x86)\Common Files\Oracle\Java\javapath;C:\WINDOWS\system32;C:\WINDOWS;C:\WINDOWS\System32\Wbem;C:\WINDOWS\System32\WindowsPowerShell\v1.0\;C:\WINDOWS\System32\OpenSSH\;C:\Program Files\dotnet\;C:\Program Files (x86)\Intel\Intel(R) Management Engine Components\DAL;C:\Program Files\Intel\Intel(R) Management Engine Components\DAL;C:\Program Files\Git\cmd;C:\Program Files\nodejs\;C:\Program Files\Java\jdk-20\bin;C:\Users\admin\Downloads\apache-maven-3.9.1-bin\apache-maven-3.9.1\bin;C:\Users\admin\AppData\Local\Microsoft\WindowsApps;C:\Users\admin\AppData\Local\Programs\Microsoft VS Code\bin;C:\Users\admin\AppData\Roaming\npm;%JAVA_HOME\bin%;;C:\Program Files\JetBrains\IntelliJ IDEA 2023.1.1\bin;
USERNAME=admin
OS=Windows_NT
PROCESSOR_IDENTIFIER=Intel64 Family 6 Model 142 Stepping 10, GenuineIntel
TMP=C:\Users\admin\AppData\Local\Temp
TEMP=C:\Users\admin\AppData\Local\Temp



---------------  S Y S T E M  ---------------

OS:
 Windows 10 , 64 bit Build 19041 (10.0.19041.3031)
OS uptime: 1 days 7:04 hours
Hyper-V role detected

CPU: total 8 (initial active 8) (4 cores per cpu, 2 threads per core) family 6 model 142 stepping 10 microcode 0xf0, cx8, cmov, fxsr, ht, mmx, 3dnowpref, sse, sse2, sse3, ssse3, sse4.1, sse4.2, popcnt, lzcnt, tsc, tscinvbit, avx, avx2, aes, erms, clmul, bmi1, bmi2, rtm, adx, fma, vzeroupper, clflush, clflushopt, hv

Memory: 4k page, system-wide physical 8067M (987M free)
TotalPageFile size 9067M (AvailPageFile size 8M)
current process WorkingSet (physical memory assigned to process): 344M, peak: 1180M
current process commit charge ("private bytes"): 340M, peak: 1168M

vm_info: OpenJDK 64-Bit Server VM (17.0.7+7) for windows-amd64 JRE (17.0.7+7), built on Apr 18 2023 22:10:42 by "temurin" with MS VC++ 16.7 (VS2019)

END.
