#
# There is insufficient memory for the Java Runtime Environment to continue.
# Native memory allocation (malloc) failed to allocate 879136 bytes for Chunk::new
# Possible reasons:
#   The system is out of physical RAM or swap space
#   The process is running with CompressedOops enabled, and the Java Heap may be blocking the growth of the native heap
# Possible solutions:
#   Reduce memory load on the system
#   Increase physical memory or swap space
#   Check if swap backing store is full
#   Decrease Java heap size (-Xmx/-Xms)
#   Decrease number of Java threads
#   Decrease Java thread stack sizes (-Xss)
#   Set larger code cache with -XX:ReservedCodeCacheSize=
#   JVM is running with Unscaled Compressed Oops mode in which the Java heap is
#     placed in the first 4GB address space. The Java Heap base address is the
#     maximum limit for the native heap growth. Please use -XX:HeapBaseMinAddress
#     to set the Java Heap base and to place the Java Heap above 4GB virtual address.
# This output file may be truncated or incomplete.
#
#  Out of Memory Error (arena.cpp:184), pid=11196, tid=14820
#
# JRE version: Java(TM) SE Runtime Environment (20.0.1+9) (build 20.0.1+9-29)
# Java VM: Java HotSpot(TM) 64-Bit Server VM (20.0.1+9-29, mixed mode, sharing, tiered, compressed oops, compressed class ptrs, g1 gc, windows-amd64)
# No core dump will be written. Minidumps are not enabled by default on client versions of Windows
#

---------------  S U M M A R Y ------------

Command Line: -ea -Didea.test.cyclic.buffer.size=1048576 -javaagent:C:\Program Files\JetBrains\IntelliJ IDEA 2023.1.1\lib\idea_rt.jar=60352:C:\Program Files\JetBrains\IntelliJ IDEA 2023.1.1\bin -Dfile.encoding=UTF-8 -Dsun.stdout.encoding=UTF-8 -Dsun.stderr.encoding=UTF-8 com.intellij.rt.junit.JUnitStarter -ideVersion5 -junit5 com.example.TDDSpringProject.OrderEntityRepoTest,testReadOrderById

Host: Intel(R) Core(TM) i5-8350U CPU @ 1.70GHz, 8 cores, 7G,  Windows 10 , 64 bit Build 19041 (10.0.19041.3031)
Time: Fri Jul  7 16:37:34 2023 Eastern Daylight Time elapsed time: 2.104859 seconds (0d 0h 0m 2s)

---------------  T H R E A D  ---------------

Current thread (0x0000014bef3a4020):  JavaThread "C2 CompilerThread1" daemon [_thread_in_native, id=14820, stack(0x0000003578d00000,0x0000003578e00000)]


Current CompileTask:
C2:   2104 2186       4       java.lang.invoke.MethodType::makeImpl (109 bytes)

Stack: [0x0000003578d00000,0x0000003578e00000]
Native frames: (J=compiled Java code, j=interpreted, Vv=VM code, C=native code)
V  [jvm.dll+0x6bb95a]
V  [jvm.dll+0x8485fa]
V  [jvm.dll+0x84a1f5]
V  [jvm.dll+0x84a8f3]
V  [jvm.dll+0x280b0f]
V  [jvm.dll+0xc2b11]
V  [jvm.dll+0xc2e35]
V  [jvm.dll+0x3bb17c]
V  [jvm.dll+0x1e6c43]
V  [jvm.dll+0x24b3ab]
V  [jvm.dll+0x24a651]
V  [jvm.dll+0x1ce491]
V  [jvm.dll+0x259e1b]
V  [jvm.dll+0x2584f0]
V  [jvm.dll+0x3f2895]
V  [jvm.dll+0x7f4b56]
V  [jvm.dll+0x6ba5cb]
C  [ucrtbase.dll+0x21bb2]
C  [KERNEL32.DLL+0x17614]
C  [ntdll.dll+0x526f1]


---------------  P R O C E S S  ---------------

Threads class SMR info:
_java_thread_list=0x0000014bef58c6b0, length=14, elements={
0x0000014bcd260d20, 0x0000014be9c163b0, 0x0000014be9c171b0, 0x0000014be9c19f90,
0x0000014be9c1c8e0, 0x0000014be9c1e230, 0x0000014be9c20b80, 0x0000014be9c24cf0,
0x0000014be9c4faa0, 0x0000014bee0bdcd0, 0x0000014bee212af0, 0x0000014bee237630,
0x0000014bef3a4020, 0x0000014bef2da730
}

Java Threads: ( => current thread )
  0x0000014bcd260d20 JavaThread "main" [_thread_in_native, id=12576, stack(0x0000003577a00000,0x0000003577b00000)]
  0x0000014be9c163b0 JavaThread "Reference Handler" daemon [_thread_blocked, id=5340, stack(0x0000003578100000,0x0000003578200000)]
  0x0000014be9c171b0 JavaThread "Finalizer" daemon [_thread_blocked, id=13024, stack(0x0000003578200000,0x0000003578300000)]
  0x0000014be9c19f90 JavaThread "Signal Dispatcher" daemon [_thread_blocked, id=14156, stack(0x0000003578300000,0x0000003578400000)]
  0x0000014be9c1c8e0 JavaThread "Attach Listener" daemon [_thread_blocked, id=1492, stack(0x0000003578400000,0x0000003578500000)]
  0x0000014be9c1e230 JavaThread "Service Thread" daemon [_thread_blocked, id=12004, stack(0x0000003578500000,0x0000003578600000)]
  0x0000014be9c20b80 JavaThread "Monitor Deflation Thread" daemon [_thread_blocked, id=4180, stack(0x0000003578600000,0x0000003578700000)]
  0x0000014be9c24cf0 JavaThread "C2 CompilerThread0" daemon [_thread_in_native, id=3832, stack(0x0000003578700000,0x0000003578800000)]
  0x0000014be9c4faa0 JavaThread "C1 CompilerThread0" daemon [_thread_blocked, id=11728, stack(0x0000003578800000,0x0000003578900000)]
  0x0000014bee0bdcd0 JavaThread "Common-Cleaner" daemon [_thread_blocked, id=14148, stack(0x0000003578900000,0x0000003578a00000)]
  0x0000014bee212af0 JavaThread "Monitor Ctrl-Break" daemon [_thread_in_native, id=4744, stack(0x0000003578a00000,0x0000003578b00000)]
  0x0000014bee237630 JavaThread "Notification Thread" daemon [_thread_blocked, id=7160, stack(0x0000003578b00000,0x0000003578c00000)]
=>0x0000014bef3a4020 JavaThread "C2 CompilerThread1" daemon [_thread_in_native, id=14820, stack(0x0000003578d00000,0x0000003578e00000)]
  0x0000014bef2da730 JavaThread "background-preinit" [_thread_in_native, id=10284, stack(0x0000003579500000,0x0000003579600000)]

Other Threads:
  0x0000014be9bf9a50 VMThread "VM Thread" [stack: 0x0000003578000000,0x0000003578100000] [id=15028]
  0x0000014bee23b0a0 WatcherThread "VM Periodic Task Thread" [stack: 0x0000003578c00000,0x0000003578d00000] [id=15448]
  0x0000014bcd2c0440 WorkerThread "GC Thread#0" [stack: 0x0000003577b00000,0x0000003577c00000] [id=14632]
  0x0000014beef30cd0 WorkerThread "GC Thread#1" [stack: 0x0000003578e00000,0x0000003578f00000] [id=15720]
  0x0000014beeece000 WorkerThread "GC Thread#2" [stack: 0x0000003578f00000,0x0000003579000000] [id=15488]
  0x0000014beeece2d0 WorkerThread "GC Thread#3" [stack: 0x0000003579000000,0x0000003579100000] [id=7416]
  0x0000014beeecf3b0 WorkerThread "GC Thread#4" [stack: 0x0000003579100000,0x0000003579200000] [id=14352]
  0x0000014beeece870 WorkerThread "GC Thread#5" [stack: 0x0000003579200000,0x0000003579300000] [id=12820]
  0x0000014beeecf0e0 WorkerThread "GC Thread#6" [stack: 0x0000003579300000,0x0000003579400000] [id=8604]
  0x0000014beeecd790 WorkerThread "GC Thread#7" [stack: 0x0000003579400000,0x0000003579500000] [id=8340]
  0x0000014bcd2d2140 ConcurrentGCThread "G1 Main Marker" [stack: 0x0000003577c00000,0x0000003577d00000] [id=14040]
  0x0000014bcd2d3310 WorkerThread "G1 Conc#0" [stack: 0x0000003577d00000,0x0000003577e00000] [id=10212]
  0x0000014be9aa7100 ConcurrentGCThread "G1 Refine#0" [stack: 0x0000003577e00000,0x0000003577f00000] [id=7436]
  0x0000014be9aa7ab0 ConcurrentGCThread "G1 Service" [stack: 0x0000003577f00000,0x0000003578000000] [id=1328]

Threads with active compile tasks:
C2 CompilerThread0     2129 2187       4       java.lang.invoke.MethodType$ConcurrentWeakInternSet::get (47 bytes)
C2 CompilerThread1     2129 2186       4       java.lang.invoke.MethodType::makeImpl (109 bytes)

VM state: not at safepoint (normal execution)

VM Mutex/Monitor currently owned by a thread: None

Heap address: 0x0000000081e00000, size: 2018 MB, Compressed Oops mode: 32-bit

CDS archive(s) mapped at: [0x0000000800000000-0x0000000800c60000-0x0000000800c60000), size 12976128, SharedBaseAddress: 0x0000000800000000, ArchiveRelocationMode: 0.
Compressed class space mapped at: 0x0000000801000000-0x0000000841000000, reserved size: 1073741824
Narrow klass base: 0x0000000800000000, Narrow klass shift: 0, Narrow klass range: 0x100000000

GC Precious Log:
 CardTable entry size: 512
 Card Set container configuration: InlinePtr #cards 5 size 8 Array Of Cards #cards 12 size 40 Howl #buckets 4 coarsen threshold 1843 Howl Bitmap #cards 512 size 80 coarsen threshold 460 Card regions per heap region 1 cards per card region 2048
 CPUs: 8 total, 8 available
 Memory: 8067M
 Large Page Support: Disabled
 NUMA Support: Disabled
 Compressed Oops: Enabled (32-bit)
 Heap Region Size: 1M
 Heap Min Capacity: 8M
 Heap Initial Capacity: 128M
 Heap Max Capacity: 2018M
 Pre-touch: Disabled
 Parallel Workers: 8
 Concurrent Workers: 2
 Concurrent Refinement Workers: 8
 Periodic GC: Disabled

Heap:
 garbage-first heap   total 131072K, used 22897K [0x0000000081e00000, 0x0000000100000000)
  region size 1024K, 18 young (18432K), 4 survivors (4096K)
 Metaspace       used 15744K, committed 16064K, reserved 1114112K
  class space    used 2055K, committed 2176K, reserved 1048576K

Heap Regions: E=young(eden), S=young(survivor), O=old, HS=humongous(starts), HC=humongous(continues), CS=collection set, F=free, OA=open archive, CA=closed archive, TAMS=top-at-mark-start, PB=parsable bottom
|   0|0x0000000081e00000, 0x0000000081f00000, 0x0000000081f00000|100%|HS|  |TAMS 0x0000000081e00000| PB 0x0000000081e00000| Complete 
|   1|0x0000000081f00000, 0x0000000082000000, 0x0000000082000000|100%| O|  |TAMS 0x0000000081f00000| PB 0x0000000081f00000| Untracked 
|   2|0x0000000082000000, 0x0000000082100000, 0x0000000082100000|100%| O|  |TAMS 0x0000000082000000| PB 0x0000000082000000| Untracked 
|   3|0x0000000082100000, 0x0000000082200000, 0x0000000082200000|100%| O|  |TAMS 0x0000000082100000| PB 0x0000000082100000| Untracked 
|   4|0x0000000082200000, 0x0000000082300000, 0x0000000082300000|100%| O|  |TAMS 0x0000000082200000| PB 0x0000000082200000| Untracked 
|   5|0x0000000082300000, 0x0000000082400000, 0x0000000082400000|100%| O|  |TAMS 0x0000000082300000| PB 0x0000000082300000| Untracked 
|   6|0x0000000082400000, 0x0000000082500000, 0x0000000082500000|100%| O|  |TAMS 0x0000000082400000| PB 0x0000000082400000| Untracked 
|   7|0x0000000082500000, 0x0000000082520800, 0x0000000082600000| 12%| O|  |TAMS 0x0000000082500000| PB 0x0000000082500000| Untracked 
|   8|0x0000000082600000, 0x0000000082600000, 0x0000000082700000|  0%| F|  |TAMS 0x0000000082600000| PB 0x0000000082600000| Untracked 
|   9|0x0000000082700000, 0x0000000082700000, 0x0000000082800000|  0%| F|  |TAMS 0x0000000082700000| PB 0x0000000082700000| Untracked 
|  10|0x0000000082800000, 0x0000000082800000, 0x0000000082900000|  0%| F|  |TAMS 0x0000000082800000| PB 0x0000000082800000| Untracked 
|  11|0x0000000082900000, 0x0000000082900000, 0x0000000082a00000|  0%| F|  |TAMS 0x0000000082900000| PB 0x0000000082900000| Untracked 
|  12|0x0000000082a00000, 0x0000000082a00000, 0x0000000082b00000|  0%| F|  |TAMS 0x0000000082a00000| PB 0x0000000082a00000| Untracked 
|  13|0x0000000082b00000, 0x0000000082b00000, 0x0000000082c00000|  0%| F|  |TAMS 0x0000000082b00000| PB 0x0000000082b00000| Untracked 
|  14|0x0000000082c00000, 0x0000000082c00000, 0x0000000082d00000|  0%| F|  |TAMS 0x0000000082c00000| PB 0x0000000082c00000| Untracked 
|  15|0x0000000082d00000, 0x0000000082d00000, 0x0000000082e00000|  0%| F|  |TAMS 0x0000000082d00000| PB 0x0000000082d00000| Untracked 
|  16|0x0000000082e00000, 0x0000000082e00000, 0x0000000082f00000|  0%| F|  |TAMS 0x0000000082e00000| PB 0x0000000082e00000| Untracked 
|  17|0x0000000082f00000, 0x0000000082f00000, 0x0000000083000000|  0%| F|  |TAMS 0x0000000082f00000| PB 0x0000000082f00000| Untracked 
|  18|0x0000000083000000, 0x0000000083000000, 0x0000000083100000|  0%| F|  |TAMS 0x0000000083000000| PB 0x0000000083000000| Untracked 
|  19|0x0000000083100000, 0x0000000083100000, 0x0000000083200000|  0%| F|  |TAMS 0x0000000083100000| PB 0x0000000083100000| Untracked 
|  20|0x0000000083200000, 0x0000000083200000, 0x0000000083300000|  0%| F|  |TAMS 0x0000000083200000| PB 0x0000000083200000| Untracked 
|  21|0x0000000083300000, 0x0000000083300000, 0x0000000083400000|  0%| F|  |TAMS 0x0000000083300000| PB 0x0000000083300000| Untracked 
|  22|0x0000000083400000, 0x0000000083400000, 0x0000000083500000|  0%| F|  |TAMS 0x0000000083400000| PB 0x0000000083400000| Untracked 
|  23|0x0000000083500000, 0x0000000083500000, 0x0000000083600000|  0%| F|  |TAMS 0x0000000083500000| PB 0x0000000083500000| Untracked 
|  24|0x0000000083600000, 0x0000000083600000, 0x0000000083700000|  0%| F|  |TAMS 0x0000000083600000| PB 0x0000000083600000| Untracked 
|  25|0x0000000083700000, 0x0000000083700000, 0x0000000083800000|  0%| F|  |TAMS 0x0000000083700000| PB 0x0000000083700000| Untracked 
|  26|0x0000000083800000, 0x0000000083800000, 0x0000000083900000|  0%| F|  |TAMS 0x0000000083800000| PB 0x0000000083800000| Untracked 
|  27|0x0000000083900000, 0x0000000083900000, 0x0000000083a00000|  0%| F|  |TAMS 0x0000000083900000| PB 0x0000000083900000| Untracked 
|  28|0x0000000083a00000, 0x0000000083a00000, 0x0000000083b00000|  0%| F|  |TAMS 0x0000000083a00000| PB 0x0000000083a00000| Untracked 
|  29|0x0000000083b00000, 0x0000000083b00000, 0x0000000083c00000|  0%| F|  |TAMS 0x0000000083b00000| PB 0x0000000083b00000| Untracked 
|  30|0x0000000083c00000, 0x0000000083c00000, 0x0000000083d00000|  0%| F|  |TAMS 0x0000000083c00000| PB 0x0000000083c00000| Untracked 
|  31|0x0000000083d00000, 0x0000000083d00000, 0x0000000083e00000|  0%| F|  |TAMS 0x0000000083d00000| PB 0x0000000083d00000| Untracked 
|  32|0x0000000083e00000, 0x0000000083e00000, 0x0000000083f00000|  0%| F|  |TAMS 0x0000000083e00000| PB 0x0000000083e00000| Untracked 
|  33|0x0000000083f00000, 0x0000000083f00000, 0x0000000084000000|  0%| F|  |TAMS 0x0000000083f00000| PB 0x0000000083f00000| Untracked 
|  34|0x0000000084000000, 0x0000000084000000, 0x0000000084100000|  0%| F|  |TAMS 0x0000000084000000| PB 0x0000000084000000| Untracked 
|  35|0x0000000084100000, 0x0000000084100000, 0x0000000084200000|  0%| F|  |TAMS 0x0000000084100000| PB 0x0000000084100000| Untracked 
|  36|0x0000000084200000, 0x0000000084200000, 0x0000000084300000|  0%| F|  |TAMS 0x0000000084200000| PB 0x0000000084200000| Untracked 
|  37|0x0000000084300000, 0x0000000084300000, 0x0000000084400000|  0%| F|  |TAMS 0x0000000084300000| PB 0x0000000084300000| Untracked 
|  38|0x0000000084400000, 0x0000000084400000, 0x0000000084500000|  0%| F|  |TAMS 0x0000000084400000| PB 0x0000000084400000| Untracked 
|  39|0x0000000084500000, 0x0000000084500000, 0x0000000084600000|  0%| F|  |TAMS 0x0000000084500000| PB 0x0000000084500000| Untracked 
|  40|0x0000000084600000, 0x0000000084600000, 0x0000000084700000|  0%| F|  |TAMS 0x0000000084600000| PB 0x0000000084600000| Untracked 
|  41|0x0000000084700000, 0x0000000084700000, 0x0000000084800000|  0%| F|  |TAMS 0x0000000084700000| PB 0x0000000084700000| Untracked 
|  42|0x0000000084800000, 0x0000000084800000, 0x0000000084900000|  0%| F|  |TAMS 0x0000000084800000| PB 0x0000000084800000| Untracked 
|  43|0x0000000084900000, 0x0000000084900000, 0x0000000084a00000|  0%| F|  |TAMS 0x0000000084900000| PB 0x0000000084900000| Untracked 
|  44|0x0000000084a00000, 0x0000000084a00000, 0x0000000084b00000|  0%| F|  |TAMS 0x0000000084a00000| PB 0x0000000084a00000| Untracked 
|  45|0x0000000084b00000, 0x0000000084b00000, 0x0000000084c00000|  0%| F|  |TAMS 0x0000000084b00000| PB 0x0000000084b00000| Untracked 
|  46|0x0000000084c00000, 0x0000000084c00000, 0x0000000084d00000|  0%| F|  |TAMS 0x0000000084c00000| PB 0x0000000084c00000| Untracked 
|  47|0x0000000084d00000, 0x0000000084d00000, 0x0000000084e00000|  0%| F|  |TAMS 0x0000000084d00000| PB 0x0000000084d00000| Untracked 
|  48|0x0000000084e00000, 0x0000000084e00000, 0x0000000084f00000|  0%| F|  |TAMS 0x0000000084e00000| PB 0x0000000084e00000| Untracked 
|  49|0x0000000084f00000, 0x0000000084f00000, 0x0000000085000000|  0%| F|  |TAMS 0x0000000084f00000| PB 0x0000000084f00000| Untracked 
|  50|0x0000000085000000, 0x0000000085000000, 0x0000000085100000|  0%| F|  |TAMS 0x0000000085000000| PB 0x0000000085000000| Untracked 
|  51|0x0000000085100000, 0x0000000085100000, 0x0000000085200000|  0%| F|  |TAMS 0x0000000085100000| PB 0x0000000085100000| Untracked 
|  52|0x0000000085200000, 0x0000000085200000, 0x0000000085300000|  0%| F|  |TAMS 0x0000000085200000| PB 0x0000000085200000| Untracked 
|  53|0x0000000085300000, 0x0000000085300000, 0x0000000085400000|  0%| F|  |TAMS 0x0000000085300000| PB 0x0000000085300000| Untracked 
|  54|0x0000000085400000, 0x0000000085400000, 0x0000000085500000|  0%| F|  |TAMS 0x0000000085400000| PB 0x0000000085400000| Untracked 
|  55|0x0000000085500000, 0x0000000085500000, 0x0000000085600000|  0%| F|  |TAMS 0x0000000085500000| PB 0x0000000085500000| Untracked 
|  56|0x0000000085600000, 0x0000000085600000, 0x0000000085700000|  0%| F|  |TAMS 0x0000000085600000| PB 0x0000000085600000| Untracked 
|  57|0x0000000085700000, 0x0000000085700000, 0x0000000085800000|  0%| F|  |TAMS 0x0000000085700000| PB 0x0000000085700000| Untracked 
|  58|0x0000000085800000, 0x0000000085800000, 0x0000000085900000|  0%| F|  |TAMS 0x0000000085800000| PB 0x0000000085800000| Untracked 
|  59|0x0000000085900000, 0x0000000085900000, 0x0000000085a00000|  0%| F|  |TAMS 0x0000000085900000| PB 0x0000000085900000| Untracked 
|  60|0x0000000085a00000, 0x0000000085a00000, 0x0000000085b00000|  0%| F|  |TAMS 0x0000000085a00000| PB 0x0000000085a00000| Untracked 
|  61|0x0000000085b00000, 0x0000000085b00000, 0x0000000085c00000|  0%| F|  |TAMS 0x0000000085b00000| PB 0x0000000085b00000| Untracked 
|  62|0x0000000085c00000, 0x0000000085c00000, 0x0000000085d00000|  0%| F|  |TAMS 0x0000000085c00000| PB 0x0000000085c00000| Untracked 
|  63|0x0000000085d00000, 0x0000000085d00000, 0x0000000085e00000|  0%| F|  |TAMS 0x0000000085d00000| PB 0x0000000085d00000| Untracked 
|  64|0x0000000085e00000, 0x0000000085e00000, 0x0000000085f00000|  0%| F|  |TAMS 0x0000000085e00000| PB 0x0000000085e00000| Untracked 
|  65|0x0000000085f00000, 0x0000000085f00000, 0x0000000086000000|  0%| F|  |TAMS 0x0000000085f00000| PB 0x0000000085f00000| Untracked 
|  66|0x0000000086000000, 0x0000000086000000, 0x0000000086100000|  0%| F|  |TAMS 0x0000000086000000| PB 0x0000000086000000| Untracked 
|  67|0x0000000086100000, 0x0000000086100000, 0x0000000086200000|  0%| F|  |TAMS 0x0000000086100000| PB 0x0000000086100000| Untracked 
|  68|0x0000000086200000, 0x0000000086200000, 0x0000000086300000|  0%| F|  |TAMS 0x0000000086200000| PB 0x0000000086200000| Untracked 
|  69|0x0000000086300000, 0x0000000086300000, 0x0000000086400000|  0%| F|  |TAMS 0x0000000086300000| PB 0x0000000086300000| Untracked 
|  70|0x0000000086400000, 0x0000000086400000, 0x0000000086500000|  0%| F|  |TAMS 0x0000000086400000| PB 0x0000000086400000| Untracked 
|  71|0x0000000086500000, 0x0000000086500000, 0x0000000086600000|  0%| F|  |TAMS 0x0000000086500000| PB 0x0000000086500000| Untracked 
|  72|0x0000000086600000, 0x0000000086600000, 0x0000000086700000|  0%| F|  |TAMS 0x0000000086600000| PB 0x0000000086600000| Untracked 
|  73|0x0000000086700000, 0x0000000086700000, 0x0000000086800000|  0%| F|  |TAMS 0x0000000086700000| PB 0x0000000086700000| Untracked 
|  74|0x0000000086800000, 0x0000000086800000, 0x0000000086900000|  0%| F|  |TAMS 0x0000000086800000| PB 0x0000000086800000| Untracked 
|  75|0x0000000086900000, 0x0000000086900000, 0x0000000086a00000|  0%| F|  |TAMS 0x0000000086900000| PB 0x0000000086900000| Untracked 
|  76|0x0000000086a00000, 0x0000000086a00000, 0x0000000086b00000|  0%| F|  |TAMS 0x0000000086a00000| PB 0x0000000086a00000| Untracked 
|  77|0x0000000086b00000, 0x0000000086b00000, 0x0000000086c00000|  0%| F|  |TAMS 0x0000000086b00000| PB 0x0000000086b00000| Untracked 
|  78|0x0000000086c00000, 0x0000000086c00000, 0x0000000086d00000|  0%| F|  |TAMS 0x0000000086c00000| PB 0x0000000086c00000| Untracked 
|  79|0x0000000086d00000, 0x0000000086d00000, 0x0000000086e00000|  0%| F|  |TAMS 0x0000000086d00000| PB 0x0000000086d00000| Untracked 
|  80|0x0000000086e00000, 0x0000000086e00000, 0x0000000086f00000|  0%| F|  |TAMS 0x0000000086e00000| PB 0x0000000086e00000| Untracked 
|  81|0x0000000086f00000, 0x0000000086f00000, 0x0000000087000000|  0%| F|  |TAMS 0x0000000086f00000| PB 0x0000000086f00000| Untracked 
|  82|0x0000000087000000, 0x0000000087000000, 0x0000000087100000|  0%| F|  |TAMS 0x0000000087000000| PB 0x0000000087000000| Untracked 
|  83|0x0000000087100000, 0x0000000087100000, 0x0000000087200000|  0%| F|  |TAMS 0x0000000087100000| PB 0x0000000087100000| Untracked 
|  84|0x0000000087200000, 0x0000000087200000, 0x0000000087300000|  0%| F|  |TAMS 0x0000000087200000| PB 0x0000000087200000| Untracked 
|  85|0x0000000087300000, 0x0000000087300000, 0x0000000087400000|  0%| F|  |TAMS 0x0000000087300000| PB 0x0000000087300000| Untracked 
|  86|0x0000000087400000, 0x0000000087400000, 0x0000000087500000|  0%| F|  |TAMS 0x0000000087400000| PB 0x0000000087400000| Untracked 
|  87|0x0000000087500000, 0x0000000087500000, 0x0000000087600000|  0%| F|  |TAMS 0x0000000087500000| PB 0x0000000087500000| Untracked 
|  88|0x0000000087600000, 0x0000000087600000, 0x0000000087700000|  0%| F|  |TAMS 0x0000000087600000| PB 0x0000000087600000| Untracked 
|  89|0x0000000087700000, 0x0000000087700000, 0x0000000087800000|  0%| F|  |TAMS 0x0000000087700000| PB 0x0000000087700000| Untracked 
|  90|0x0000000087800000, 0x0000000087800000, 0x0000000087900000|  0%| F|  |TAMS 0x0000000087800000| PB 0x0000000087800000| Untracked 
|  91|0x0000000087900000, 0x0000000087900000, 0x0000000087a00000|  0%| F|  |TAMS 0x0000000087900000| PB 0x0000000087900000| Untracked 
|  92|0x0000000087a00000, 0x0000000087a00000, 0x0000000087b00000|  0%| F|  |TAMS 0x0000000087a00000| PB 0x0000000087a00000| Untracked 
|  93|0x0000000087b00000, 0x0000000087b3bf60, 0x0000000087c00000| 23%| S|CS|TAMS 0x0000000087b00000| PB 0x0000000087b00000| Complete 
|  94|0x0000000087c00000, 0x0000000087d00000, 0x0000000087d00000|100%| S|CS|TAMS 0x0000000087c00000| PB 0x0000000087c00000| Complete 
|  95|0x0000000087d00000, 0x0000000087e00000, 0x0000000087e00000|100%| S|CS|TAMS 0x0000000087d00000| PB 0x0000000087d00000| Complete 
|  96|0x0000000087e00000, 0x0000000087f00000, 0x0000000087f00000|100%| S|CS|TAMS 0x0000000087e00000| PB 0x0000000087e00000| Complete 
|  97|0x0000000087f00000, 0x0000000087f00000, 0x0000000088000000|  0%| F|  |TAMS 0x0000000087f00000| PB 0x0000000087f00000| Untracked 
|  98|0x0000000088000000, 0x0000000088000000, 0x0000000088100000|  0%| F|  |TAMS 0x0000000088000000| PB 0x0000000088000000| Untracked 
|  99|0x0000000088100000, 0x0000000088100000, 0x0000000088200000|  0%| F|  |TAMS 0x0000000088100000| PB 0x0000000088100000| Untracked 
| 100|0x0000000088200000, 0x0000000088200000, 0x0000000088300000|  0%| F|  |TAMS 0x0000000088200000| PB 0x0000000088200000| Untracked 
| 101|0x0000000088300000, 0x0000000088300000, 0x0000000088400000|  0%| F|  |TAMS 0x0000000088300000| PB 0x0000000088300000| Untracked 
| 102|0x0000000088400000, 0x0000000088400000, 0x0000000088500000|  0%| F|  |TAMS 0x0000000088400000| PB 0x0000000088400000| Untracked 
| 103|0x0000000088500000, 0x0000000088500000, 0x0000000088600000|  0%| F|  |TAMS 0x0000000088500000| PB 0x0000000088500000| Untracked 
| 104|0x0000000088600000, 0x0000000088600000, 0x0000000088700000|  0%| F|  |TAMS 0x0000000088600000| PB 0x0000000088600000| Untracked 
| 105|0x0000000088700000, 0x0000000088700000, 0x0000000088800000|  0%| F|  |TAMS 0x0000000088700000| PB 0x0000000088700000| Untracked 
| 106|0x0000000088800000, 0x0000000088800000, 0x0000000088900000|  0%| F|  |TAMS 0x0000000088800000| PB 0x0000000088800000| Untracked 
| 107|0x0000000088900000, 0x0000000088900000, 0x0000000088a00000|  0%| F|  |TAMS 0x0000000088900000| PB 0x0000000088900000| Untracked 
| 108|0x0000000088a00000, 0x0000000088a00000, 0x0000000088b00000|  0%| F|  |TAMS 0x0000000088a00000| PB 0x0000000088a00000| Untracked 
| 109|0x0000000088b00000, 0x0000000088b00000, 0x0000000088c00000|  0%| F|  |TAMS 0x0000000088b00000| PB 0x0000000088b00000| Untracked 
| 110|0x0000000088c00000, 0x0000000088c00000, 0x0000000088d00000|  0%| F|  |TAMS 0x0000000088c00000| PB 0x0000000088c00000| Untracked 
| 111|0x0000000088d00000, 0x0000000088d00000, 0x0000000088e00000|  0%| F|  |TAMS 0x0000000088d00000| PB 0x0000000088d00000| Untracked 
| 112|0x0000000088e00000, 0x0000000088e00000, 0x0000000088f00000|  0%| F|  |TAMS 0x0000000088e00000| PB 0x0000000088e00000| Untracked 
| 113|0x0000000088f00000, 0x0000000088fe0960, 0x0000000089000000| 87%| E|  |TAMS 0x0000000088f00000| PB 0x0000000088f00000| Complete 
| 114|0x0000000089000000, 0x0000000089100000, 0x0000000089100000|100%| E|CS|TAMS 0x0000000089000000| PB 0x0000000089000000| Complete 
| 115|0x0000000089100000, 0x0000000089200000, 0x0000000089200000|100%| E|CS|TAMS 0x0000000089100000| PB 0x0000000089100000| Complete 
| 116|0x0000000089200000, 0x0000000089300000, 0x0000000089300000|100%| E|CS|TAMS 0x0000000089200000| PB 0x0000000089200000| Complete 
| 117|0x0000000089300000, 0x0000000089400000, 0x0000000089400000|100%| E|CS|TAMS 0x0000000089300000| PB 0x0000000089300000| Complete 
| 118|0x0000000089400000, 0x0000000089500000, 0x0000000089500000|100%| E|CS|TAMS 0x0000000089400000| PB 0x0000000089400000| Complete 
| 119|0x0000000089500000, 0x0000000089600000, 0x0000000089600000|100%| E|CS|TAMS 0x0000000089500000| PB 0x0000000089500000| Complete 
| 120|0x0000000089600000, 0x0000000089700000, 0x0000000089700000|100%| E|CS|TAMS 0x0000000089600000| PB 0x0000000089600000| Complete 
| 121|0x0000000089700000, 0x0000000089800000, 0x0000000089800000|100%| E|CS|TAMS 0x0000000089700000| PB 0x0000000089700000| Complete 
| 122|0x0000000089800000, 0x0000000089900000, 0x0000000089900000|100%| E|CS|TAMS 0x0000000089800000| PB 0x0000000089800000| Complete 
| 123|0x0000000089900000, 0x0000000089a00000, 0x0000000089a00000|100%| E|  |TAMS 0x0000000089900000| PB 0x0000000089900000| Complete 
| 124|0x0000000089a00000, 0x0000000089b00000, 0x0000000089b00000|100%| E|CS|TAMS 0x0000000089a00000| PB 0x0000000089a00000| Complete 
| 125|0x0000000089b00000, 0x0000000089c00000, 0x0000000089c00000|100%| E|CS|TAMS 0x0000000089b00000| PB 0x0000000089b00000| Complete 
| 126|0x0000000089c00000, 0x0000000089d00000, 0x0000000089d00000|100%| E|CS|TAMS 0x0000000089c00000| PB 0x0000000089c00000| Complete 
| 127|0x0000000089d00000, 0x0000000089e00000, 0x0000000089e00000|100%| E|CS|TAMS 0x0000000089d00000| PB 0x0000000089d00000| Complete 

Card table byte_map: [0x0000014be4a50000,0x0000014be4e50000] _byte_map_base: 0x0000014be4641000

Marking Bits: (CMBitMap*) 0x0000014bcd2c1a80
 Bits: [0x0000014be5250000, 0x0000014be71d8000)

Polling page: 0x0000014bcb1d0000

Metaspace:

Usage:
  Non-class:     13.41 MB used.
      Class:      2.02 MB used.
       Both:     15.43 MB used.

Virtual space:
  Non-class space:       64.00 MB reserved,      13.56 MB ( 21%) committed,  1 nodes.
      Class space:        1.00 GB reserved,       2.12 MB ( <1%) committed,  1 nodes.
             Both:        1.06 GB reserved,      15.69 MB (  1%) committed. 

Chunk freelists:
   Non-Class:  1.81 MB
       Class:  1.83 MB
        Both:  3.64 MB

MaxMetaspaceSize: unlimited
CompressedClassSpaceSize: 1.00 GB
Initial GC threshold: 21.00 MB
Current GC threshold: 21.00 MB
CDS: on
MetaspaceReclaimPolicy: balanced
 - commit_granule_bytes: 65536.
 - commit_granule_words: 8192.
 - virtual_space_node_default_size: 8388608.
 - enlarge_chunks_in_place: 1.
 - new_chunks_are_fully_committed: 0.
 - uncommit_free_chunks: 1.
 - use_allocation_guard: 0.


Internal statistics:

num_allocs_failed_limit: 0.
num_arena_births: 238.
num_arena_deaths: 0.
num_vsnodes_births: 2.
num_vsnodes_deaths: 0.
num_space_committed: 251.
num_space_uncommitted: 0.
num_chunks_returned_to_freelist: 0.
num_chunks_taken_from_freelist: 770.
num_chunk_merges: 0.
num_chunk_splits: 501.
num_chunks_enlarged: 381.
num_inconsistent_stats: 0.

CodeHeap 'non-profiled nmethods': size=120000Kb used=855Kb max_used=855Kb free=119144Kb
 bounds [0x0000014bdcde0000, 0x0000014bdd050000, 0x0000014be4310000]
CodeHeap 'profiled nmethods': size=120000Kb used=4433Kb max_used=4433Kb free=115566Kb
 bounds [0x0000014bd5310000, 0x0000014bd5770000, 0x0000014bdc840000]
CodeHeap 'non-nmethods': size=5760Kb used=1453Kb max_used=1510Kb free=4306Kb
 bounds [0x0000014bdc840000, 0x0000014bdcab0000, 0x0000014bdcde0000]
 total_blobs=2740 nmethods=2251 adapters=399
 compilation: enabled
              stopped_count=0, restarted_count=0
 full_count=0

Compilation events (20 events):
Event: 2.084 Thread 0x0000014be9c4faa0 2233       3       org.springframework.core.ResolvableType::getGenerics (171 bytes)
Event: 2.085 Thread 0x0000014be9c4faa0 nmethod 2233 0x0000014bd575ad10 code [0x0000014bd575b000, 0x0000014bd575c8d0]
Event: 2.086 Thread 0x0000014be9c4faa0 2236       1       ch.qos.logback.classic.spi.LogbackServiceProvider::getLoggerFactory (5 bytes)
Event: 2.086 Thread 0x0000014be9c4faa0 nmethod 2236 0x0000014bdceab710 code [0x0000014bdceab880, 0x0000014bdceab948]
Event: 2.086 Thread 0x0000014be9c4faa0 2237       3       ch.qos.logback.classic.Logger::isTraceEnabled (6 bytes)
Event: 2.086 Thread 0x0000014be9c4faa0 nmethod 2237 0x0000014bd575cf10 code [0x0000014bd575d0a0, 0x0000014bd575d1e0]
Event: 2.086 Thread 0x0000014be9c4faa0 2238       3       ch.qos.logback.classic.Logger::isTraceEnabled (67 bytes)
Event: 2.086 Thread 0x0000014be9c4faa0 nmethod 2238 0x0000014bd575d290 code [0x0000014bd575d480, 0x0000014bd575d9e8]
Event: 2.086 Thread 0x0000014be9c4faa0 2234       3       org.springframework.core.ResolvableType::getType (8 bytes)
Event: 2.086 Thread 0x0000014be9c4faa0 nmethod 2234 0x0000014bd575db90 code [0x0000014bd575dd20, 0x0000014bd575de58]
Event: 2.086 Thread 0x0000014be9c4faa0 2235       3       org.springframework.core.SerializableTypeWrapper::unwrap (36 bytes)
Event: 2.087 Thread 0x0000014be9c4faa0 nmethod 2235 0x0000014bd575df10 code [0x0000014bd575e0e0, 0x0000014bd575e5e8]
Event: 2.088 Thread 0x0000014be9c4faa0 2239       1       sun.reflect.generics.repository.AbstractRepository::getFactory (5 bytes)
Event: 2.088 Thread 0x0000014be9c4faa0 nmethod 2239 0x0000014bdceaba10 code [0x0000014bdceabb80, 0x0000014bdceabc48]
Event: 2.097 Thread 0x0000014be9c4faa0 2240       3       java.lang.Package::<init> (47 bytes)
Event: 2.097 Thread 0x0000014be9c4faa0 nmethod 2240 0x0000014bd575e790 code [0x0000014bd575e960, 0x0000014bd575edc0]
Event: 2.097 Thread 0x0000014be9c4faa0 2241       3       java.lang.Package$VersionInfo::getInstance (53 bytes)
Event: 2.097 Thread 0x0000014be9c4faa0 nmethod 2241 0x0000014bd575f010 code [0x0000014bd575f1c0, 0x0000014bd575f590]
Event: 2.103 Thread 0x0000014be9c4faa0 2242       1       java.lang.reflect.Method::getAnnotationBytes (5 bytes)
Event: 2.103 Thread 0x0000014be9c4faa0 nmethod 2242 0x0000014bdceabd10 code [0x0000014bdceabe80, 0x0000014bdceabf48]

GC Heap History (4 events):
Event: 0.898 GC heap before
{Heap before GC invocations=0 (full 0):
 garbage-first heap   total 131072K, used 24576K [0x0000000081e00000, 0x0000000100000000)
  region size 1024K, 23 young (23552K), 0 survivors (0K)
 Metaspace       used 5023K, committed 5184K, reserved 1114112K
  class space    used 614K, committed 704K, reserved 1048576K
}
Event: 0.906 GC heap after
{Heap after GC invocations=1 (full 0):
 garbage-first heap   total 131072K, used 7135K [0x0000000081e00000, 0x0000000100000000)
  region size 1024K, 3 young (3072K), 3 survivors (3072K)
 Metaspace       used 5023K, committed 5184K, reserved 1114112K
  class space    used 614K, committed 704K, reserved 1048576K
}
Event: 1.863 GC heap before
{Heap before GC invocations=1 (full 0):
 garbage-first heap   total 131072K, used 35807K [0x0000000081e00000, 0x0000000100000000)
  region size 1024K, 31 young (31744K), 3 survivors (3072K)
 Metaspace       used 12303K, committed 12544K, reserved 1114112K
  class space    used 1562K, committed 1664K, reserved 1048576K
}
Event: 1.871 GC heap after
{Heap after GC invocations=2 (full 0):
 garbage-first heap   total 131072K, used 10609K [0x0000000081e00000, 0x0000000100000000)
  region size 1024K, 4 young (4096K), 4 survivors (4096K)
 Metaspace       used 12303K, committed 12544K, reserved 1114112K
  class space    used 1562K, committed 1664K, reserved 1048576K
}

Dll operation events (10 events):
Event: 0.010 Loaded shared library C:\Program Files\Java\jdk-20\bin\java.dll
Event: 0.025 Loaded shared library C:\Program Files\Java\jdk-20\bin\jsvml.dll
Event: 0.176 Loaded shared library C:\Program Files\Java\jdk-20\bin\zip.dll
Event: 0.179 Loaded shared library C:\Program Files\Java\jdk-20\bin\instrument.dll
Event: 0.184 Loaded shared library C:\Program Files\Java\jdk-20\bin\net.dll
Event: 0.186 Loaded shared library C:\Program Files\Java\jdk-20\bin\nio.dll
Event: 0.190 Loaded shared library C:\Program Files\Java\jdk-20\bin\zip.dll
Event: 0.202 Loaded shared library C:\Program Files\JetBrains\IntelliJ IDEA 2023.1.1\bin\breakgen64.dll
Event: 0.210 Loaded shared library C:\Program Files\Java\jdk-20\bin\extnet.dll
Event: 0.350 Loaded shared library C:\Program Files\Java\jdk-20\bin\jimage.dll

Deoptimization events (20 events):
Event: 1.811 Thread 0x0000014bcd260d20 Uncommon trap: trap_request=0xffffffde fr.pc=0x0000014bdce4aa8c relative=0x000000000000042c
Event: 1.811 Thread 0x0000014bcd260d20 Uncommon trap: reason=class_check action=maybe_recompile pc=0x0000014bdce4aa8c method=java.io.BufferedReader.read()I @ 6 c2
Event: 1.811 Thread 0x0000014bcd260d20 DEOPT PACKING pc=0x0000014bdce4aa8c sp=0x0000003577afb4d0
Event: 1.811 Thread 0x0000014bcd260d20 DEOPT UNPACKING pc=0x0000014bdc8a9d22 sp=0x0000003577afb488 mode 2
Event: 1.811 Thread 0x0000014bcd260d20 Uncommon trap: trap_request=0xffffffde fr.pc=0x0000014bdce4aa8c relative=0x000000000000042c
Event: 1.811 Thread 0x0000014bcd260d20 Uncommon trap: reason=class_check action=maybe_recompile pc=0x0000014bdce4aa8c method=java.io.BufferedReader.read()I @ 6 c2
Event: 1.811 Thread 0x0000014bcd260d20 DEOPT PACKING pc=0x0000014bdce4aa8c sp=0x0000003577afb4d0
Event: 1.811 Thread 0x0000014bcd260d20 DEOPT UNPACKING pc=0x0000014bdc8a9d22 sp=0x0000003577afb488 mode 2
Event: 1.826 Thread 0x0000014bcd260d20 Uncommon trap: trap_request=0xfffffff4 fr.pc=0x0000014bdce75520 relative=0x0000000000000280
Event: 1.826 Thread 0x0000014bcd260d20 Uncommon trap: reason=null_check action=make_not_entrant pc=0x0000014bdce75520 method=java.util.ArrayList.add(Ljava/lang/Object;[Ljava/lang/Object;I)V @ 14 c2
Event: 1.826 Thread 0x0000014bcd260d20 DEOPT PACKING pc=0x0000014bdce75520 sp=0x0000003577afb500
Event: 1.826 Thread 0x0000014bcd260d20 DEOPT UNPACKING pc=0x0000014bdc8a9d22 sp=0x0000003577afb448 mode 2
Event: 1.835 Thread 0x0000014bcd260d20 Uncommon trap: trap_request=0xffffff45 fr.pc=0x0000014bdce17660 relative=0x0000000000000260
Event: 1.835 Thread 0x0000014bcd260d20 Uncommon trap: reason=unstable_if action=reinterpret pc=0x0000014bdce17660 method=java.lang.String.startsWith(Ljava/lang/String;I)Z @ 1 c2
Event: 1.835 Thread 0x0000014bcd260d20 DEOPT PACKING pc=0x0000014bdce17660 sp=0x0000003577afb870
Event: 1.835 Thread 0x0000014bcd260d20 DEOPT UNPACKING pc=0x0000014bdc8a9d22 sp=0x0000003577afb7d8 mode 2
Event: 1.944 Thread 0x0000014bcd260d20 Uncommon trap: trap_request=0xffffff45 fr.pc=0x0000014bdcea30e0 relative=0x0000000000001000
Event: 1.944 Thread 0x0000014bcd260d20 Uncommon trap: reason=unstable_if action=reinterpret pc=0x0000014bdcea30e0 method=java.net.URL.<init>(Ljava/net/URL;Ljava/lang/String;Ljava/net/URLStreamHandler;)V @ 347 c2
Event: 1.944 Thread 0x0000014bcd260d20 DEOPT PACKING pc=0x0000014bdcea30e0 sp=0x0000003577afc180
Event: 1.944 Thread 0x0000014bcd260d20 DEOPT UNPACKING pc=0x0000014bdc8a9d22 sp=0x0000003577afc100 mode 2

Classes loaded (20 events):
Event: 2.045 Loading class java/util/Collections$UnmodifiableMap$UnmodifiableEntrySet$UnmodifiableEntry
Event: 2.045 Loading class java/util/Collections$UnmodifiableMap$UnmodifiableEntrySet$UnmodifiableEntry done
Event: 2.058 Loading class java/lang/ThreadDeath
Event: 2.058 Loading class java/lang/ThreadDeath done
Event: 2.070 Loading class org/xml/sax/ErrorHandler
Event: 2.070 Loading class org/xml/sax/ErrorHandler done
Event: 2.071 Loading class org/xml/sax/EntityResolver
Event: 2.071 Loading class org/xml/sax/EntityResolver done
Event: 2.071 Loading class org/xml/sax/SAXParseException
Event: 2.071 Loading class org/xml/sax/SAXParseException done
Event: 2.071 Loading class javax/xml/parsers/ParserConfigurationException
Event: 2.071 Loading class javax/xml/parsers/ParserConfigurationException done
Event: 2.075 Loading class java/io/CharConversionException
Event: 2.076 Loading class java/io/CharConversionException done
Event: 2.089 Loading class java/util/OptionalDouble
Event: 2.090 Loading class java/util/OptionalDouble done
Event: 2.090 Loading class java/util/OptionalLong
Event: 2.090 Loading class java/util/OptionalLong done
Event: 2.099 Loading class java/lang/reflect/MalformedParameterizedTypeException
Event: 2.099 Loading class java/lang/reflect/MalformedParameterizedTypeException done

Classes unloaded (0 events):
No events

Classes redefined (0 events):
No events

Internal exceptions (20 events):
Event: 1.459 Thread 0x0000014bcd260d20 Exception <a 'java/lang/NoSuchMethodError'{0x0000000088d09970}: 'java.lang.Object java.lang.invoke.DirectMethodHandle$Holder.newInvokeSpecial(java.lang.Object, java.lang.Object, java.lang.Object, java.lang.Object, java.lang.Object, java.lang.Object, java.lang.Object)'> (0x0000000088d09970) 
thrown [s\open\src\hotspot\share\interpreter\linkResolver.cpp, line 773]
Event: 1.461 Thread 0x0000014bcd260d20 Exception <a 'java/lang/NoSuchMethodError'{0x0000000088d1aa08}: 'java.lang.Object java.lang.invoke.DirectMethodHandle$Holder.invokeInterface(java.lang.Object, java.lang.Object, java.lang.Object, java.lang.Object, java.lang.Object)'> (0x0000000088d1aa08) 
thrown [s\open\src\hotspot\share\interpreter\linkResolver.cpp, line 773]
Event: 1.462 Thread 0x0000014bcd260d20 Exception <a 'java/lang/IncompatibleClassChangeError'{0x0000000088d1e530}: Found class java.lang.Object, but interface was expected> (0x0000000088d1e530) 
thrown [s\open\src\hotspot\share\interpreter\linkResolver.cpp, line 840]
Event: 1.583 Thread 0x0000014bcd260d20 Exception <a 'java/lang/IncompatibleClassChangeError'{0x0000000088a4b738}: Found class java.lang.Object, but interface was expected> (0x0000000088a4b738) 
thrown [s\open\src\hotspot\share\interpreter\linkResolver.cpp, line 840]
Event: 1.756 Thread 0x0000014bcd260d20 Implicit null exception at 0x0000014bdce42720 to 0x0000014bdce42954
Event: 1.773 Thread 0x0000014bcd260d20 Exception <a 'java/lang/NoSuchMethodError'{0x000000008829eb58}: 'java.lang.Object java.lang.invoke.DirectMethodHandle$Holder.invokeSpecial(java.lang.Object, java.lang.Object, java.lang.Object, java.lang.Object, java.lang.Object, java.lang.Object, int)'> (0x000000008829eb58) 
thrown [s\open\src\hotspot\share\interpreter\linkResolver.cpp, line 773]
Event: 1.774 Thread 0x0000014bcd260d20 Exception <a 'java/lang/NoSuchMethodError'{0x00000000882a9370}: 'java.lang.Object java.lang.invoke.DirectMethodHandle$Holder.newInvokeSpecial(java.lang.Object, java.lang.Object, java.lang.Object, java.lang.Object, java.lang.Object, java.lang.Object, int)'> (0x00000000882a9370) 
thrown [s\open\src\hotspot\share\interpreter\linkResolver.cpp, line 773]
Event: 1.774 Thread 0x0000014bcd260d20 Exception <a 'java/lang/NoSuchMethodError'{0x00000000882ade80}: 'java.lang.Object java.lang.invoke.DirectMethodHandle$Holder.invokeSpecial(java.lang.Object, java.lang.Object, java.lang.Object, java.lang.Object, java.lang.Object, java.lang.Object, java.lang.Object, int)'> (0x00000000882ade80) 
thrown [s\open\src\hotspot\share\interpreter\linkResolver.cpp, line 773]
Event: 1.805 Thread 0x0000014bcd260d20 Exception <a 'java/lang/NoSuchMethodError'{0x00000000881e50d0}: 'void java.lang.invoke.DirectMethodHandle$Holder.invokeStatic(java.lang.Object, java.lang.Object, java.lang.Object, java.lang.Object, java.lang.Object, java.lang.Object)'> (0x00000000881e50d0) 
thrown [s\open\src\hotspot\share\interpreter\linkResolver.cpp, line 773]
Event: 1.826 Thread 0x0000014bcd260d20 Implicit null exception at 0x0000014bdce75332 to 0x0000014bdce75510
Event: 1.826 Thread 0x0000014bcd260d20 Exception <a 'java/lang/NoSuchMethodError'{0x00000000880b6518}: 'java.lang.Object java.lang.invoke.DirectMethodHandle$Holder.invokeSpecial(java.lang.Object, java.lang.Object, java.lang.Object, int, java.lang.Object)'> (0x00000000880b6518) 
thrown [s\open\src\hotspot\share\interpreter\linkResolver.cpp, line 773]
Event: 1.827 Thread 0x0000014bcd260d20 Exception <a 'java/lang/NoSuchMethodError'{0x00000000880bed20}: 'java.lang.Object java.lang.invoke.DirectMethodHandle$Holder.newInvokeSpecial(java.lang.Object, java.lang.Object, java.lang.Object, int, java.lang.Object)'> (0x00000000880bed20) 
thrown [s\open\src\hotspot\share\interpreter\linkResolver.cpp, line 773]
Event: 1.827 Thread 0x0000014bcd260d20 Exception <a 'java/lang/NoSuchMethodError'{0x00000000880c6738}: 'java.lang.Object java.lang.invoke.Invokers$Holder.linkToTargetMethod(java.lang.Object, java.lang.Object, int, java.lang.Object, java.lang.Object)'> (0x00000000880c6738) 
thrown [s\open\src\hotspot\share\interpreter\linkResolver.cpp, line 773]
Event: 1.829 Thread 0x0000014bcd260d20 Exception <a 'java/lang/NoSuchMethodError'{0x00000000880d5558}: 'java.lang.Object java.lang.invoke.DirectMethodHandle$Holder.newInvokeSpecial(java.lang.Object, int, java.lang.Object)'> (0x00000000880d5558) 
thrown [s\open\src\hotspot\share\interpreter\linkResolver.cpp, line 773]
Event: 1.883 Thread 0x0000014bcd260d20 Exception <a 'java/lang/NoSuchMethodError'{0x0000000089d47fa8}: 'java.lang.Object java.lang.invoke.DirectMethodHandle$Holder.invokeStatic(java.lang.Object, long, java.lang.Object)'> (0x0000000089d47fa8) 
thrown [s\open\src\hotspot\share\interpreter\linkResolver.cpp, line 773]
Event: 1.883 Thread 0x0000014bcd260d20 Exception <a 'java/lang/NoSuchMethodError'{0x0000000089d4bb60}: 'java.lang.Object java.lang.invoke.DirectMethodHandle$Holder.invokeStaticInit(java.lang.Object, long, java.lang.Object)'> (0x0000000089d4bb60) 
thrown [s\open\src\hotspot\share\interpreter\linkResolver.cpp, line 773]
Event: 1.883 Thread 0x0000014bcd260d20 Exception <a 'java/lang/NoSuchMethodError'{0x0000000089d51e20}: 'java.lang.Object java.lang.invoke.DirectMethodHandle$Holder.newInvokeSpecial(java.lang.Object, long)'> (0x0000000089d51e20) 
thrown [s\open\src\hotspot\share\interpreter\linkResolver.cpp, line 773]
Event: 1.897 Thread 0x0000014bcd260d20 Exception <a 'java/lang/NoSuchMethodError'{0x0000000089c18840}: 'void java.lang.invoke.DirectMethodHandle$Holder.invokeVirtual(java.lang.Object, java.lang.Object, java.lang.Object, java.lang.Object)'> (0x0000000089c18840) 
thrown [s\open\src\hotspot\share\interpreter\linkResolver.cpp, line 773]
Event: 1.942 Thread 0x0000014bcd260d20 Exception <a 'java/lang/IncompatibleClassChangeError'{0x0000000089a173f0}: Found class java.lang.Object, but interface was expected> (0x0000000089a173f0) 
thrown [s\open\src\hotspot\share\interpreter\linkResolver.cpp, line 840]
Event: 1.949 Thread 0x0000014bcd260d20 Exception <a 'java/lang/NoSuchMethodError'{0x0000000089a35aa8}: 'java.lang.Object java.lang.invoke.DirectMethodHandle$Holder.invokeStaticInit(java.lang.Object, int, java.lang.Object)'> (0x0000000089a35aa8) 
thrown [s\open\src\hotspot\share\interpreter\linkResolver.cpp, line 773]

VM Operations (20 events):
Event: 1.036 Executing VM operation: HandshakeAllThreads
Event: 1.036 Executing VM operation: HandshakeAllThreads done
Event: 1.149 Executing VM operation: HandshakeAllThreads
Event: 1.149 Executing VM operation: HandshakeAllThreads done
Event: 1.286 Executing VM operation: HandshakeAllThreads
Event: 1.287 Executing VM operation: HandshakeAllThreads done
Event: 1.356 Executing VM operation: ICBufferFull
Event: 1.356 Executing VM operation: ICBufferFull done
Event: 1.465 Executing VM operation: HandshakeAllThreads
Event: 1.465 Executing VM operation: HandshakeAllThreads done
Event: 1.811 Executing VM operation: HandshakeAllThreads
Event: 1.811 Executing VM operation: HandshakeAllThreads done
Event: 1.841 Executing VM operation: HandshakeAllThreads
Event: 1.841 Executing VM operation: HandshakeAllThreads done
Event: 1.859 Executing VM operation: ICBufferFull
Event: 1.859 Executing VM operation: ICBufferFull done
Event: 1.863 Executing VM operation: G1CollectForAllocation
Event: 1.871 Executing VM operation: G1CollectForAllocation done
Event: 1.929 Executing VM operation: HandshakeAllThreads
Event: 1.929 Executing VM operation: HandshakeAllThreads done

Events (16 events):
Event: 0.025 Thread 0x0000014bcd260d20 Thread added: 0x0000014bcd260d20
Event: 0.048 Thread 0x0000014be9c163b0 Thread added: 0x0000014be9c163b0
Event: 0.048 Thread 0x0000014be9c171b0 Thread added: 0x0000014be9c171b0
Event: 0.049 Thread 0x0000014be9c19f90 Thread added: 0x0000014be9c19f90
Event: 0.049 Thread 0x0000014be9c1c8e0 Thread added: 0x0000014be9c1c8e0
Event: 0.049 Thread 0x0000014be9c1e230 Thread added: 0x0000014be9c1e230
Event: 0.049 Thread 0x0000014be9c20b80 Thread added: 0x0000014be9c20b80
Event: 0.049 Thread 0x0000014be9c24cf0 Thread added: 0x0000014be9c24cf0
Event: 0.050 Thread 0x0000014be9c4faa0 Thread added: 0x0000014be9c4faa0
Event: 0.157 Thread 0x0000014bee0bdcd0 Thread added: 0x0000014bee0bdcd0
Event: 0.202 Thread 0x0000014bee212af0 Thread added: 0x0000014bee212af0
Event: 0.203 Thread 0x0000014bee237630 Thread added: 0x0000014bee237630
Event: 0.223 Thread 0x0000014bee26d460 Thread added: 0x0000014bee26d460
Event: 1.552 Thread 0x0000014bee26d460 Thread exited: 0x0000014bee26d460
Event: 1.832 Thread 0x0000014bef3a4020 Thread added: 0x0000014bef3a4020
Event: 1.939 Thread 0x0000014bef2da730 Thread added: 0x0000014bef2da730


Dynamic libraries:
0x00007ff6db1f0000 - 0x00007ff6db200000 	C:\Program Files\Java\jdk-20\bin\java.exe
0x00007ffb318b0000 - 0x00007ffb31aa8000 	C:\WINDOWS\SYSTEM32\ntdll.dll
0x00007ffb314a0000 - 0x00007ffb3155f000 	C:\WINDOWS\System32\KERNEL32.DLL
0x00007ffb2f370000 - 0x00007ffb2f666000 	C:\WINDOWS\System32\KERNELBASE.dll
0x00007ffb2f810000 - 0x00007ffb2f910000 	C:\WINDOWS\System32\ucrtbase.dll
0x00007ffb15dd0000 - 0x00007ffb15deb000 	C:\Program Files\Java\jdk-20\bin\VCRUNTIME140.dll
0x00007ffb114e0000 - 0x00007ffb114f9000 	C:\Program Files\Java\jdk-20\bin\jli.dll
0x00007ffb31270000 - 0x00007ffb3131f000 	C:\WINDOWS\System32\ADVAPI32.dll
0x00007ffb30e50000 - 0x00007ffb30eee000 	C:\WINDOWS\System32\msvcrt.dll
0x00007ffb310a0000 - 0x00007ffb3113c000 	C:\WINDOWS\System32\sechost.dll
0x00007ffb31740000 - 0x00007ffb31866000 	C:\WINDOWS\System32\RPCRT4.dll
0x00007ffb2fac0000 - 0x00007ffb2fc5d000 	C:\WINDOWS\System32\USER32.dll
0x00007ffb2f2a0000 - 0x00007ffb2f2c2000 	C:\WINDOWS\System32\win32u.dll
0x00007ffb19ec0000 - 0x00007ffb1a15a000 	C:\WINDOWS\WinSxS\amd64_microsoft.windows.common-controls_6595b64144ccf1df_6.0.19041.1110_none_60b5254171f9507e\COMCTL32.dll
0x00007ffb2fcc0000 - 0x00007ffb2fcec000 	C:\WINDOWS\System32\GDI32.dll
0x00007ffb2f180000 - 0x00007ffb2f295000 	C:\WINDOWS\System32\gdi32full.dll
0x00007ffb2f2d0000 - 0x00007ffb2f36d000 	C:\WINDOWS\System32\msvcp_win.dll
0x00007ffb27420000 - 0x00007ffb2742a000 	C:\WINDOWS\SYSTEM32\VERSION.dll
0x00007ffb309b0000 - 0x00007ffb309e0000 	C:\WINDOWS\System32\IMM32.DLL
0x00007ffb18830000 - 0x00007ffb1883c000 	C:\Program Files\Java\jdk-20\bin\vcruntime140_1.dll
0x00007ffafdc30000 - 0x00007ffafdcbe000 	C:\Program Files\Java\jdk-20\bin\msvcp140.dll
0x00007ffaf0350000 - 0x00007ffaf0fe7000 	C:\Program Files\Java\jdk-20\bin\server\jvm.dll
0x00007ffb28c40000 - 0x00007ffb28c49000 	C:\WINDOWS\SYSTEM32\WSOCK32.dll
0x00007ffb18bc0000 - 0x00007ffb18be7000 	C:\WINDOWS\SYSTEM32\WINMM.dll
0x00007ffb30860000 - 0x00007ffb308cb000 	C:\WINDOWS\System32\WS2_32.dll
0x00007ffb2d7c0000 - 0x00007ffb2d7d2000 	C:\WINDOWS\SYSTEM32\kernel.appcore.dll
0x00007ffb187b0000 - 0x00007ffb187ba000 	C:\Program Files\Java\jdk-20\bin\jimage.dll
0x00007ffb2d570000 - 0x00007ffb2d754000 	C:\WINDOWS\SYSTEM32\DBGHELP.DLL
0x00007ffb1b000000 - 0x00007ffb1b034000 	C:\WINDOWS\SYSTEM32\dbgcore.DLL
0x00007ffb2f0f0000 - 0x00007ffb2f172000 	C:\WINDOWS\System32\bcryptPrimitives.dll
0x00007ffb29620000 - 0x00007ffb2962e000 	C:\Program Files\Java\jdk-20\bin\instrument.dll
0x00007ffb05050000 - 0x00007ffb05076000 	C:\Program Files\Java\jdk-20\bin\java.dll
0x00007ffafd720000 - 0x00007ffafd7f7000 	C:\Program Files\Java\jdk-20\bin\jsvml.dll
0x00007ffb30060000 - 0x00007ffb307a4000 	C:\WINDOWS\System32\SHELL32.dll
0x00007ffb2cdd0000 - 0x00007ffb2d563000 	C:\WINDOWS\SYSTEM32\windows.storage.dll
0x00007ffb2fcf0000 - 0x00007ffb30044000 	C:\WINDOWS\System32\combase.dll
0x00007ffb2e820000 - 0x00007ffb2e84e000 	C:\WINDOWS\SYSTEM32\Wldp.dll
0x00007ffb307b0000 - 0x00007ffb3085d000 	C:\WINDOWS\System32\SHCORE.dll
0x00007ffb31560000 - 0x00007ffb315b5000 	C:\WINDOWS\System32\shlwapi.dll
0x00007ffb2eed0000 - 0x00007ffb2eeef000 	C:\WINDOWS\SYSTEM32\profapi.dll
0x00007ffb085e0000 - 0x00007ffb085f8000 	C:\Program Files\Java\jdk-20\bin\zip.dll
0x00007ffb0c8b0000 - 0x00007ffb0c8c3000 	C:\Program Files\Java\jdk-20\bin\net.dll
0x00007ffb25aa0000 - 0x00007ffb25baa000 	C:\WINDOWS\SYSTEM32\WINHTTP.dll
0x00007ffb2e600000 - 0x00007ffb2e66a000 	C:\WINDOWS\system32\mswsock.dll
0x00007ffb0ba40000 - 0x00007ffb0ba56000 	C:\Program Files\Java\jdk-20\bin\nio.dll
0x00007ffb1efa0000 - 0x00007ffb1efba000 	C:\Program Files\JetBrains\IntelliJ IDEA 2023.1.1\bin\breakgen64.dll
0x00007ffb13560000 - 0x00007ffb13567000 	C:\Program Files\Java\jdk-20\bin\extnet.dll

dbghelp: loaded successfully - version: 4.0.5 - missing functions: none
symbol engine: initialized successfully - sym options: 0x614 - pdb path: .;C:\Program Files\Java\jdk-20\bin;C:\WINDOWS\SYSTEM32;C:\WINDOWS\WinSxS\amd64_microsoft.windows.common-controls_6595b64144ccf1df_6.0.19041.1110_none_60b5254171f9507e;C:\Program Files\Java\jdk-20\bin\server;C:\Program Files\JetBrains\IntelliJ IDEA 2023.1.1\bin

VM Arguments:
jvm_args: -ea -Didea.test.cyclic.buffer.size=1048576 -javaagent:C:\Program Files\JetBrains\IntelliJ IDEA 2023.1.1\lib\idea_rt.jar=60352:C:\Program Files\JetBrains\IntelliJ IDEA 2023.1.1\bin -Dfile.encoding=UTF-8 -Dsun.stdout.encoding=UTF-8 -Dsun.stderr.encoding=UTF-8 
java_command: com.intellij.rt.junit.JUnitStarter -ideVersion5 -junit5 com.example.TDDSpringProject.OrderEntityRepoTest,testReadOrderById
java_class_path (initial): C:\Users\admin\.m2\repository\org\junit\platform\junit-platform-launcher\1.9.3\junit-platform-launcher-1.9.3.jar;C:\Program Files\JetBrains\IntelliJ IDEA 2023.1.1\lib\idea_rt.jar;C:\Program Files\JetBrains\IntelliJ IDEA 2023.1.1\plugins\junit\lib\junit5-rt.jar;C:\Program Files\JetBrains\IntelliJ IDEA 2023.1.1\plugins\junit\lib\junit-rt.jar;C:\Users\admin\CTAC-Program\Spring Boot\TDDSpringProject\target\test-classes;C:\Users\admin\CTAC-Program\Spring Boot\TDDSpringProject\target\classes;C:\Users\admin\.m2\repository\org\springframework\boot\spring-boot-starter-data-jpa\3.1.1\spring-boot-starter-data-jpa-3.1.1.jar;C:\Users\admin\.m2\repository\org\springframework\boot\spring-boot-starter-aop\3.1.1\spring-boot-starter-aop-3.1.1.jar;C:\Users\admin\.m2\repository\org\springframework\spring-aop\6.0.10\spring-aop-6.0.10.jar;C:\Users\admin\.m2\repository\org\aspectj\aspectjweaver\1.9.19\aspectjweaver-1.9.19.jar;C:\Users\admin\.m2\repository\org\springframework\boot\spring-boot-starter-jdbc\3.1.1\spring-boot-starter-jdbc-3.1.1.jar;C:\Users\admin\.m2\repository\com\zaxxer\HikariCP\5.0.1\HikariCP-5.0.1.jar;C:\Users\admin\.m2\repository\org\springframework\spring-jdbc\6.0.10\spring-jdbc-6.0.10.jar;C:\Users\admin\.m2\repository\org\hibernate\orm\hibernate-core\6.2.5.Final\hibernate-core-6.2.5.Final.jar;C:\Users\admin\.m2\repository\jakarta\persistence\jakarta.persistence-api\3.1.0\jakarta.persistence-api-3.1.0.jar;C:\Users\admin\.m2\repository\jakarta\transaction\jakarta.transaction-api\2.0.1\jakarta.transaction-api-2.0.1.jar;C:\Users\admin\.m2\repository\org\jboss\logging\jboss-logging\3.5.1.Final\jboss-logging-3.5.1.Final.jar;C:\Users\admin\.m2\repository\org\hibernate\common\hibernate-commons-annotations\6.0.6.Final\hibernate-commons-annotations-6.0.6.Final.jar;C:\Users\admin\.m2\repository\io\smallrye\jandex\3.0.5\jandex-3.0.5.jar;C:\Users\admin\.m2\repository\com\fasterxml\classmate\1.5.1\classmate-1.5.1.jar;C:\Users\admin\.m2\repository\net\bytebuddy\byte-buddy\1.14.5\byte-buddy-1.14.5.jar;C:\Users\admin\.m2\repository\org\glassfish\jaxb\jaxb-runtime\4.0.3\jaxb-runtime-4.0.3.jar;C:\Users\admin\.m2\repository\org\glassfish\jaxb\jaxb-core\4.0.3\jaxb-core-4.0.3.jar;C:\Users\admin\.m2\repository\org\glassfish\jaxb\txw2\4.0.3\txw2-4.0.3.jar;C:\Users\admin\.m2\repository\com\sun\istack\istack-commons-runtime\4.1.2\istack-commons-runtime-4.1.2.jar;C:\Users\admin\.m2\repository\jakarta\inject\jakarta.inject-api\2.0.1\jakarta.inject-api-2.0.1.jar;C:\Users\admin\.m2\repository\org\antlr\antlr4-runtime\4.10.1\antlr4-runtime-4.10.1.jar;C:\Users\admin\.m2\repository\org\springframework\data\spring-data-jpa\3.1.1\spring-data-jpa-3.1.1.jar;C:\Users\admin\.m2\repository\org\springframework\data\spring-data-commons\3.1.1\spring-data-commons-3.1.1.jar;C:\Users\admin\.m2\repository\org\springframework\spring-orm\6.0.10\spring-orm-6.0.10.jar;C:\Users\admin\.m2\repository\org\springframework\spring-context\6.0.10\spring-context-6.0.10.jar;C:\Users\admin\.m2\repository\org\springframework\spring-tx\6.0.10\spring-tx-6.0.10.jar;C:\Users\admin\.m2\repository\org\springframework\spring-beans\6.0.10\spring-beans-6.0.10.jar;C:\Users\admin\.m2\repository\jakarta\annotation\jakarta.annotation-api\2.1.1\jakarta.annotation-api-2.1.1.jar;C:\Users\admin\.m2\repository\org\slf4j\slf4j-api\2.0.7\slf4j-api-2.0.7.jar;C:\Users\admin\.m2\repository\org\springframework\spring-aspects\6.0.10\spring-aspects-6.0.10.jar;C:\Users\admin\.m2\repository\org\springframework\boot\spring-boot-starter-data-rest\3.1.1\spring-boot-starter-data-rest-3.1.1.jar;C:\Users\admin\.m2\repository\org\springframework\data\spring-data-rest-webmvc\4.1.1\spring-data-rest-webmvc-4.1.1.jar;C:\Users\admin\.m2\repository\org\springframework\data\spring-data-rest-core\4.1.1\spring-data-rest-core-4.1.1.jar;C:\Users\admin\.m2\repository\org\springframework\hateoas\spring-hateoas\2.1.0\spring-hateoas-2.1.0.jar;C:\Users\admin\.m2\repository\org\springframework\plugin\spring-plugin-core\3.0.0\spring-plugin-core-3.0.0.jar;C:\Users\admin\.m2\repository\org\atteo\evo-inflector\1.3\evo-inflector-1.3.jar;C:\Users\admin\.m2\repository\com\fasterxml\jackson\core\jackson-databind\2.15.2\jackson-databind-2.15.2.jar;C:\Users\admin\.m2\repository\com\fasterxml\jackson\core\jackson-core\2.15.2\jackson-core-2.15.2.jar;C:\Users\admin\.m2\repository\com\fasterxml\jackson\core\jackson-annotations\2.15.2\jackson-annotations-2.15.2.jar;C:\Users\admin\.m2\repository\org\springframework\boot\spring-boot-starter-thymeleaf\3.1.1\spring-boot-starter-thymeleaf-3.1.1.jar;C:\Users\admin\.m2\repository\org\springframework\boot\spring-boot-starter\3.1.1\spring-boot-starter-3.1.1.jar;C:\Users\admin\.m2\repository\org\springframework\boot\spring-boot\3.1.1\spring-boot-3.1.1.jar;C:\Users\admin\.m2\repository\org\springframework\boot\spring-boot-autoconfigure\3.1.1\spring-boot-autoconfigure-3.1.1.jar;C:\Users\admin\.m2\repository\org\springframework\boot\spring-boot-starter-logging\3.1.1\spring-boot-starter-logging-3.1.1.jar;C:\Users\admin\.m2\repository\ch\qos\logback\logback-classic\1.4.8\logback-classic-1.4.8.jar;C:\Users\admin\.m2\repository\ch\qos\logback\logback-core\1.4.8\logback-core-1.4.8.jar;C:\Users\admin\.m2\repository\org\apache\logging\log4j\log4j-to-slf4j\2.20.0\log4j-to-slf4j-2.20.0.jar;C:\Users\admin\.m2\repository\org\apache\logging\log4j\log4j-api\2.20.0\log4j-api-2.20.0.jar;C:\Users\admin\.m2\repository\org\slf4j\jul-to-slf4j\2.0.7\jul-to-slf4j-2.0.7.jar;C:\Users\admin\.m2\repository\org\yaml\snakeyaml\1.33\snakeyaml-1.33.jar;C:\Users\admin\.m2\repository\org\thymeleaf\thymeleaf-spring6\3.1.1.RELEASE\thymeleaf-spring6-3.1.1.RELEASE.jar;C:\Users\admin\.m2\repository\org\thymeleaf\thymeleaf\3.1.1.RELEASE\thymeleaf-3.1.1.RELEASE.jar;C:\Users\admin\.m2\repository\org\attoparser\attoparser\2.0.6.RELEASE\attoparser-2.0.6.RELEASE.jar;C:\Users\admin\.m2\repository\org\unbescape\unbescape\1.1.6.RELEASE\unbescape-1.1.6.RELEASE.jar;C:\Users\admin\.m2\repository\org\springframework\boot\spring-boot-starter-web\3.1.1\spring-boot-starter-web-3.1.1.jar;C:\Users\admin\.m2\repository\org\springframework\boot\spring-boot-starter-json\3.1.1\spring-boot-starter-json-3.1.1.jar;C:\Users\admin\.m2\repository\com\fasterxml\jackson\datatype\jackson-datatype-jdk8\2.15.2\jackson-datatype-jdk8-2.15.2.jar;C:\Users\admin\.m2\repository\com\fasterxml\jackson\datatype\jackson-datatype-jsr310\2.15.2\jackson-datatype-jsr310-2.15.2.jar;C:\Users\admin\.m2\repository\com\fasterxml\jackson\module\jackson-module-parameter-names\2.15.2\jackson-module-parameter-names-2.15.2.jar;C:\Users\admin\.m2\repository\org\springframework\boot\spring-boot-starter-tomcat\3.1.1\spring-boot-starter-tomcat-3.1.1.jar;C:\Users\admin\.m2\repository\org\apache\tomcat\embed\tomcat-embed-core\10.1.10\tomcat-embed-core-10.1.10.jar;C:\Users\admin\.m2\repository\org\apache\tomcat\embed\tomcat-embed-websocket\10.1.10\tomcat-embed-websocket-10.1.10.jar;C:\Users\admin\.m2\repository\org\springframework\spring-web\6.0.10\spring-web-6.0.10.jar;C:\Users\admin\.m2\repository\io\micrometer\micrometer-observation\1.11.1\micrometer-observation-1.11.1.jar;C:\Users\admin\.m2\repository\io\micrometer\micrometer-commons\1.11.1\micrometer-commons-1.11.1.jar;C:\Users\admin\.m2\repository\org\springframework\spring-webmvc\6.0.10\spring-webmvc-6.0.10.jar;C:\Users\admin\.m2\repository\org\springframework\spring-expression\6.0.10\spring-expression-6.0.10.jar;C:\Users\admin\.m2\repository\org\springframework\boot\spring-boot-starter-web-services\3.1.1\spring-boot-starter-web-services-3.1.1.jar;C:\Users\admin\.m2\repository\com\sun\xml\messaging\saaj\saaj-impl\3.0.2\saaj-impl-3.0.2.jar;C:\Users\admin\.m2\repository\jakarta\xml\soap\jakarta.xml.soap-api\3.0.0\jakarta.xml.soap-api-3.0.0.jar;C:\Users\admin\.m2\repository\org\jvnet\staxex\stax-ex\2.1.0\stax-ex-2.1.0.jar;C:\Users\admin\.m2\repository\jakarta\activation\jakarta.activation-api\2.1.2\jakarta.activation-api-2.1.2.jar;C:\Users\admin\.m2\repository\org\eclipse\angus\angus-activation\2.0.1\angus-activation-2.0.1.jar;C:\Users\admin\.m2\repository\jakarta\xml\ws\jakarta.xml.ws-api\4.0.0\jakarta.xml.ws-api-4.0.0.jar;C:\Users\admin\.m2\repository\org\springframework\spring-oxm\6.0.10\spring-oxm-6.0.10.jar;C:\Users\admin\.m2\repository\org\springframework\ws\spring-ws-core\4.0.5\spring-ws-core-4.0.5.jar;C:\Users\admin\.m2\repository\org\springframework\ws\spring-xml\4.0.5\spring-xml-4.0.5.jar;C:\Users\admin\.m2\repository\com\h2database\h2\2.1.214\h2-2.1.214.jar;C:\Users\admin\.m2\repository\org\projectlombok\lombok\1.18.28\lombok-1.18.28.jar;C:\Users\admin\.m2\repository\org\springframework\boot\spring-boot-starter-test\3.1.1\spring-boot-starter-test-3.1.1.jar;C:\Users\admin\.m2\repository\org\springframework\boot\spring-boot-test\3.1.1\spring-boot-test-3.1.1.jar;C:\Users\admin\.m2\repository\org\springframework\boot\spring-boot-test-autoconfigure\3.1.1\spring-boot-test-autoconfigure-3.1.1.jar;C:\Users\admin\.m2\repository\com\jayway\jsonpath\json-path\2.8.0\json-path-2.8.0.jar;C:\Users\admin\.m2\repository\jakarta\xml\bind\jakarta.xml.bind-api\4.0.0\jakarta.xml.bind-api-4.0.0.jar;C:\Users\admin\.m2\repository\net\minidev\json-smart\2.4.11\json-smart-2.4.11.jar;C:\Users\admin\.m2\repository\net\minidev\accessors-smart\2.4.11\accessors-smart-2.4.11.jar;C:\Users\admin\.m2\repository\org\ow2\asm\asm\9.3\asm-9.3.jar;C:\Users\admin\.m2\repository\org\assertj\assertj-core\3.24.2\assertj-core-3.24.2.jar;C:\Users\admin\.m2\repository\org\hamcrest\hamcrest\2.2\hamcrest-2.2.jar;C:\Users\admin\.m2\repository\org\junit\jupiter\junit-jupiter\5.9.3\junit-jupiter-5.9.3.jar;C:\Users\admin\.m2\repository\org\junit\jupiter\junit-jupiter-api\5.9.3\junit-jupiter-api-5.9.3.jar;C:\Users\admin\.m2\repository\org\opentest4j\opentest4j\1.2.0\opentest4j-1.2.0.jar;C:\Users\admin\.m2\repository\org\junit\platform\junit-platform-commons\1.9.3\junit-platform-commons-1.9.3.jar;C:\Users\admin\.m2\repository\org\apiguardian\apiguardian-api\1.1.2\apiguardian-api-1.1.2.jar;C:\Users\admin\.m2\repository\org\junit\jupiter\junit-jupiter-params\5.9.3\junit-jupiter-params-5.9.3.jar;C:\Users\admin\.m2\repository\org\junit\jupiter\junit-jupiter-engine\5.9.3\junit-jupiter-engine-5.9.3.jar;C:\Users\admin\.m2\repository\org\junit\platform\junit-platform-engine\1.9.3\junit-platform-engine-1.9.3.jar;C:\Users\admin\.m2\repository\org\mockito\mockito-core\5.3.1\mockito-core-5.3.1.jar;C:\Users\admin\.m2\repository\net\bytebuddy\byte-buddy-agent\1.14.5\byte-buddy-agent-1.14.5.jar;C:\Users\admin\.m2\repository\org\objenesis\objenesis\3.3\objenesis-3.3.jar;C:\Users\admin\.m2\repository\org\mockito\mockito-junit-jupiter\5.3.1\mockito-junit-jupiter-5.3.1.jar;C:\Users\admin\.m2\repository\org\skyscreamer\jsonassert\1.5.1\jsonassert-1.5.1.jar;C:\Users\admin\.m2\repository\com\vaadin\external\google\android-json\0.0.20131108.vaadin1\android-json-0.0.20131108.vaadin1.jar;C:\Users\admin\.m2\repository\org\springframework\spring-core\6.0.10\spring-core-6.0.10.jar;C:\Users\admin\.m2\repository\org\springframework\spring-jcl\6.0.10\spring-jcl-6.0.10.jar;C:\Users\admin\.m2\repository\org\springframework\spring-test\6.0.10\spring-test-6.0.10.jar;C:\Users\admin\.m2\repository\org\xmlunit\xmlunit-core\2.9.1\xmlunit-core-2.9.1.jar;C:\Users\admin\.m2\repository\org\springframework\restdocs\spring-restdocs-mockmvc\3.0.0\spring-restdocs-mockmvc-3.0.0.jar;C:\Users\admin\.m2\repository\org\springframework\restdocs\spring-restdocs-core\3.0.0\spring-restdocs-core-3.0.0.jar;C:\Users\admin\.m2\repository\jakarta\servlet\jakarta.servlet-api\6.0.0\jakarta.servlet-api-6.0.0.jar;C:\Users\admin\.m2\repository\org\springframework\boot\spring-boot-starter-validation\3.1.1\spring-boot-starter-validation-3.1.1.jar;C:\Users\admin\.m2\repository\org\apache\tomcat\embed\tomcat-embed-el\10.1.10\tomcat-embed-el-10.1.10.jar;C:\Users\admin\.m2\repository\org\hibernate\validator\hibernate-validator\8.0.0.Final\hibernate-validator-8.0.0.Final.jar;C:\Users\admin\.m2\repository\jakarta\validation\jakarta.validation-api\3.0.2\jakarta.validation-api-3.0.2.jar
Launcher Type: SUN_STANDARD

[Global flags]
     intx CICompilerCount                          = 4                                         {product} {ergonomic}
     uint ConcGCThreads                            = 2                                         {product} {ergonomic}
     uint G1ConcRefinementThreads                  = 8                                         {product} {ergonomic}
   size_t G1HeapRegionSize                         = 1048576                                   {product} {ergonomic}
    uintx GCDrainStackTargetSize                   = 64                                        {product} {ergonomic}
   size_t InitialHeapSize                          = 134217728                                 {product} {ergonomic}
   size_t MarkStackSize                            = 4194304                                   {product} {ergonomic}
   size_t MaxHeapSize                              = 2116026368                                {product} {ergonomic}
   size_t MaxNewSize                               = 1268776960                                {product} {ergonomic}
   size_t MinHeapDeltaBytes                        = 1048576                                   {product} {ergonomic}
   size_t MinHeapSize                              = 8388608                                   {product} {ergonomic}
    uintx NonNMethodCodeHeapSize                   = 5839372                                {pd product} {ergonomic}
    uintx NonProfiledCodeHeapSize                  = 122909434                              {pd product} {ergonomic}
    uintx ProfiledCodeHeapSize                     = 122909434                              {pd product} {ergonomic}
    uintx ReservedCodeCacheSize                    = 251658240                              {pd product} {ergonomic}
     bool SegmentedCodeCache                       = true                                      {product} {ergonomic}
   size_t SoftMaxHeapSize                          = 2116026368                             {manageable} {ergonomic}
     bool UseCompressedClassPointers               = true                           {product lp64_product} {ergonomic}
     bool UseCompressedOops                        = true                           {product lp64_product} {ergonomic}
     bool UseG1GC                                  = true                                      {product} {ergonomic}
     bool UseLargePagesIndividualAllocation        = false                                  {pd product} {ergonomic}

Logging:
Log output configuration:
 #0: stdout all=warning uptime,level,tags foldmultilines=false
 #1: stderr all=off uptime,level,tags foldmultilines=false

Environment Variables:
JAVA_HOME=C:\Program Files\Java\jdk-20
PATH=C:\Program Files\Common Files\Oracle\Java\javapath;C:\Program Files (x86)\Common Files\Oracle\Java\javapath;C:\WINDOWS\system32;C:\WINDOWS;C:\WINDOWS\System32\Wbem;C:\WINDOWS\System32\WindowsPowerShell\v1.0\;C:\WINDOWS\System32\OpenSSH\;C:\Program Files\dotnet\;C:\Program Files (x86)\Intel\Intel(R) Management Engine Components\DAL;C:\Program Files\Intel\Intel(R) Management Engine Components\DAL;C:\Program Files\Git\cmd;C:\Program Files\nodejs\;C:\Program Files\Java\jdk-20\bin;C:\Users\admin\Downloads\apache-maven-3.9.1-bin\apache-maven-3.9.1\bin;C:\Users\admin\AppData\Local\Microsoft\WindowsApps;C:\Users\admin\AppData\Local\Programs\Microsoft VS Code\bin;C:\Users\admin\AppData\Roaming\npm;%JAVA_HOME\bin%;;C:\Program Files\JetBrains\IntelliJ IDEA 2023.1.1\bin;
USERNAME=admin
OS=Windows_NT
PROCESSOR_IDENTIFIER=Intel64 Family 6 Model 142 Stepping 10, GenuineIntel
TMP=C:\Users\admin\AppData\Local\Temp
TEMP=C:\Users\admin\AppData\Local\Temp




---------------  S Y S T E M  ---------------

OS:
 Windows 10 , 64 bit Build 19041 (10.0.19041.3031)
OS uptime: 1 days 8:45 hours
Hyper-V role detected

CPU: total 8 (initial active 8) (4 cores per cpu, 2 threads per core) family 6 model 142 stepping 10 microcode 0xf0, cx8, cmov, fxsr, ht, mmx, 3dnowpref, sse, sse2, sse3, ssse3, sse4.1, sse4.2, popcnt, lzcnt, tsc, tscinvbit, avx, avx2, aes, erms, clmul, bmi1, bmi2, rtm, adx, fma, vzeroupper, clflush, clflushopt, hv, rdtscp, f16c

Memory: 4k page, system-wide physical 8067M (1069M free)
TotalPageFile size 9067M (AvailPageFile size 7M)
current process WorkingSet (physical memory assigned to process): 126M, peak: 129M
current process commit charge ("private bytes"): 259M, peak: 262M

vm_info: Java HotSpot(TM) 64-Bit Server VM (20.0.1+9-29) for windows-amd64 JRE (20.0.1+9-29), built on 2023-03-07T13:56:11Z by "mach5one" with MS VC++ 17.1 (VS2022)

END.
